TN:
SF:/usr/include/c++/8/bits/alloc_traits.h
FN:435,_ZNSt16allocator_traitsISaISt5tupleIJddEEEE8allocateERS2_m
FN:435,_ZNSt16allocator_traitsISaISt5tupleIJS0_IJddEES1_S0_IJiiEEEEEE8allocateERS4_m
FN:435,_ZNSt16allocator_traitsISaISt5tupleIJdS0_IJddEEEEEE8allocateERS3_m
FN:435,_ZNSt16allocator_traitsISaISt5tupleIJiiEEEE8allocateERS2_m
FN:461,_ZNSt16allocator_traitsISaISt5tupleIJddEEEE10deallocateERS2_PS1_m
FN:461,_ZNSt16allocator_traitsISaISt5tupleIJiiEEEE10deallocateERS2_PS1_m
FN:461,_ZNSt16allocator_traitsISaISt5tupleIJdS0_IJddEEEEEE10deallocateERS3_PS2_m
FN:461,_ZNSt16allocator_traitsISaISt5tupleIJS0_IJddEES1_S0_IJiiEEEEEE10deallocateERS4_PS3_m
FN:474,_ZNSt16allocator_traitsISaISt5tupleIJiiEEEE9constructIS1_JRKS1_EEEvRS2_PT_DpOT0_
FN:474,_ZNSt16allocator_traitsISaISt5tupleIJS0_IJddEES1_S0_IJiiEEEEEE9constructIS3_JRKS3_EEEvRS4_PT_DpOT0_
FN:474,_ZNSt16allocator_traitsISaISt5tupleIJddEEEE9constructIS1_JRKS1_EEEvRS2_PT_DpOT0_
FN:486,_ZNSt16allocator_traitsISaISt5tupleIJiiEEEE7destroyIS1_EEvRS2_PT_
FN:486,_ZNSt16allocator_traitsISaISt5tupleIJddEEEE7destroyIS1_EEvRS2_PT_
FN:486,_ZNSt16allocator_traitsISaISt5tupleIJS0_IJddEES1_S0_IJiiEEEEEE7destroyIS3_EEvRS4_PT_
FN:495,_ZNSt16allocator_traitsISaISt5tupleIJS0_IJddEES1_S0_IJiiEEEEEE8max_sizeERKS4_
FN:495,_ZNSt16allocator_traitsISaISt5tupleIJddEEEE8max_sizeERKS2_
FN:495,_ZNSt16allocator_traitsISaISt5tupleIJiiEEEE8max_sizeERKS2_
FN:504,_ZNSt16allocator_traitsISaISt5tupleIJS0_IJddEES1_S0_IJiiEEEEEE37select_on_container_copy_constructionERKS4_
FN:504,_ZNSt16allocator_traitsISaISt5tupleIJdS0_IJddEEEEEE37select_on_container_copy_constructionERKS3_
FN:516,_ZSt18__do_alloc_on_copyISaISt5tupleIJddEEEEvRT_RKS3_St17integral_constantIbLb0EE
FN:516,_ZSt18__do_alloc_on_copyISaISt5tupleIJdS0_IJddEEEEEEvRT_RKS4_St17integral_constantIbLb0EE
FN:520,_ZSt15__alloc_on_copyISaISt5tupleIJdS0_IJddEEEEEEvRT_RKS4_
FN:520,_ZSt15__alloc_on_copyISaISt5tupleIJddEEEEvRT_RKS3_
FNDA:16,_ZNSt16allocator_traitsISaISt5tupleIJiiEEEE8allocateERS2_m
FNDA:106,_ZNSt16allocator_traitsISaISt5tupleIJS0_IJddEES1_S0_IJiiEEEEEE8allocateERS4_m
FNDA:302,_ZNSt16allocator_traitsISaISt5tupleIJdS0_IJddEEEEEE8allocateERS3_m
FNDA:0,_ZNSt16allocator_traitsISaISt5tupleIJddEEEE8allocateERS2_m
FNDA:16,_ZNSt16allocator_traitsISaISt5tupleIJiiEEEE10deallocateERS2_PS1_m
FNDA:106,_ZNSt16allocator_traitsISaISt5tupleIJS0_IJddEES1_S0_IJiiEEEEEE10deallocateERS4_PS3_m
FNDA:302,_ZNSt16allocator_traitsISaISt5tupleIJdS0_IJddEEEEEE10deallocateERS3_PS2_m
FNDA:0,_ZNSt16allocator_traitsISaISt5tupleIJddEEEE10deallocateERS2_PS1_m
FNDA:20,_ZNSt16allocator_traitsISaISt5tupleIJiiEEEE9constructIS1_JRKS1_EEEvRS2_PT_DpOT0_
FNDA:487,_ZNSt16allocator_traitsISaISt5tupleIJS0_IJddEES1_S0_IJiiEEEEEE9constructIS3_JRKS3_EEEvRS4_PT_DpOT0_
FNDA:8,_ZNSt16allocator_traitsISaISt5tupleIJddEEEE9constructIS1_JRKS1_EEEvRS2_PT_DpOT0_
FNDA:0,_ZNSt16allocator_traitsISaISt5tupleIJiiEEEE7destroyIS1_EEvRS2_PT_
FNDA:0,_ZNSt16allocator_traitsISaISt5tupleIJS0_IJddEES1_S0_IJiiEEEEEE7destroyIS3_EEvRS4_PT_
FNDA:0,_ZNSt16allocator_traitsISaISt5tupleIJddEEEE7destroyIS1_EEvRS2_PT_
FNDA:30,_ZNSt16allocator_traitsISaISt5tupleIJiiEEEE8max_sizeERKS2_
FNDA:104,_ZNSt16allocator_traitsISaISt5tupleIJS0_IJddEES1_S0_IJiiEEEEEE8max_sizeERKS4_
FNDA:16,_ZNSt16allocator_traitsISaISt5tupleIJddEEEE8max_sizeERKS2_
FNDA:54,_ZNSt16allocator_traitsISaISt5tupleIJS0_IJddEES1_S0_IJiiEEEEEE37select_on_container_copy_constructionERKS4_
FNDA:220,_ZNSt16allocator_traitsISaISt5tupleIJdS0_IJddEEEEEE37select_on_container_copy_constructionERKS3_
FNDA:0,_ZSt18__do_alloc_on_copyISaISt5tupleIJdS0_IJddEEEEEEvRT_RKS4_St17integral_constantIbLb0EE
FNDA:0,_ZSt18__do_alloc_on_copyISaISt5tupleIJddEEEEvRT_RKS3_St17integral_constantIbLb0EE
FNDA:0,_ZSt15__alloc_on_copyISaISt5tupleIJdS0_IJddEEEEEEvRT_RKS4_
FNDA:0,_ZSt15__alloc_on_copyISaISt5tupleIJddEEEEvRT_RKS3_
FNF:23
FNH:14
DA:435,424
DA:436,424
DA:461,424
DA:462,424
DA:474,515
DA:475,515
DA:486,0
DA:487,0
DA:495,150
DA:496,150
DA:504,274
DA:505,274
DA:516,0
DA:517,0
DA:520,0
DA:524,0
DA:525,0
LF:17
LH:10
end_of_record
SF:/usr/include/c++/8/ext/alloc_traits.h
FN:94,_ZN9__gnu_cxx14__alloc_traitsISaISt5tupleIJdS1_IJddEEEEES3_E17_S_select_on_copyERKS4_
FN:94,_ZN9__gnu_cxx14__alloc_traitsISaISt5tupleIJS1_IJddEES2_S1_IJiiEEEEES4_E17_S_select_on_copyERKS5_
FN:100,_ZN9__gnu_cxx14__alloc_traitsISaISt5tupleIJdS1_IJddEEEEES3_E27_S_propagate_on_copy_assignEv
FN:100,_ZN9__gnu_cxx14__alloc_traitsISaISt5tupleIJddEEES2_E27_S_propagate_on_copy_assignEv
FN:109,_ZN9__gnu_cxx14__alloc_traitsISaISt5tupleIJdS1_IJddEEEEES3_E15_S_always_equalEv
FN:109,_ZN9__gnu_cxx14__alloc_traitsISaISt5tupleIJddEEES2_E15_S_always_equalEv
FNDA:54,_ZN9__gnu_cxx14__alloc_traitsISaISt5tupleIJS1_IJddEES2_S1_IJiiEEEEES4_E17_S_select_on_copyERKS5_
FNDA:220,_ZN9__gnu_cxx14__alloc_traitsISaISt5tupleIJdS1_IJddEEEEES3_E17_S_select_on_copyERKS4_
FNDA:18,_ZN9__gnu_cxx14__alloc_traitsISaISt5tupleIJdS1_IJddEEEEES3_E27_S_propagate_on_copy_assignEv
FNDA:3,_ZN9__gnu_cxx14__alloc_traitsISaISt5tupleIJddEEES2_E27_S_propagate_on_copy_assignEv
FNDA:0,_ZN9__gnu_cxx14__alloc_traitsISaISt5tupleIJdS1_IJddEEEEES3_E15_S_always_equalEv
FNDA:0,_ZN9__gnu_cxx14__alloc_traitsISaISt5tupleIJddEEES2_E15_S_always_equalEv
FNF:6
FNH:4
DA:94,274
DA:95,274
DA:100,21
DA:101,21
DA:109,0
DA:110,0
LF:6
LH:4
end_of_record
SF:/usr/include/c++/8/bits/allocator.h
FN:131,_ZNSaISt5tupleIJddEEEC2Ev
FN:131,_ZNSaISt5tupleIJiiEEEC2Ev
FN:131,_ZNSaISt5tupleIJdS_IJddEEEEEC2Ev
FN:131,_ZNSaISt5tupleIJS_IJddEES0_S_IJiiEEEEEC2Ev
FN:133,_ZNSaISt5tupleIJS_IJddEES0_S_IJiiEEEEEC2ERKS3_
FN:133,_ZNSaISt5tupleIJdS_IJddEEEEEC2ERKS2_
FN:139,_ZNSaISt5tupleIJS_IJddEES0_S_IJiiEEEEED2Ev
FN:139,_ZNSaISt5tupleIJddEEED2Ev
FN:139,_ZNSaISt5tupleIJiiEEED2Ev
FN:139,_ZNSaISt5tupleIJdS_IJddEEEEED2Ev
FN:164,_ZStneISt5tupleIJddEEEbRKSaIT_ES5_
FN:164,_ZStneISt5tupleIJdS0_IJddEEEEEbRKSaIT_ES6_
FNDA:7,_ZNSaISt5tupleIJiiEEEC2Ev
FNDA:10,_ZNSaISt5tupleIJS_IJddEES0_S_IJiiEEEEEC2Ev
FNDA:49,_ZNSaISt5tupleIJdS_IJddEEEEEC2Ev
FNDA:0,_ZNSaISt5tupleIJddEEEC2Ev
FNDA:108,_ZNSaISt5tupleIJS_IJddEES0_S_IJiiEEEEEC2ERKS3_
FNDA:472,_ZNSaISt5tupleIJdS_IJddEEEEEC2ERKS2_
FNDA:8,_ZNSaISt5tupleIJiiEEED2Ev
FNDA:0,_ZNSaISt5tupleIJddEEED2Ev
FNDA:118,_ZNSaISt5tupleIJS_IJddEES0_S_IJiiEEEEED2Ev
FNDA:521,_ZNSaISt5tupleIJdS_IJddEEEEED2Ev
FNDA:0,_ZStneISt5tupleIJdS0_IJddEEEEEbRKSaIT_ES6_
FNDA:0,_ZStneISt5tupleIJddEEEbRKSaIT_ES5_
FNF:12
FNH:8
DA:131,66
DA:133,580
DA:134,580
DA:139,647
DA:164,0
DA:166,0
LF:6
LH:4
end_of_record
SF:/usr/include/c++/8/bits/cpp_type_traits.h
FN:419,_ZSt12__miter_baseIN9__gnu_cxx17__normal_iteratorIPKSt5tupleIJddEESt6vectorIS3_SaIS3_EEEEET_SA_
FN:419,_ZSt12__miter_baseIN9__gnu_cxx17__normal_iteratorIPKSt5tupleIJdS2_IJddEEEESt6vectorIS4_SaIS4_EEEEET_SB_
FN:419,_ZSt12__miter_baseIPSt5tupleIJdS0_IJddEEEEET_S4_
FN:419,_ZSt12__miter_baseIPSt5tupleIJddEEET_S3_
FNDA:0,_ZSt12__miter_baseIPSt5tupleIJdS0_IJddEEEEET_S4_
FNDA:26,_ZSt12__miter_baseIN9__gnu_cxx17__normal_iteratorIPKSt5tupleIJdS2_IJddEEEESt6vectorIS4_SaIS4_EEEEET_SB_
FNDA:0,_ZSt12__miter_baseIPSt5tupleIJddEEET_S3_
FNDA:4,_ZSt12__miter_baseIN9__gnu_cxx17__normal_iteratorIPKSt5tupleIJddEESt6vectorIS3_SaIS3_EEEEET_SA_
FNF:4
FNH:2
DA:419,30
DA:420,30
LF:2
LH:2
end_of_record
SF:/usr/include/c++/8/bits/ios_base.h
FN:87,_ZStorSt13_Ios_FmtflagsS_
FN:99,_ZStoRRSt13_Ios_FmtflagsS_
FN:648,_ZNSt8ios_base4setfESt13_Ios_Fmtflags
FN:700,_ZNSt8ios_base9precisionEl
FNDA:1,_ZStorSt13_Ios_FmtflagsS_
FNDA:1,_ZStoRRSt13_Ios_FmtflagsS_
FNDA:1,_ZNSt8ios_base4setfESt13_Ios_Fmtflags
FNDA:1,_ZNSt8ios_base9precisionEl
FNF:4
FNH:4
DA:87,1
DA:88,1
DA:99,1
DA:100,1
DA:648,1
DA:650,1
DA:651,1
DA:652,1
DA:700,1
DA:702,1
DA:703,1
DA:704,1
LF:12
LH:12
end_of_record
SF:/usr/include/c++/8/bits/move.h
FN:47,_ZSt11__addressofISt5tupleIJiiEEEPT_RS2_
FN:47,_ZSt11__addressofISt5tupleIJS0_IJddEES1_S0_IJiiEEEEEPT_RS4_
FN:47,_ZSt11__addressofISt5tupleIJddEEEPT_RS2_
FN:47,_ZSt11__addressofISt5tupleIJdS0_IJddEEEEEPT_RS3_
FN:74,_ZSt7forwardISt5tupleIJddEEEOT_RNSt16remove_referenceIS2_E4typeE
FN:74,_ZSt7forwardISt5tupleIJiiEEEOT_RNSt16remove_referenceIS2_E4typeE
FN:74,_ZSt7forwardIdEOT_RNSt16remove_referenceIS0_E4typeE
FN:74,_ZSt7forwardIRdEOT_RNSt16remove_referenceIS1_E4typeE
FN:74,_ZSt7forwardIRSt5tupleIJddEEEOT_RNSt16remove_referenceIS3_E4typeE
FN:74,_ZSt7forwardIRKSt5tupleIJdS0_IJddEEEEEOT_RNSt16remove_referenceIS5_E4typeE
FN:74,_ZSt7forwardIiEOT_RNSt16remove_referenceIS0_E4typeE
FN:74,_ZSt7forwardIRSt5tupleIJdS0_IJddEEEEEOT_RNSt16remove_referenceIS4_E4typeE
FN:74,_ZSt7forwardIRKSt5tupleIJddEEEOT_RNSt16remove_referenceIS4_E4typeE
FN:74,_ZSt7forwardIRiEOT_RNSt16remove_referenceIS1_E4typeE
FN:74,_ZSt7forwardIRKSt5tupleIJS0_IJddEES1_S0_IJiiEEEEEOT_RNSt16remove_referenceIS6_E4typeE
FN:74,_ZSt7forwardISt5tupleIJS0_IJddEES1_S0_IJiiEEEEEOT_RNSt16remove_referenceIS4_E4typeE
FN:74,_ZSt7forwardIRSt5tupleIJiiEEEOT_RNSt16remove_referenceIS3_E4typeE
FN:74,_ZSt7forwardIRKSt5tupleIJiiEEEOT_RNSt16remove_referenceIS4_E4typeE
FN:99,_ZSt4moveIRSt5tupleIJiiEEEONSt16remove_referenceIT_E4typeEOS4_
FN:99,_ZSt4moveIRSt5tupleIJddEEEONSt16remove_referenceIT_E4typeEOS4_
FN:99,_ZSt4moveIRSt11_Tuple_implILm1EJSt5tupleIJddEES1_IJiiEEEEEONSt16remove_referenceIT_E4typeEOS7_
FN:99,_ZSt4moveIRSt11_Tuple_implILm1EJdEEEONSt16remove_referenceIT_E4typeEOS4_
FN:99,_ZSt4moveIRSt11_Tuple_implILm2EJSt5tupleIJiiEEEEEONSt16remove_referenceIT_E4typeEOS6_
FN:99,_ZSt4moveIRSt11_Tuple_implILm1EJiEEEONSt16remove_referenceIT_E4typeEOS4_
FNDA:19,_ZSt11__addressofISt5tupleIJiiEEEPT_RS2_
FNDA:1275,_ZSt11__addressofISt5tupleIJS0_IJddEES1_S0_IJiiEEEEEPT_RS4_
FNDA:0,_ZSt11__addressofISt5tupleIJddEEEPT_RS2_
FNDA:1105,_ZSt11__addressofISt5tupleIJdS0_IJddEEEEEPT_RS3_
FNDA:807,_ZSt7forwardISt5tupleIJS0_IJddEES1_S0_IJiiEEEEEOT_RNSt16remove_referenceIS4_E4typeE
FNDA:0,_ZSt7forwardIRSt5tupleIJdS0_IJddEEEEEOT_RNSt16remove_referenceIS4_E4typeE
FNDA:1004,_ZSt7forwardIRKSt5tupleIJdS0_IJddEEEEEOT_RNSt16remove_referenceIS5_E4typeE
FNDA:59,_ZSt7forwardIRKSt5tupleIJiiEEEOT_RNSt16remove_referenceIS4_E4typeE
FNDA:1494,_ZSt7forwardIRKSt5tupleIJS0_IJddEES1_S0_IJiiEEEEEOT_RNSt16remove_referenceIS6_E4typeE
FNDA:0,_ZSt7forwardIRKSt5tupleIJddEEEOT_RNSt16remove_referenceIS4_E4typeE
FNDA:3605,_ZSt7forwardISt5tupleIJddEEEOT_RNSt16remove_referenceIS2_E4typeE
FNDA:1629,_ZSt7forwardISt5tupleIJiiEEEOT_RNSt16remove_referenceIS2_E4typeE
FNDA:2922,_ZSt7forwardIRSt5tupleIJiiEEEOT_RNSt16remove_referenceIS3_E4typeE
FNDA:5348,_ZSt7forwardIRSt5tupleIJddEEEOT_RNSt16remove_referenceIS3_E4typeE
FNDA:11887,_ZSt7forwardIRdEOT_RNSt16remove_referenceIS1_E4typeE
FNDA:3409,_ZSt7forwardIRiEOT_RNSt16remove_referenceIS1_E4typeE
FNDA:3579,_ZSt7forwardIiEOT_RNSt16remove_referenceIS0_E4typeE
FNDA:7600,_ZSt7forwardIdEOT_RNSt16remove_referenceIS0_E4typeE
FNDA:807,_ZSt4moveIRSt11_Tuple_implILm1EJSt5tupleIJddEES1_IJiiEEEEEONSt16remove_referenceIT_E4typeEOS7_
FNDA:3,_ZSt4moveIRSt5tupleIJddEEEONSt16remove_referenceIT_E4typeEOS4_
FNDA:866,_ZSt4moveIRSt11_Tuple_implILm1EJiEEEONSt16remove_referenceIT_E4typeEOS4_
FNDA:44,_ZSt4moveIRSt5tupleIJiiEEEONSt16remove_referenceIT_E4typeEOS4_
FNDA:1809,_ZSt4moveIRSt11_Tuple_implILm1EJdEEEONSt16remove_referenceIT_E4typeEOS4_
FNDA:807,_ZSt4moveIRSt11_Tuple_implILm2EJSt5tupleIJiiEEEEEONSt16remove_referenceIT_E4typeEOS6_
FNF:24
FNH:21
DA:47,2399
DA:48,2399
DA:74,43343
DA:75,43343
DA:99,4336
DA:100,4336
LF:6
LH:6
end_of_record
SF:/usr/include/c++/8/new
FN:168,_ZnwmPv
FNDA:0,_ZnwmPv
FNF:1
FNH:0
DA:168,0
DA:169,0
LF:2
LH:0
end_of_record
SF:/usr/include/c++/8/ext/new_allocator.h
FN:79,_ZN9__gnu_cxx13new_allocatorISt5tupleIJddEEEC2Ev
FN:79,_ZN9__gnu_cxx13new_allocatorISt5tupleIJS1_IJddEES2_S1_IJiiEEEEEC2Ev
FN:79,_ZN9__gnu_cxx13new_allocatorISt5tupleIJdS1_IJddEEEEEC2Ev
FN:79,_ZN9__gnu_cxx13new_allocatorISt5tupleIJiiEEEC2Ev
FN:81,_ZN9__gnu_cxx13new_allocatorISt5tupleIJS1_IJddEES2_S1_IJiiEEEEEC2ERKS5_
FN:81,_ZN9__gnu_cxx13new_allocatorISt5tupleIJdS1_IJddEEEEEC2ERKS4_
FN:86,_ZN9__gnu_cxx13new_allocatorISt5tupleIJS1_IJddEES2_S1_IJiiEEEEED2Ev
FN:86,_ZN9__gnu_cxx13new_allocatorISt5tupleIJdS1_IJddEEEEED2Ev
FN:86,_ZN9__gnu_cxx13new_allocatorISt5tupleIJddEEED2Ev
FN:86,_ZN9__gnu_cxx13new_allocatorISt5tupleIJiiEEED2Ev
FN:99,_ZN9__gnu_cxx13new_allocatorISt5tupleIJdS1_IJddEEEEE8allocateEmPKv
FN:99,_ZN9__gnu_cxx13new_allocatorISt5tupleIJS1_IJddEES2_S1_IJiiEEEEE8allocateEmPKv
FN:99,_ZN9__gnu_cxx13new_allocatorISt5tupleIJddEEE8allocateEmPKv
FN:99,_ZN9__gnu_cxx13new_allocatorISt5tupleIJiiEEE8allocateEmPKv
FN:116,_ZN9__gnu_cxx13new_allocatorISt5tupleIJddEEE10deallocateEPS2_m
FN:116,_ZN9__gnu_cxx13new_allocatorISt5tupleIJiiEEE10deallocateEPS2_m
FN:116,_ZN9__gnu_cxx13new_allocatorISt5tupleIJdS1_IJddEEEEE10deallocateEPS3_m
FN:116,_ZN9__gnu_cxx13new_allocatorISt5tupleIJS1_IJddEES2_S1_IJiiEEEEE10deallocateEPS4_m
FN:129,_ZNK9__gnu_cxx13new_allocatorISt5tupleIJS1_IJddEES2_S1_IJiiEEEEE8max_sizeEv
FN:129,_ZNK9__gnu_cxx13new_allocatorISt5tupleIJdS1_IJddEEEEE8max_sizeEv
FN:129,_ZNK9__gnu_cxx13new_allocatorISt5tupleIJiiEEE8max_sizeEv
FN:129,_ZNK9__gnu_cxx13new_allocatorISt5tupleIJddEEE8max_sizeEv
FN:135,_ZN9__gnu_cxx13new_allocatorISt5tupleIJddEEE9constructIS2_JRKS2_EEEvPT_DpOT0_
FN:135,_ZN9__gnu_cxx13new_allocatorISt5tupleIJiiEEE9constructIS2_JRKS2_EEEvPT_DpOT0_
FN:135,_ZN9__gnu_cxx13new_allocatorISt5tupleIJS1_IJddEES2_S1_IJiiEEEEE9constructIS4_JRKS4_EEEvPT_DpOT0_
FN:140,_ZN9__gnu_cxx13new_allocatorISt5tupleIJddEEE7destroyIS2_EEvPT_
FN:140,_ZN9__gnu_cxx13new_allocatorISt5tupleIJS1_IJddEES2_S1_IJiiEEEEE7destroyIS4_EEvPT_
FN:140,_ZN9__gnu_cxx13new_allocatorISt5tupleIJiiEEE7destroyIS2_EEvPT_
FNDA:7,_ZN9__gnu_cxx13new_allocatorISt5tupleIJiiEEEC2Ev
FNDA:10,_ZN9__gnu_cxx13new_allocatorISt5tupleIJS1_IJddEES2_S1_IJiiEEEEEC2Ev
FNDA:49,_ZN9__gnu_cxx13new_allocatorISt5tupleIJdS1_IJddEEEEEC2Ev
FNDA:0,_ZN9__gnu_cxx13new_allocatorISt5tupleIJddEEEC2Ev
FNDA:108,_ZN9__gnu_cxx13new_allocatorISt5tupleIJS1_IJddEES2_S1_IJiiEEEEEC2ERKS5_
FNDA:472,_ZN9__gnu_cxx13new_allocatorISt5tupleIJdS1_IJddEEEEEC2ERKS4_
FNDA:8,_ZN9__gnu_cxx13new_allocatorISt5tupleIJiiEEED2Ev
FNDA:0,_ZN9__gnu_cxx13new_allocatorISt5tupleIJddEEED2Ev
FNDA:118,_ZN9__gnu_cxx13new_allocatorISt5tupleIJS1_IJddEES2_S1_IJiiEEEEED2Ev
FNDA:521,_ZN9__gnu_cxx13new_allocatorISt5tupleIJdS1_IJddEEEEED2Ev
FNDA:16,_ZN9__gnu_cxx13new_allocatorISt5tupleIJiiEEE8allocateEmPKv
FNDA:106,_ZN9__gnu_cxx13new_allocatorISt5tupleIJS1_IJddEES2_S1_IJiiEEEEE8allocateEmPKv
FNDA:302,_ZN9__gnu_cxx13new_allocatorISt5tupleIJdS1_IJddEEEEE8allocateEmPKv
FNDA:0,_ZN9__gnu_cxx13new_allocatorISt5tupleIJddEEE8allocateEmPKv
FNDA:16,_ZN9__gnu_cxx13new_allocatorISt5tupleIJiiEEE10deallocateEPS2_m
FNDA:106,_ZN9__gnu_cxx13new_allocatorISt5tupleIJS1_IJddEES2_S1_IJiiEEEEE10deallocateEPS4_m
FNDA:302,_ZN9__gnu_cxx13new_allocatorISt5tupleIJdS1_IJddEEEEE10deallocateEPS3_m
FNDA:0,_ZN9__gnu_cxx13new_allocatorISt5tupleIJddEEE10deallocateEPS2_m
FNDA:46,_ZNK9__gnu_cxx13new_allocatorISt5tupleIJiiEEE8max_sizeEv
FNDA:210,_ZNK9__gnu_cxx13new_allocatorISt5tupleIJS1_IJddEES2_S1_IJiiEEEEE8max_sizeEv
FNDA:392,_ZNK9__gnu_cxx13new_allocatorISt5tupleIJdS1_IJddEEEEE8max_sizeEv
FNDA:0,_ZNK9__gnu_cxx13new_allocatorISt5tupleIJddEEE8max_sizeEv
FNDA:20,_ZN9__gnu_cxx13new_allocatorISt5tupleIJiiEEE9constructIS2_JRKS2_EEEvPT_DpOT0_
FNDA:487,_ZN9__gnu_cxx13new_allocatorISt5tupleIJS1_IJddEES2_S1_IJiiEEEEE9constructIS4_JRKS4_EEEvPT_DpOT0_
FNDA:8,_ZN9__gnu_cxx13new_allocatorISt5tupleIJddEEE9constructIS2_JRKS2_EEEvPT_DpOT0_
FNDA:0,_ZN9__gnu_cxx13new_allocatorISt5tupleIJiiEEE7destroyIS2_EEvPT_
FNDA:0,_ZN9__gnu_cxx13new_allocatorISt5tupleIJS1_IJddEES2_S1_IJiiEEEEE7destroyIS4_EEvPT_
FNDA:0,_ZN9__gnu_cxx13new_allocatorISt5tupleIJddEEE7destroyIS2_EEvPT_
FNF:28
FNH:20
DA:79,66
DA:81,580
DA:86,647
DA:99,424
DA:101,424
DA:102,0
DA:111,424
DA:116,424
DA:125,424
DA:126,424
DA:129,648
DA:130,648
DA:135,515
DA:136,515
DA:140,0
LF:15
LH:13
end_of_record
SF:/home/leito-chan/Downloads/TPI/transporteUrbano/solucion.cpp
FN:12,_Z13ordenar_viajeSt6vectorISt5tupleIJdS0_IJddEEEESaIS2_EE
FN:24,_Z27obtener_indice_menor_tiempoSt6vectorISt5tupleIJdS0_IJddEEEESaIS2_EEii
FN:34,_Z20swap_elementos_viajeRSt6vectorISt5tupleIJdS0_IJddEEEESaIS2_EEii
FN:40,_Z9velocidadSt5tupleIJdS_IJddEEEES1_
FN:46,_Z21obtener_nombre_de_gpsSt5tupleIJddEESt6vectorIS_IJS0_S0_S_IJiiEEEESaIS3_EE
FN:65,_Z11es_cubiertoSt6vectorISt5tupleIJdS0_IJddEEEESaIS2_EEdd
FN:82,_Z25obtener_distancia_nombresSt5tupleIJiiEES0_
FN:90,_Z14escribirGrillaSt6vectorISt5tupleIJS0_IJddEES1_S0_IJiiEEEESaIS3_EENSt7__cxx1112basic_stringIcSt11char_traitsIcESaIcEEE
FN:113,_Z18escribirRecorridosSt6vectorIS_ISt5tupleIJddEESaIS1_EESaIS3_EENSt7__cxx1112basic_stringIcSt11char_traitsIcESaIcEEE
FN:131,_Z17excesoDeVelocidadSt6vectorISt5tupleIJdS0_IJddEEEESaIS2_EE
FN:143,_Z11tiempoTotalSt6vectorISt5tupleIJdS0_IJddEEEESaIS2_EE
FN:159,_Z14distanciaTotalSt6vectorISt5tupleIJdS0_IJddEEEESaIS2_EE
FN:170,_Z5flotaSt6vectorIS_ISt5tupleIJdS0_IJddEEEESaIS2_EESaIS4_EEdd
FN:183,_Z19recorridoNoCubiertoSt6vectorISt5tupleIJdS0_IJddEEEESaIS2_EES_IS1_SaIS1_EEd
FN:200,_Z15construirGrillaSt5tupleIJddEES0_ii
FN:220,_Z8aPalabraSt6vectorISt5tupleIJddEESaIS1_EES_IS0_IJS1_S1_S0_IJiiEEEESaIS5_EE
FN:230,_Z16cantidadDeSaltosSt6vectorISt5tupleIJS0_IJddEES1_S0_IJiiEEEESaIS3_EES_IS0_IJdS1_EESaIS6_EE
FN:245,_Z15completarHuecosRSt6vectorISt5tupleIJdS0_IJddEEEESaIS2_EES_IiSaIiEE
FNDA:18,_Z13ordenar_viajeSt6vectorISt5tupleIJdS0_IJddEEEESaIS2_EE
FNDA:75,_Z27obtener_indice_menor_tiempoSt6vectorISt5tupleIJdS0_IJddEEEESaIS2_EEii
FNDA:25,_Z20swap_elementos_viajeRSt6vectorISt5tupleIJdS0_IJddEEEESaIS2_EEii
FNDA:18,_Z9velocidadSt5tupleIJdS_IJddEEEES1_
FNDA:44,_Z21obtener_nombre_de_gpsSt5tupleIJddEESt6vectorIS_IJS0_S0_S_IJiiEEEESaIS3_EE
FNDA:18,_Z11es_cubiertoSt6vectorISt5tupleIJdS0_IJddEEEESaIS2_EEdd
FNDA:12,_Z25obtener_distancia_nombresSt5tupleIJiiEES0_
FNDA:0,_Z14escribirGrillaSt6vectorISt5tupleIJS0_IJddEES1_S0_IJiiEEEESaIS3_EENSt7__cxx1112basic_stringIcSt11char_traitsIcESaIcEEE
FNDA:1,_Z18escribirRecorridosSt6vectorIS_ISt5tupleIJddEESaIS1_EESaIS3_EENSt7__cxx1112basic_stringIcSt11char_traitsIcESaIcEEE
FNDA:4,_Z17excesoDeVelocidadSt6vectorISt5tupleIJdS0_IJddEEEESaIS2_EE
FNDA:4,_Z11tiempoTotalSt6vectorISt5tupleIJdS0_IJddEEEESaIS2_EE
FNDA:4,_Z14distanciaTotalSt6vectorISt5tupleIJdS0_IJddEEEESaIS2_EE
FNDA:6,_Z5flotaSt6vectorIS_ISt5tupleIJdS0_IJddEEEESaIS2_EESaIS4_EEdd
FNDA:7,_Z19recorridoNoCubiertoSt6vectorISt5tupleIJdS0_IJddEEEESaIS2_EES_IS1_SaIS1_EEd
FNDA:10,_Z15construirGrillaSt5tupleIJddEES0_ii
FNDA:6,_Z8aPalabraSt6vectorISt5tupleIJddEESaIS1_EES_IS0_IJS1_S1_S0_IJiiEEEESaIS5_EE
FNDA:4,_Z16cantidadDeSaltosSt6vectorISt5tupleIJS0_IJddEES1_S0_IJiiEEEESaIS3_EES_IS0_IJdS1_EESaIS6_EE
FNDA:5,_Z15completarHuecosRSt6vectorISt5tupleIJdS0_IJddEEEESaIS2_EES_IiSaIiEE
FNF:18
FNH:17
DA:12,18
DA:13,18
DA:15,93
DA:16,75
DA:17,75
DA:18,25
DA:21,18
DA:24,75
DA:25,75
DA:26,273
DA:27,198
DA:28,32
DA:31,75
DA:34,25
DA:35,25
DA:36,25
DA:37,25
DA:38,25
DA:40,18
DA:41,18
DA:42,18
DA:43,18
DA:46,44
DA:49,44
DA:50,151
DA:51,151
DA:52,151
DA:53,302
DA:54,151
DA:55,279
DA:56,128
DA:57,151
DA:58,44
DA:59,44
DA:62,44
DA:65,18
DA:66,18
DA:67,18
DA:68,72
DA:69,54
DA:70,36
DA:72,54
DA:73,37
DA:76,18
DA:77,9
DA:79,9
DA:82,12
DA:83,12
DA:84,12
DA:85,12
DA:90,0
DA:91,0
DA:92,0
DA:93,0
DA:94,0
DA:95,0
DA:96,0
DA:97,0
DA:98,0
DA:99,0
DA:100,0
DA:101,0
DA:103,0
DA:104,0
DA:105,0
DA:107,0
DA:108,0
DA:110,0
DA:111,0
DA:113,1
DA:114,2
DA:115,1
DA:116,1
DA:117,1
DA:118,2
DA:119,4
DA:120,3
DA:121,41
DA:122,38
DA:123,38
DA:124,38
DA:127,1
DA:128,1
DA:131,4
DA:132,8
DA:133,11
DA:134,9
DA:135,9
DA:136,2
DA:139,2
DA:143,4
DA:144,4
DA:145,4
DA:146,13
DA:147,9
DA:148,9
DA:149,6
DA:151,9
DA:152,1
DA:155,4
DA:159,4
DA:160,4
DA:161,4
DA:162,13
DA:163,9
DA:166,8
DA:170,6
DA:171,6
DA:172,6
DA:173,24
DA:174,18
DA:175,18
DA:176,9
DA:179,12
DA:183,7
DA:184,7
DA:185,69
DA:186,62
DA:187,634
DA:188,572
DA:189,54
DA:192,62
DA:193,8
DA:196,7
DA:200,10
DA:201,10
DA:202,10
DA:203,53
DA:204,530
DA:205,487
DA:206,487
DA:207,487
DA:208,487
DA:209,487
DA:210,487
DA:211,487
DA:212,487
DA:213,487
DA:216,10
DA:220,6
DA:221,6
DA:222,26
DA:223,20
DA:224,20
DA:226,6
DA:230,4
DA:231,4
DA:232,4
DA:234,16
DA:235,12
DA:236,12
DA:237,12
DA:238,12
DA:239,4
DA:242,8
DA:245,5
LF:156
LH:137
end_of_record
SF:/usr/include/c++/8/bits/std_abs.h
FN:70,_ZSt3absd
FNDA:9,_ZSt3absd
FNF:1
FNH:1
DA:70,9
DA:71,9
LF:2
LH:2
end_of_record
SF:/usr/include/c++/8/bits/stl_algobase.h
FN:219,_ZSt3maxImERKT_S2_S2_
FN:277,_ZSt12__niter_baseIPSt5tupleIJddEEET_S3_
FN:277,_ZSt12__niter_baseIPSt5tupleIJdS0_IJddEEEEET_S4_
FN:319,_ZNSt11__copy_moveILb0ELb0ESt26random_access_iterator_tagE8__copy_mIPSt5tupleIJdS3_IJddEEEES6_EET0_T_S8_S7_
FN:319,_ZNSt11__copy_moveILb0ELb0ESt26random_access_iterator_tagE8__copy_mIPKSt5tupleIJddEEPS4_EET0_T_S9_S8_
FN:319,_ZNSt11__copy_moveILb0ELb0ESt26random_access_iterator_tagE8__copy_mIPKSt5tupleIJdS3_IJddEEEEPS5_EET0_T_SA_S9_
FN:319,_ZNSt11__copy_moveILb0ELb0ESt26random_access_iterator_tagE8__copy_mIPSt5tupleIJddEES5_EET0_T_S7_S6_
FN:375,_ZSt13__copy_move_aILb0EPKSt5tupleIJdS0_IJddEEEEPS2_ET1_T0_S7_S6_
FN:375,_ZSt13__copy_move_aILb0EPKSt5tupleIJddEEPS1_ET1_T0_S6_S5_
FN:375,_ZSt13__copy_move_aILb0EPSt5tupleIJdS0_IJddEEEES3_ET1_T0_S5_S4_
FN:375,_ZSt13__copy_move_aILb0EPSt5tupleIJddEES2_ET1_T0_S4_S3_
FN:420,_ZSt14__copy_move_a2ILb0EN9__gnu_cxx17__normal_iteratorIPKSt5tupleIJdS2_IJddEEEESt6vectorIS4_SaIS4_EEEENS1_IPS4_S9_EEET1_T0_SE_SD_
FN:420,_ZSt14__copy_move_a2ILb0EPSt5tupleIJdS0_IJddEEEES3_ET1_T0_S5_S4_
FN:420,_ZSt14__copy_move_a2ILb0EN9__gnu_cxx17__normal_iteratorIPKSt5tupleIJddEESt6vectorIS3_SaIS3_EEEENS1_IPS3_S8_EEET1_T0_SD_SC_
FN:420,_ZSt14__copy_move_a2ILb0EPSt5tupleIJddEES2_ET1_T0_S4_S3_
FNDA:210,_ZSt3maxImERKT_S2_S2_
FNDA:0,_ZSt12__niter_baseIPSt5tupleIJdS0_IJddEEEEET_S4_
FNDA:0,_ZSt12__niter_baseIPSt5tupleIJddEEET_S3_
FNDA:0,_ZNSt11__copy_moveILb0ELb0ESt26random_access_iterator_tagE8__copy_mIPSt5tupleIJdS3_IJddEEEES6_EET0_T_S8_S7_
FNDA:13,_ZNSt11__copy_moveILb0ELb0ESt26random_access_iterator_tagE8__copy_mIPKSt5tupleIJdS3_IJddEEEEPS5_EET0_T_SA_S9_
FNDA:0,_ZNSt11__copy_moveILb0ELb0ESt26random_access_iterator_tagE8__copy_mIPSt5tupleIJddEES5_EET0_T_S7_S6_
FNDA:2,_ZNSt11__copy_moveILb0ELb0ESt26random_access_iterator_tagE8__copy_mIPKSt5tupleIJddEEPS4_EET0_T_S9_S8_
FNDA:0,_ZSt13__copy_move_aILb0EPSt5tupleIJdS0_IJddEEEES3_ET1_T0_S5_S4_
FNDA:13,_ZSt13__copy_move_aILb0EPKSt5tupleIJdS0_IJddEEEEPS2_ET1_T0_S7_S6_
FNDA:0,_ZSt13__copy_move_aILb0EPSt5tupleIJddEES2_ET1_T0_S4_S3_
FNDA:2,_ZSt13__copy_move_aILb0EPKSt5tupleIJddEEPS1_ET1_T0_S6_S5_
FNDA:0,_ZSt14__copy_move_a2ILb0EPSt5tupleIJdS0_IJddEEEES3_ET1_T0_S5_S4_
FNDA:13,_ZSt14__copy_move_a2ILb0EN9__gnu_cxx17__normal_iteratorIPKSt5tupleIJdS2_IJddEEEESt6vectorIS4_SaIS4_EEEENS1_IPS4_S9_EEET1_T0_SE_SD_
FNDA:0,_ZSt14__copy_move_a2ILb0EPSt5tupleIJddEES2_ET1_T0_S4_S3_
FNDA:2,_ZSt14__copy_move_a2ILb0EN9__gnu_cxx17__normal_iteratorIPKSt5tupleIJddEESt6vectorIS3_SaIS3_EEEENS1_IPS3_S8_EEET1_T0_SD_SC_
FNF:15
FNH:7
DA:219,210
DA:224,210
DA:225,63
DA:226,147
DA:277,0
DA:278,0
DA:319,15
DA:322,78
DA:324,63
DA:325,63
DA:326,63
DA:328,15
DA:375,15
DA:380,15
DA:386,15
DA:420,15
DA:422,15
DA:424,15
DA:446,15
DA:455,15
DA:456,15
LF:21
LH:19
end_of_record
SF:/usr/include/c++/8/bits/stl_construct.h
FN:74,_ZSt10_ConstructISt5tupleIJdS0_IJddEEEEJRKS2_EEvPT_DpOT0_
FN:74,_ZSt10_ConstructISt5tupleIJddEEJRKS1_EEvPT_DpOT0_
FN:74,_ZSt10_ConstructISt5tupleIJS0_IJddEES1_S0_IJiiEEEEJRKS3_EEvPT_DpOT0_
FN:74,_ZSt10_ConstructISt5tupleIJS0_IJddEES1_S0_IJiiEEEEJS3_EEvPT_DpOT0_
FN:74,_ZSt10_ConstructISt5tupleIJddEEJS1_EEvPT_DpOT0_
FN:74,_ZSt10_ConstructISt5tupleIJdS0_IJddEEEEJRS2_EEvPT_DpOT0_
FN:74,_ZSt10_ConstructISt5tupleIJiiEEJS1_EEvPT_DpOT0_
FN:74,_ZSt10_ConstructISt5tupleIJddEEJRS1_EEvPT_DpOT0_
FN:117,_ZNSt12_Destroy_auxILb1EE9__destroyIN9__gnu_cxx17__normal_iteratorIPSt5tupleIJddEESt6vectorIS5_SaIS5_EEEEEEvT_SB_
FN:117,_ZNSt12_Destroy_auxILb1EE9__destroyIN9__gnu_cxx17__normal_iteratorIPSt5tupleIJdS4_IJddEEEESt6vectorIS6_SaIS6_EEEEEEvT_SC_
FN:117,_ZNSt12_Destroy_auxILb1EE9__destroyIPSt5tupleIJiiEEEEvT_S5_
FN:117,_ZNSt12_Destroy_auxILb1EE9__destroyIPSt5tupleIJdS2_IJddEEEEEEvT_S6_
FN:117,_ZNSt12_Destroy_auxILb1EE9__destroyIPSt5tupleIJddEEEEvT_S5_
FN:117,_ZNSt12_Destroy_auxILb1EE9__destroyIPSt5tupleIJS2_IJddEES3_S2_IJiiEEEEEEvT_S7_
FN:127,_ZSt8_DestroyIN9__gnu_cxx17__normal_iteratorIPSt5tupleIJddEESt6vectorIS3_SaIS3_EEEEEvT_S9_
FN:127,_ZSt8_DestroyIPSt5tupleIJdS0_IJddEEEEEvT_S4_
FN:127,_ZSt8_DestroyIPSt5tupleIJS0_IJddEES1_S0_IJiiEEEEEvT_S5_
FN:127,_ZSt8_DestroyIN9__gnu_cxx17__normal_iteratorIPSt5tupleIJdS2_IJddEEEESt6vectorIS4_SaIS4_EEEEEvT_SA_
FN:127,_ZSt8_DestroyIPSt5tupleIJddEEEvT_S3_
FN:127,_ZSt8_DestroyIPSt5tupleIJiiEEEvT_S3_
FN:203,_ZSt8_DestroyIPSt5tupleIJdS0_IJddEEEES2_EvT_S4_RSaIT0_E
FN:203,_ZSt8_DestroyIPSt5tupleIJddEES1_EvT_S3_RSaIT0_E
FN:203,_ZSt8_DestroyIN9__gnu_cxx17__normal_iteratorIPSt5tupleIJddEESt6vectorIS3_SaIS3_EEEES3_EvT_S9_RSaIT0_E
FN:203,_ZSt8_DestroyIPSt5tupleIJiiEES1_EvT_S3_RSaIT0_E
FN:203,_ZSt8_DestroyIN9__gnu_cxx17__normal_iteratorIPSt5tupleIJdS2_IJddEEEESt6vectorIS4_SaIS4_EEEES4_EvT_SA_RSaIT0_E
FN:203,_ZSt8_DestroyIPSt5tupleIJS0_IJddEES1_S0_IJiiEEEES3_EvT_S5_RSaIT0_E
FNDA:15,_ZSt10_ConstructISt5tupleIJiiEEJS1_EEvPT_DpOT0_
FNDA:807,_ZSt10_ConstructISt5tupleIJS0_IJddEES1_S0_IJiiEEEEJS3_EEvPT_DpOT0_
FNDA:7,_ZSt10_ConstructISt5tupleIJddEEJS1_EEvPT_DpOT0_
FNDA:0,_ZSt10_ConstructISt5tupleIJddEEJRKS1_EEvPT_DpOT0_
FNDA:468,_ZSt10_ConstructISt5tupleIJS0_IJddEES1_S0_IJiiEEEEJRKS3_EEvPT_DpOT0_
FNDA:0,_ZSt10_ConstructISt5tupleIJdS0_IJddEEEEJRS2_EEvPT_DpOT0_
FNDA:0,_ZSt10_ConstructISt5tupleIJddEEJRS1_EEvPT_DpOT0_
FNDA:1004,_ZSt10_ConstructISt5tupleIJdS0_IJddEEEEJRKS2_EEvPT_DpOT0_
FNDA:22,_ZNSt12_Destroy_auxILb1EE9__destroyIPSt5tupleIJiiEEEEvT_S5_
FNDA:116,_ZNSt12_Destroy_auxILb1EE9__destroyIPSt5tupleIJS2_IJddEES3_S2_IJiiEEEEEEvT_S7_
FNDA:13,_ZNSt12_Destroy_auxILb1EE9__destroyIN9__gnu_cxx17__normal_iteratorIPSt5tupleIJdS4_IJddEEEESt6vectorIS6_SaIS6_EEEEEEvT_SC_
FNDA:2,_ZNSt12_Destroy_auxILb1EE9__destroyIN9__gnu_cxx17__normal_iteratorIPSt5tupleIJddEESt6vectorIS5_SaIS5_EEEEEEvT_SB_
FNDA:0,_ZNSt12_Destroy_auxILb1EE9__destroyIPSt5tupleIJddEEEEvT_S5_
FNDA:319,_ZNSt12_Destroy_auxILb1EE9__destroyIPSt5tupleIJdS2_IJddEEEEEEvT_S6_
FNDA:22,_ZSt8_DestroyIPSt5tupleIJiiEEEvT_S3_
FNDA:116,_ZSt8_DestroyIPSt5tupleIJS0_IJddEES1_S0_IJiiEEEEEvT_S5_
FNDA:13,_ZSt8_DestroyIN9__gnu_cxx17__normal_iteratorIPSt5tupleIJdS2_IJddEEEESt6vectorIS4_SaIS4_EEEEEvT_SA_
FNDA:2,_ZSt8_DestroyIN9__gnu_cxx17__normal_iteratorIPSt5tupleIJddEESt6vectorIS3_SaIS3_EEEEEvT_S9_
FNDA:0,_ZSt8_DestroyIPSt5tupleIJddEEEvT_S3_
FNDA:319,_ZSt8_DestroyIPSt5tupleIJdS0_IJddEEEEEvT_S4_
FNDA:22,_ZSt8_DestroyIPSt5tupleIJiiEES1_EvT_S3_RSaIT0_E
FNDA:116,_ZSt8_DestroyIPSt5tupleIJS0_IJddEES1_S0_IJiiEEEES3_EvT_S5_RSaIT0_E
FNDA:13,_ZSt8_DestroyIN9__gnu_cxx17__normal_iteratorIPSt5tupleIJdS2_IJddEEEESt6vectorIS4_SaIS4_EEEES4_EvT_SA_RSaIT0_E
FNDA:2,_ZSt8_DestroyIN9__gnu_cxx17__normal_iteratorIPSt5tupleIJddEESt6vectorIS3_SaIS3_EEEES3_EvT_S9_RSaIT0_E
FNDA:0,_ZSt8_DestroyIPSt5tupleIJddEES1_EvT_S3_RSaIT0_E
FNDA:319,_ZSt8_DestroyIPSt5tupleIJdS0_IJddEEEES2_EvT_S4_RSaIT0_E
FNF:26
FNH:20
DA:74,2301
DA:75,2301
DA:117,472
DA:127,472
DA:137,472
DA:138,472
DA:203,472
DA:206,472
DA:207,472
LF:9
LH:9
end_of_record
SF:/usr/include/c++/8/bits/stl_iterator.h
FN:783,_ZN9__gnu_cxx17__normal_iteratorIPKSt5tupleIJS1_IJddEES2_S1_IJiiEEEESt6vectorIS4_SaIS4_EEEC2ERKS6_
FN:783,_ZN9__gnu_cxx17__normal_iteratorIPSt5tupleIJdS1_IJddEEEESt6vectorIS3_SaIS3_EEEC2ERKS4_
FN:783,_ZN9__gnu_cxx17__normal_iteratorIPSt5tupleIJiiEESt6vectorIS2_SaIS2_EEEC2ERKS3_
FN:783,_ZN9__gnu_cxx17__normal_iteratorIPSt5tupleIJS1_IJddEES2_S1_IJiiEEEESt6vectorIS4_SaIS4_EEEC2ERKS5_
FN:783,_ZN9__gnu_cxx17__normal_iteratorIPKSt5tupleIJdS1_IJddEEEESt6vectorIS3_SaIS3_EEEC2ERKS5_
FN:783,_ZN9__gnu_cxx17__normal_iteratorIPKSt5tupleIJddEESt6vectorIS2_SaIS2_EEEC2ERKS4_
FN:783,_ZN9__gnu_cxx17__normal_iteratorIPSt5tupleIJddEESt6vectorIS2_SaIS2_EEEC2ERKS3_
FN:796,_ZNK9__gnu_cxx17__normal_iteratorIPKSt5tupleIJS1_IJddEES2_S1_IJiiEEEESt6vectorIS4_SaIS4_EEEdeEv
FN:796,_ZNK9__gnu_cxx17__normal_iteratorIPKSt5tupleIJdS1_IJddEEEESt6vectorIS3_SaIS3_EEEdeEv
FN:796,_ZNK9__gnu_cxx17__normal_iteratorIPKSt5tupleIJddEESt6vectorIS2_SaIS2_EEEdeEv
FN:804,_ZN9__gnu_cxx17__normal_iteratorIPKSt5tupleIJdS1_IJddEEEESt6vectorIS3_SaIS3_EEEppEv
FN:804,_ZN9__gnu_cxx17__normal_iteratorIPKSt5tupleIJS1_IJddEES2_S1_IJiiEEEESt6vectorIS4_SaIS4_EEEppEv
FN:804,_ZN9__gnu_cxx17__normal_iteratorIPKSt5tupleIJddEESt6vectorIS2_SaIS2_EEEppEv
FN:848,_ZNK9__gnu_cxx17__normal_iteratorIPKSt5tupleIJdS1_IJddEEEESt6vectorIS3_SaIS3_EEE4baseEv
FN:848,_ZNK9__gnu_cxx17__normal_iteratorIPKSt5tupleIJS1_IJddEES2_S1_IJiiEEEESt6vectorIS4_SaIS4_EEE4baseEv
FN:848,_ZNK9__gnu_cxx17__normal_iteratorIPSt5tupleIJiiEESt6vectorIS2_SaIS2_EEE4baseEv
FN:848,_ZNK9__gnu_cxx17__normal_iteratorIPSt5tupleIJddEESt6vectorIS2_SaIS2_EEE4baseEv
FN:848,_ZNK9__gnu_cxx17__normal_iteratorIPSt5tupleIJdS1_IJddEEEESt6vectorIS3_SaIS3_EEE4baseEv
FN:848,_ZNK9__gnu_cxx17__normal_iteratorIPKSt5tupleIJddEESt6vectorIS2_SaIS2_EEE4baseEv
FN:848,_ZNK9__gnu_cxx17__normal_iteratorIPSt5tupleIJS1_IJddEES2_S1_IJiiEEEESt6vectorIS4_SaIS4_EEE4baseEv
FN:884,_ZN9__gnu_cxxneIPKSt5tupleIJS1_IJddEES2_S1_IJiiEEEESt6vectorIS4_SaIS4_EEEEbRKNS_17__normal_iteratorIT_T0_EESF_
FN:884,_ZN9__gnu_cxxneIPKSt5tupleIJdS1_IJddEEEESt6vectorIS3_SaIS3_EEEEbRKNS_17__normal_iteratorIT_T0_EESE_
FN:884,_ZN9__gnu_cxxneIPKSt5tupleIJddEESt6vectorIS2_SaIS2_EEEEbRKNS_17__normal_iteratorIT_T0_EESD_
FN:966,_ZN9__gnu_cxxmiIPSt5tupleIJddEESt6vectorIS2_SaIS2_EEEENS_17__normal_iteratorIT_T0_E15difference_typeERKSA_SD_
FN:966,_ZN9__gnu_cxxmiIPSt5tupleIJiiEESt6vectorIS2_SaIS2_EEEENS_17__normal_iteratorIT_T0_E15difference_typeERKSA_SD_
FN:966,_ZN9__gnu_cxxmiIPSt5tupleIJS1_IJddEES2_S1_IJiiEEEESt6vectorIS4_SaIS4_EEEENS_17__normal_iteratorIT_T0_E15difference_typeERKSC_SF_
FN:987,_ZSt12__niter_baseIPSt5tupleIJddEESt6vectorIS1_SaIS1_EEET_N9__gnu_cxx17__normal_iteratorIS6_T0_EE
FN:987,_ZSt12__niter_baseIPSt5tupleIJdS0_IJddEEEESt6vectorIS2_SaIS2_EEET_N9__gnu_cxx17__normal_iteratorIS7_T0_EE
FN:987,_ZSt12__niter_baseIPKSt5tupleIJddEESt6vectorIS1_SaIS1_EEET_N9__gnu_cxx17__normal_iteratorIS7_T0_EE
FN:987,_ZSt12__niter_baseIPKSt5tupleIJdS0_IJddEEEESt6vectorIS2_SaIS2_EEET_N9__gnu_cxx17__normal_iteratorIS8_T0_EE
FN:1033,_ZNSt13move_iteratorIPSt5tupleIJiiEEEC2ES2_
FN:1033,_ZNSt13move_iteratorIPSt5tupleIJddEEEC2ES2_
FN:1033,_ZNSt13move_iteratorIPSt5tupleIJS0_IJddEES1_S0_IJiiEEEEEC2ES4_
FN:1042,_ZNKSt13move_iteratorIPSt5tupleIJddEEE4baseEv
FN:1042,_ZNKSt13move_iteratorIPSt5tupleIJiiEEE4baseEv
FN:1042,_ZNKSt13move_iteratorIPSt5tupleIJS0_IJddEES1_S0_IJiiEEEEE4baseEv
FN:1046,_ZNKSt13move_iteratorIPSt5tupleIJiiEEEdeEv
FN:1046,_ZNKSt13move_iteratorIPSt5tupleIJddEEEdeEv
FN:1046,_ZNKSt13move_iteratorIPSt5tupleIJS0_IJddEES1_S0_IJiiEEEEEdeEv
FN:1054,_ZNSt13move_iteratorIPSt5tupleIJS0_IJddEES1_S0_IJiiEEEEEppEv
FN:1054,_ZNSt13move_iteratorIPSt5tupleIJiiEEEppEv
FN:1054,_ZNSt13move_iteratorIPSt5tupleIJddEEEppEv
FN:1121,_ZSteqIPSt5tupleIJS0_IJddEES1_S0_IJiiEEEEEbRKSt13move_iteratorIT_ES9_
FN:1121,_ZSteqIPSt5tupleIJddEEEbRKSt13move_iteratorIT_ES7_
FN:1121,_ZSteqIPSt5tupleIJiiEEEbRKSt13move_iteratorIT_ES7_
FN:1133,_ZStneIPSt5tupleIJS0_IJddEES1_S0_IJiiEEEEEbRKSt13move_iteratorIT_ES9_
FN:1133,_ZStneIPSt5tupleIJiiEEEbRKSt13move_iteratorIT_ES7_
FN:1133,_ZStneIPSt5tupleIJddEEEbRKSt13move_iteratorIT_ES7_
FN:1218,_ZSt32__make_move_if_noexcept_iteratorISt5tupleIJS0_IJddEES1_S0_IJiiEEEESt13move_iteratorIPS3_EET0_PT_
FN:1218,_ZSt32__make_move_if_noexcept_iteratorISt5tupleIJiiEESt13move_iteratorIPS1_EET0_PT_
FN:1218,_ZSt32__make_move_if_noexcept_iteratorISt5tupleIJddEESt13move_iteratorIPS1_EET0_PT_
FNDA:30,_ZN9__gnu_cxx17__normal_iteratorIPSt5tupleIJiiEESt6vectorIS2_SaIS2_EEEC2ERKS3_
FNDA:108,_ZN9__gnu_cxx17__normal_iteratorIPKSt5tupleIJS1_IJddEES2_S1_IJiiEEEESt6vectorIS4_SaIS4_EEEC2ERKS6_
FNDA:104,_ZN9__gnu_cxx17__normal_iteratorIPSt5tupleIJS1_IJddEES2_S1_IJiiEEEESt6vectorIS4_SaIS4_EEEC2ERKS5_
FNDA:129,_ZN9__gnu_cxx17__normal_iteratorIPSt5tupleIJdS1_IJddEEEESt6vectorIS3_SaIS3_EEEC2ERKS4_
FNDA:22,_ZN9__gnu_cxx17__normal_iteratorIPSt5tupleIJddEESt6vectorIS2_SaIS2_EEEC2ERKS3_
FNDA:0,_ZN9__gnu_cxx17__normal_iteratorIPKSt5tupleIJddEESt6vectorIS2_SaIS2_EEEC2ERKS4_
FNDA:476,_ZN9__gnu_cxx17__normal_iteratorIPKSt5tupleIJdS1_IJddEEEESt6vectorIS3_SaIS3_EEEC2ERKS5_
FNDA:0,_ZNK9__gnu_cxx17__normal_iteratorIPKSt5tupleIJddEESt6vectorIS2_SaIS2_EEEdeEv
FNDA:468,_ZNK9__gnu_cxx17__normal_iteratorIPKSt5tupleIJS1_IJddEES2_S1_IJiiEEEESt6vectorIS4_SaIS4_EEEdeEv
FNDA:895,_ZNK9__gnu_cxx17__normal_iteratorIPKSt5tupleIJdS1_IJddEEEESt6vectorIS3_SaIS3_EEEdeEv
FNDA:0,_ZN9__gnu_cxx17__normal_iteratorIPKSt5tupleIJddEESt6vectorIS2_SaIS2_EEEppEv
FNDA:468,_ZN9__gnu_cxx17__normal_iteratorIPKSt5tupleIJS1_IJddEES2_S1_IJiiEEEESt6vectorIS4_SaIS4_EEEppEv
FNDA:895,_ZN9__gnu_cxx17__normal_iteratorIPKSt5tupleIJdS1_IJddEEEESt6vectorIS3_SaIS3_EEEppEv
FNDA:1044,_ZNK9__gnu_cxx17__normal_iteratorIPKSt5tupleIJS1_IJddEES2_S1_IJiiEEEESt6vectorIS4_SaIS4_EEE4baseEv
FNDA:193,_ZNK9__gnu_cxx17__normal_iteratorIPSt5tupleIJdS1_IJddEEEESt6vectorIS3_SaIS3_EEE4baseEv
FNDA:2266,_ZNK9__gnu_cxx17__normal_iteratorIPKSt5tupleIJdS1_IJddEEEESt6vectorIS3_SaIS3_EEE4baseEv
FNDA:0,_ZNK9__gnu_cxx17__normal_iteratorIPKSt5tupleIJddEESt6vectorIS2_SaIS2_EEE4baseEv
FNDA:60,_ZNK9__gnu_cxx17__normal_iteratorIPSt5tupleIJiiEESt6vectorIS2_SaIS2_EEE4baseEv
FNDA:208,_ZNK9__gnu_cxx17__normal_iteratorIPSt5tupleIJS1_IJddEES2_S1_IJiiEEEESt6vectorIS4_SaIS4_EEE4baseEv
FNDA:34,_ZNK9__gnu_cxx17__normal_iteratorIPSt5tupleIJddEESt6vectorIS2_SaIS2_EEE4baseEv
FNDA:0,_ZN9__gnu_cxxneIPKSt5tupleIJddEESt6vectorIS2_SaIS2_EEEEbRKNS_17__normal_iteratorIT_T0_EESD_
FNDA:522,_ZN9__gnu_cxxneIPKSt5tupleIJS1_IJddEES2_S1_IJiiEEEESt6vectorIS4_SaIS4_EEEEbRKNS_17__normal_iteratorIT_T0_EESF_
FNDA:1120,_ZN9__gnu_cxxneIPKSt5tupleIJdS1_IJddEEEESt6vectorIS3_SaIS3_EEEEbRKNS_17__normal_iteratorIT_T0_EESE_
FNDA:15,_ZN9__gnu_cxxmiIPSt5tupleIJiiEESt6vectorIS2_SaIS2_EEEENS_17__normal_iteratorIT_T0_E15difference_typeERKSA_SD_
FNDA:52,_ZN9__gnu_cxxmiIPSt5tupleIJS1_IJddEES2_S1_IJiiEEEESt6vectorIS4_SaIS4_EEEENS_17__normal_iteratorIT_T0_E15difference_typeERKSC_SF_
FNDA:8,_ZN9__gnu_cxxmiIPSt5tupleIJddEESt6vectorIS2_SaIS2_EEEENS_17__normal_iteratorIT_T0_E15difference_typeERKSA_SD_
FNDA:13,_ZSt12__niter_baseIPSt5tupleIJdS0_IJddEEEESt6vectorIS2_SaIS2_EEET_N9__gnu_cxx17__normal_iteratorIS7_T0_EE
FNDA:26,_ZSt12__niter_baseIPKSt5tupleIJdS0_IJddEEEESt6vectorIS2_SaIS2_EEET_N9__gnu_cxx17__normal_iteratorIS8_T0_EE
FNDA:2,_ZSt12__niter_baseIPSt5tupleIJddEESt6vectorIS1_SaIS1_EEET_N9__gnu_cxx17__normal_iteratorIS6_T0_EE
FNDA:4,_ZSt12__niter_baseIPKSt5tupleIJddEESt6vectorIS1_SaIS1_EEET_N9__gnu_cxx17__normal_iteratorIS7_T0_EE
FNDA:60,_ZNSt13move_iteratorIPSt5tupleIJiiEEEC2ES2_
FNDA:208,_ZNSt13move_iteratorIPSt5tupleIJS0_IJddEES1_S0_IJiiEEEEEC2ES4_
FNDA:32,_ZNSt13move_iteratorIPSt5tupleIJddEEEC2ES2_
FNDA:90,_ZNKSt13move_iteratorIPSt5tupleIJiiEEE4baseEv
FNDA:1822,_ZNKSt13move_iteratorIPSt5tupleIJS0_IJddEES1_S0_IJiiEEEEE4baseEv
FNDA:46,_ZNKSt13move_iteratorIPSt5tupleIJddEEE4baseEv
FNDA:15,_ZNKSt13move_iteratorIPSt5tupleIJiiEEEdeEv
FNDA:807,_ZNKSt13move_iteratorIPSt5tupleIJS0_IJddEES1_S0_IJiiEEEEEdeEv
FNDA:7,_ZNKSt13move_iteratorIPSt5tupleIJddEEEdeEv
FNDA:15,_ZNSt13move_iteratorIPSt5tupleIJiiEEEppEv
FNDA:807,_ZNSt13move_iteratorIPSt5tupleIJS0_IJddEES1_S0_IJiiEEEEEppEv
FNDA:7,_ZNSt13move_iteratorIPSt5tupleIJddEEEppEv
FNDA:45,_ZSteqIPSt5tupleIJiiEEEbRKSt13move_iteratorIT_ES7_
FNDA:911,_ZSteqIPSt5tupleIJS0_IJddEES1_S0_IJiiEEEEEbRKSt13move_iteratorIT_ES9_
FNDA:23,_ZSteqIPSt5tupleIJddEEEbRKSt13move_iteratorIT_ES7_
FNDA:45,_ZStneIPSt5tupleIJiiEEEbRKSt13move_iteratorIT_ES7_
FNDA:911,_ZStneIPSt5tupleIJS0_IJddEES1_S0_IJiiEEEEEbRKSt13move_iteratorIT_ES9_
FNDA:23,_ZStneIPSt5tupleIJddEEEbRKSt13move_iteratorIT_ES7_
FNDA:60,_ZSt32__make_move_if_noexcept_iteratorISt5tupleIJiiEESt13move_iteratorIPS1_EET0_PT_
FNDA:208,_ZSt32__make_move_if_noexcept_iteratorISt5tupleIJS0_IJddEES1_S0_IJiiEEEESt13move_iteratorIPS3_EET0_PT_
FNDA:32,_ZSt32__make_move_if_noexcept_iteratorISt5tupleIJddEESt13move_iteratorIPS1_EET0_PT_
FNF:51
FNH:46
DA:783,869
DA:784,869
DA:796,1363
DA:797,1363
DA:804,1363
DA:806,1363
DA:807,1363
DA:848,3805
DA:849,3805
DA:884,1642
DA:887,1642
DA:966,75
DA:969,75
DA:987,45
DA:988,45
DA:1033,300
DA:1034,300
DA:1042,1958
DA:1043,1958
DA:1046,829
DA:1047,829
DA:1054,829
DA:1056,829
DA:1057,829
DA:1121,979
DA:1123,979
DA:1133,979
DA:1135,979
DA:1218,300
DA:1219,300
LF:30
LH:30
end_of_record
SF:/usr/include/c++/8/bits/stl_uninitialized.h
FN:76,_ZNSt20__uninitialized_copyILb0EE13__uninit_copyIN9__gnu_cxx17__normal_iteratorIPKSt5tupleIJddEESt6vectorIS5_SaIS5_EEEEPS5_EET0_T_SE_SD_
FN:76,_ZNSt20__uninitialized_copyILb0EE13__uninit_copyISt13move_iteratorIPSt5tupleIJddEEES5_EET0_T_S8_S7_
FN:76,_ZNSt20__uninitialized_copyILb0EE13__uninit_copyISt13move_iteratorIPSt5tupleIJS3_IJddEES4_S3_IJiiEEEEES7_EET0_T_SA_S9_
FN:76,_ZNSt20__uninitialized_copyILb0EE13__uninit_copyISt13move_iteratorIPSt5tupleIJiiEEES5_EET0_T_S8_S7_
FN:76,_ZNSt20__uninitialized_copyILb0EE13__uninit_copyIN9__gnu_cxx17__normal_iteratorIPKSt5tupleIJdS4_IJddEEEESt6vectorIS6_SaIS6_EEEEPS6_EET0_T_SF_SE_
FN:76,_ZNSt20__uninitialized_copyILb0EE13__uninit_copyIPSt5tupleIJdS2_IJddEEEES5_EET0_T_S7_S6_
FN:76,_ZNSt20__uninitialized_copyILb0EE13__uninit_copyIPSt5tupleIJddEES4_EET0_T_S6_S5_
FN:76,_ZNSt20__uninitialized_copyILb0EE13__uninit_copyIN9__gnu_cxx17__normal_iteratorIPKSt5tupleIJS4_IJddEES5_S4_IJiiEEEESt6vectorIS7_SaIS7_EEEEPS7_EET0_T_SG_SF_
FN:115,_ZSt18uninitialized_copyIPSt5tupleIJddEES2_ET0_T_S4_S3_
FN:115,_ZSt18uninitialized_copyISt13move_iteratorIPSt5tupleIJiiEEES3_ET0_T_S6_S5_
FN:115,_ZSt18uninitialized_copyIN9__gnu_cxx17__normal_iteratorIPKSt5tupleIJS2_IJddEES3_S2_IJiiEEEESt6vectorIS5_SaIS5_EEEEPS5_ET0_T_SE_SD_
FN:115,_ZSt18uninitialized_copyIPSt5tupleIJdS0_IJddEEEES3_ET0_T_S5_S4_
FN:115,_ZSt18uninitialized_copyIN9__gnu_cxx17__normal_iteratorIPKSt5tupleIJdS2_IJddEEEESt6vectorIS4_SaIS4_EEEEPS4_ET0_T_SD_SC_
FN:115,_ZSt18uninitialized_copyIN9__gnu_cxx17__normal_iteratorIPKSt5tupleIJddEESt6vectorIS3_SaIS3_EEEEPS3_ET0_T_SC_SB_
FN:115,_ZSt18uninitialized_copyISt13move_iteratorIPSt5tupleIJddEEES3_ET0_T_S6_S5_
FN:115,_ZSt18uninitialized_copyISt13move_iteratorIPSt5tupleIJS1_IJddEES2_S1_IJiiEEEEES5_ET0_T_S8_S7_
FN:287,_ZSt22__uninitialized_copy_aISt13move_iteratorIPSt5tupleIJS1_IJddEES2_S1_IJiiEEEEES5_S4_ET0_T_S8_S7_RSaIT1_E
FN:287,_ZSt22__uninitialized_copy_aIN9__gnu_cxx17__normal_iteratorIPKSt5tupleIJS2_IJddEES3_S2_IJiiEEEESt6vectorIS5_SaIS5_EEEEPS5_S5_ET0_T_SE_SD_RSaIT1_E
FN:287,_ZSt22__uninitialized_copy_aIN9__gnu_cxx17__normal_iteratorIPKSt5tupleIJddEESt6vectorIS3_SaIS3_EEEEPS3_S3_ET0_T_SC_SB_RSaIT1_E
FN:287,_ZSt22__uninitialized_copy_aIPSt5tupleIJddEES2_S1_ET0_T_S4_S3_RSaIT1_E
FN:287,_ZSt22__uninitialized_copy_aIPSt5tupleIJdS0_IJddEEEES3_S2_ET0_T_S5_S4_RSaIT1_E
FN:287,_ZSt22__uninitialized_copy_aISt13move_iteratorIPSt5tupleIJddEEES3_S2_ET0_T_S6_S5_RSaIT1_E
FN:287,_ZSt22__uninitialized_copy_aIN9__gnu_cxx17__normal_iteratorIPKSt5tupleIJdS2_IJddEEEESt6vectorIS4_SaIS4_EEEEPS4_S4_ET0_T_SD_SC_RSaIT1_E
FN:287,_ZSt22__uninitialized_copy_aISt13move_iteratorIPSt5tupleIJiiEEES3_S2_ET0_T_S6_S5_RSaIT1_E
FNDA:30,_ZNSt20__uninitialized_copyILb0EE13__uninit_copyISt13move_iteratorIPSt5tupleIJiiEEES5_EET0_T_S8_S7_
FNDA:104,_ZNSt20__uninitialized_copyILb0EE13__uninit_copyISt13move_iteratorIPSt5tupleIJS3_IJddEES4_S3_IJiiEEEEES7_EET0_T_SA_S9_
FNDA:16,_ZNSt20__uninitialized_copyILb0EE13__uninit_copyISt13move_iteratorIPSt5tupleIJddEEES5_EET0_T_S8_S7_
FNDA:0,_ZNSt20__uninitialized_copyILb0EE13__uninit_copyIN9__gnu_cxx17__normal_iteratorIPKSt5tupleIJddEESt6vectorIS5_SaIS5_EEEEPS5_EET0_T_SE_SD_
FNDA:54,_ZNSt20__uninitialized_copyILb0EE13__uninit_copyIN9__gnu_cxx17__normal_iteratorIPKSt5tupleIJS4_IJddEES5_S4_IJiiEEEESt6vectorIS7_SaIS7_EEEEPS7_EET0_T_SG_SF_
FNDA:0,_ZNSt20__uninitialized_copyILb0EE13__uninit_copyIPSt5tupleIJdS2_IJddEEEES5_EET0_T_S7_S6_
FNDA:0,_ZNSt20__uninitialized_copyILb0EE13__uninit_copyIPSt5tupleIJddEES4_EET0_T_S6_S5_
FNDA:225,_ZNSt20__uninitialized_copyILb0EE13__uninit_copyIN9__gnu_cxx17__normal_iteratorIPKSt5tupleIJdS4_IJddEEEESt6vectorIS6_SaIS6_EEEEPS6_EET0_T_SF_SE_
FNDA:30,_ZSt18uninitialized_copyISt13move_iteratorIPSt5tupleIJiiEEES3_ET0_T_S6_S5_
FNDA:104,_ZSt18uninitialized_copyISt13move_iteratorIPSt5tupleIJS1_IJddEES2_S1_IJiiEEEEES5_ET0_T_S8_S7_
FNDA:16,_ZSt18uninitialized_copyISt13move_iteratorIPSt5tupleIJddEEES3_ET0_T_S6_S5_
FNDA:0,_ZSt18uninitialized_copyIN9__gnu_cxx17__normal_iteratorIPKSt5tupleIJddEESt6vectorIS3_SaIS3_EEEEPS3_ET0_T_SC_SB_
FNDA:54,_ZSt18uninitialized_copyIN9__gnu_cxx17__normal_iteratorIPKSt5tupleIJS2_IJddEES3_S2_IJiiEEEESt6vectorIS5_SaIS5_EEEEPS5_ET0_T_SE_SD_
FNDA:0,_ZSt18uninitialized_copyIPSt5tupleIJdS0_IJddEEEES3_ET0_T_S5_S4_
FNDA:0,_ZSt18uninitialized_copyIPSt5tupleIJddEES2_ET0_T_S4_S3_
FNDA:225,_ZSt18uninitialized_copyIN9__gnu_cxx17__normal_iteratorIPKSt5tupleIJdS2_IJddEEEESt6vectorIS4_SaIS4_EEEEPS4_ET0_T_SD_SC_
FNDA:30,_ZSt22__uninitialized_copy_aISt13move_iteratorIPSt5tupleIJiiEEES3_S2_ET0_T_S6_S5_RSaIT1_E
FNDA:104,_ZSt22__uninitialized_copy_aISt13move_iteratorIPSt5tupleIJS1_IJddEES2_S1_IJiiEEEEES5_S4_ET0_T_S8_S7_RSaIT1_E
FNDA:16,_ZSt22__uninitialized_copy_aISt13move_iteratorIPSt5tupleIJddEEES3_S2_ET0_T_S6_S5_RSaIT1_E
FNDA:0,_ZSt22__uninitialized_copy_aIN9__gnu_cxx17__normal_iteratorIPKSt5tupleIJddEESt6vectorIS3_SaIS3_EEEEPS3_S3_ET0_T_SC_SB_RSaIT1_E
FNDA:54,_ZSt22__uninitialized_copy_aIN9__gnu_cxx17__normal_iteratorIPKSt5tupleIJS2_IJddEES3_S2_IJiiEEEESt6vectorIS5_SaIS5_EEEEPS5_S5_ET0_T_SE_SD_RSaIT1_E
FNDA:0,_ZSt22__uninitialized_copy_aIPSt5tupleIJdS0_IJddEEEES3_S2_ET0_T_S5_S4_RSaIT1_E
FNDA:0,_ZSt22__uninitialized_copy_aIPSt5tupleIJddEES2_S1_ET0_T_S4_S3_RSaIT1_E
FNDA:225,_ZSt22__uninitialized_copy_aIN9__gnu_cxx17__normal_iteratorIPKSt5tupleIJdS2_IJddEEEESt6vectorIS4_SaIS4_EEEEPS4_S4_ET0_T_SD_SC_RSaIT1_E
FNF:24
FNH:15
DA:76,429
DA:79,429
DA:82,2621
DA:83,2192
DA:84,429
DA:86,0
DA:88,0
DA:89,0
DA:115,429
DA:128,429
DA:134,429
DA:287,429
DA:289,429
DA:305,150
DA:311,150
DA:312,150
LF:16
LH:13
end_of_record
SF:/usr/include/c++/8/bits/stl_vector.h
FN:95,_ZNSt12_Vector_baseISt5tupleIJS0_IJddEES1_S0_IJiiEEEESaIS3_EE12_Vector_implC2Ev
FN:95,_ZNSt12_Vector_baseISt5tupleIJiiEESaIS1_EE12_Vector_implC2Ev
FN:95,_ZNSt12_Vector_baseISt5tupleIJddEESaIS1_EE12_Vector_implC2Ev
FN:95,_ZNSt12_Vector_baseISt5tupleIJdS0_IJddEEEESaIS2_EE12_Vector_implC2Ev
FN:99,_ZNSt12_Vector_baseISt5tupleIJdS0_IJddEEEESaIS2_EE12_Vector_implC2ERKS3_
FN:99,_ZNSt12_Vector_baseISt5tupleIJS0_IJddEES1_S0_IJiiEEEESaIS3_EE12_Vector_implC2ERKS4_
FN:237,_ZNSt12_Vector_baseISt5tupleIJS0_IJddEES1_S0_IJiiEEEESaIS3_EE19_M_get_Tp_allocatorEv
FN:237,_ZNSt12_Vector_baseISt5tupleIJiiEESaIS1_EE19_M_get_Tp_allocatorEv
FN:237,_ZNSt12_Vector_baseISt5tupleIJdS0_IJddEEEESaIS2_EE19_M_get_Tp_allocatorEv
FN:237,_ZNSt12_Vector_baseISt5tupleIJddEESaIS1_EE19_M_get_Tp_allocatorEv
FN:241,_ZNKSt12_Vector_baseISt5tupleIJdS0_IJddEEEESaIS2_EE19_M_get_Tp_allocatorEv
FN:241,_ZNKSt12_Vector_baseISt5tupleIJddEESaIS1_EE19_M_get_Tp_allocatorEv
FN:241,_ZNKSt12_Vector_baseISt5tupleIJS0_IJddEES1_S0_IJiiEEEESaIS3_EE19_M_get_Tp_allocatorEv
FN:241,_ZNKSt12_Vector_baseISt5tupleIJiiEESaIS1_EE19_M_get_Tp_allocatorEv
FN:248,_ZNSt12_Vector_baseISt5tupleIJdS0_IJddEEEESaIS2_EEC2Ev
FN:248,_ZNSt12_Vector_baseISt5tupleIJS0_IJddEES1_S0_IJiiEEEESaIS3_EEC2Ev
FN:248,_ZNSt12_Vector_baseISt5tupleIJiiEESaIS1_EEC2Ev
FN:248,_ZNSt12_Vector_baseISt5tupleIJddEESaIS1_EEC2Ev
FN:258,_ZNSt12_Vector_baseISt5tupleIJS0_IJddEES1_S0_IJiiEEEESaIS3_EEC2EmRKS4_
FN:258,_ZNSt12_Vector_baseISt5tupleIJdS0_IJddEEEESaIS2_EEC2EmRKS3_
FN:283,_ZNSt12_Vector_baseISt5tupleIJiiEESaIS1_EED2Ev
FN:283,_ZNSt12_Vector_baseISt5tupleIJS0_IJddEES1_S0_IJiiEEEESaIS3_EED2Ev
FN:283,_ZNSt12_Vector_baseISt5tupleIJddEESaIS1_EED2Ev
FN:283,_ZNSt12_Vector_baseISt5tupleIJdS0_IJddEEEESaIS2_EED2Ev
FN:293,_ZNSt12_Vector_baseISt5tupleIJiiEESaIS1_EE11_M_allocateEm
FN:293,_ZNSt12_Vector_baseISt5tupleIJS0_IJddEES1_S0_IJiiEEEESaIS3_EE11_M_allocateEm
FN:293,_ZNSt12_Vector_baseISt5tupleIJddEESaIS1_EE11_M_allocateEm
FN:293,_ZNSt12_Vector_baseISt5tupleIJdS0_IJddEEEESaIS2_EE11_M_allocateEm
FN:300,_ZNSt12_Vector_baseISt5tupleIJdS0_IJddEEEESaIS2_EE13_M_deallocateEPS2_m
FN:300,_ZNSt12_Vector_baseISt5tupleIJddEESaIS1_EE13_M_deallocateEPS1_m
FN:300,_ZNSt12_Vector_baseISt5tupleIJiiEESaIS1_EE13_M_deallocateEPS1_m
FN:300,_ZNSt12_Vector_baseISt5tupleIJS0_IJddEES1_S0_IJiiEEEESaIS3_EE13_M_deallocateEPS3_m
FN:309,_ZNSt12_Vector_baseISt5tupleIJdS0_IJddEEEESaIS2_EE17_M_create_storageEm
FN:309,_ZNSt12_Vector_baseISt5tupleIJS0_IJddEES1_S0_IJiiEEEESaIS3_EE17_M_create_storageEm
FN:391,_ZNSt6vectorISt5tupleIJdS0_IJddEEEESaIS2_EEC2Ev
FN:391,_ZNSt6vectorISt5tupleIJddEESaIS1_EEC2Ev
FN:391,_ZNSt6vectorISt5tupleIJS0_IJddEES1_S0_IJiiEEEESaIS3_EEC2Ev
FN:391,_ZNSt6vectorISt5tupleIJiiEESaIS1_EEC2Ev
FN:458,_ZNSt6vectorISt5tupleIJS0_IJddEES1_S0_IJiiEEEESaIS3_EEC2ERKS5_
FN:458,_ZNSt6vectorISt5tupleIJdS0_IJddEEEESaIS2_EEC2ERKS4_
FN:565,_ZNSt6vectorISt5tupleIJdS0_IJddEEEESaIS2_EED2Ev
FN:565,_ZNSt6vectorISt5tupleIJddEESaIS1_EED2Ev
FN:565,_ZNSt6vectorISt5tupleIJiiEESaIS1_EED2Ev
FN:565,_ZNSt6vectorISt5tupleIJS0_IJddEES1_S0_IJiiEEEESaIS3_EED2Ev
FN:698,_ZNSt6vectorISt5tupleIJdS0_IJddEEEESaIS2_EE5beginEv
FN:698,_ZNSt6vectorISt5tupleIJiiEESaIS1_EE5beginEv
FN:698,_ZNSt6vectorISt5tupleIJddEESaIS1_EE5beginEv
FN:698,_ZNSt6vectorISt5tupleIJS0_IJddEES1_S0_IJiiEEEESaIS3_EE5beginEv
FN:707,_ZNKSt6vectorISt5tupleIJddEESaIS1_EE5beginEv
FN:707,_ZNKSt6vectorISt5tupleIJdS0_IJddEEEESaIS2_EE5beginEv
FN:707,_ZNKSt6vectorISt5tupleIJS0_IJddEES1_S0_IJiiEEEESaIS3_EE5beginEv
FN:716,_ZNSt6vectorISt5tupleIJdS0_IJddEEEESaIS2_EE3endEv
FN:716,_ZNSt6vectorISt5tupleIJiiEESaIS1_EE3endEv
FN:716,_ZNSt6vectorISt5tupleIJS0_IJddEES1_S0_IJiiEEEESaIS3_EE3endEv
FN:716,_ZNSt6vectorISt5tupleIJddEESaIS1_EE3endEv
FN:725,_ZNKSt6vectorISt5tupleIJddEESaIS1_EE3endEv
FN:725,_ZNKSt6vectorISt5tupleIJS0_IJddEES1_S0_IJiiEEEESaIS3_EE3endEv
FN:725,_ZNKSt6vectorISt5tupleIJdS0_IJddEEEESaIS2_EE3endEv
FN:805,_ZNKSt6vectorISt5tupleIJdS0_IJddEEEESaIS2_EE4sizeEv
FN:805,_ZNKSt6vectorIS_ISt5tupleIJddEESaIS1_EESaIS3_EE4sizeEv
FN:805,_ZNKSt6vectorISt5tupleIJddEESaIS1_EE4sizeEv
FN:805,_ZNKSt6vectorISt5tupleIJiiEESaIS1_EE4sizeEv
FN:805,_ZNKSt6vectorISt5tupleIJS0_IJddEES1_S0_IJiiEEEESaIS3_EE4sizeEv
FN:805,_ZNKSt6vectorIS_ISt5tupleIJdS0_IJddEEEESaIS2_EESaIS4_EE4sizeEv
FN:810,_ZNKSt6vectorISt5tupleIJiiEESaIS1_EE8max_sizeEv
FN:810,_ZNKSt6vectorISt5tupleIJS0_IJddEES1_S0_IJiiEEEESaIS3_EE8max_sizeEv
FN:810,_ZNKSt6vectorISt5tupleIJddEESaIS1_EE8max_sizeEv
FN:885,_ZNKSt6vectorISt5tupleIJddEESaIS1_EE8capacityEv
FN:885,_ZNKSt6vectorISt5tupleIJdS0_IJddEEEESaIS2_EE8capacityEv
FN:930,_ZNSt6vectorIS_ISt5tupleIJddEESaIS1_EESaIS3_EEixEm
FN:930,_ZNSt6vectorISt5tupleIJS0_IJddEES1_S0_IJiiEEEESaIS3_EEixEm
FN:930,_ZNSt6vectorIS_ISt5tupleIJdS0_IJddEEEESaIS2_EESaIS4_EEixEm
FN:930,_ZNSt6vectorISt5tupleIJdS0_IJddEEEESaIS2_EEixEm
FN:930,_ZNSt6vectorISt5tupleIJddEESaIS1_EEixEm
FN:1074,_ZNSt6vectorISt5tupleIJiiEESaIS1_EE9push_backERKS1_
FN:1074,_ZNSt6vectorISt5tupleIJS0_IJddEES1_S0_IJiiEEEESaIS3_EE9push_backERKS3_
FN:1074,_ZNSt6vectorISt5tupleIJddEESaIS1_EE9push_backERKS1_
FN:1385,_ZNSt6vectorISt5tupleIJddEESaIS1_EE5clearEv
FN:1385,_ZNSt6vectorISt5tupleIJdS0_IJddEEEESaIS2_EE5clearEv
FN:1395,_ZNSt6vectorISt5tupleIJdS0_IJddEEEESaIS2_EE20_M_allocate_and_copyIN9__gnu_cxx17__normal_iteratorIPKS2_S4_EEEEPS2_mT_SC_
FN:1395,_ZNSt6vectorISt5tupleIJddEESaIS1_EE20_M_allocate_and_copyIN9__gnu_cxx17__normal_iteratorIPKS1_S3_EEEEPS1_mT_SB_
FN:1640,_ZNKSt6vectorISt5tupleIJiiEESaIS1_EE12_M_check_lenEmPKc
FN:1640,_ZNKSt6vectorISt5tupleIJS0_IJddEES1_S0_IJiiEEEESaIS3_EE12_M_check_lenEmPKc
FN:1640,_ZNKSt6vectorISt5tupleIJddEESaIS1_EE12_M_check_lenEmPKc
FN:1654,_ZNSt6vectorISt5tupleIJdS0_IJddEEEESaIS2_EE15_M_erase_at_endEPS2_
FN:1654,_ZNSt6vectorISt5tupleIJddEESaIS1_EE15_M_erase_at_endEPS1_
FNDA:6,_ZNSt12_Vector_baseISt5tupleIJiiEESaIS1_EE12_Vector_implC2Ev
FNDA:10,_ZNSt12_Vector_baseISt5tupleIJS0_IJddEES1_S0_IJiiEEEESaIS3_EE12_Vector_implC2Ev
FNDA:17,_ZNSt12_Vector_baseISt5tupleIJdS0_IJddEEEESaIS2_EE12_Vector_implC2Ev
FNDA:10,_ZNSt12_Vector_baseISt5tupleIJddEESaIS1_EE12_Vector_implC2Ev
FNDA:54,_ZNSt12_Vector_baseISt5tupleIJS0_IJddEES1_S0_IJiiEEEESaIS3_EE12_Vector_implC2ERKS4_
FNDA:252,_ZNSt12_Vector_baseISt5tupleIJdS0_IJddEEEESaIS2_EE12_Vector_implC2ERKS3_
FNDA:53,_ZNSt12_Vector_baseISt5tupleIJiiEESaIS1_EE19_M_get_Tp_allocatorEv
FNDA:274,_ZNSt12_Vector_baseISt5tupleIJS0_IJddEES1_S0_IJiiEEEESaIS3_EE19_M_get_Tp_allocatorEv
FNDA:0,_ZNSt12_Vector_baseISt5tupleIJddEESaIS1_EE19_M_get_Tp_allocatorEv
FNDA:679,_ZNSt12_Vector_baseISt5tupleIJdS0_IJddEEEESaIS2_EE19_M_get_Tp_allocatorEv
FNDA:30,_ZNKSt12_Vector_baseISt5tupleIJiiEESaIS1_EE19_M_get_Tp_allocatorEv
FNDA:158,_ZNKSt12_Vector_baseISt5tupleIJS0_IJddEES1_S0_IJiiEEEESaIS3_EE19_M_get_Tp_allocatorEv
FNDA:0,_ZNKSt12_Vector_baseISt5tupleIJddEESaIS1_EE19_M_get_Tp_allocatorEv
FNDA:310,_ZNKSt12_Vector_baseISt5tupleIJdS0_IJddEEEESaIS2_EE19_M_get_Tp_allocatorEv
FNDA:6,_ZNSt12_Vector_baseISt5tupleIJiiEESaIS1_EEC2Ev
FNDA:10,_ZNSt12_Vector_baseISt5tupleIJS0_IJddEES1_S0_IJiiEEEESaIS3_EEC2Ev
FNDA:17,_ZNSt12_Vector_baseISt5tupleIJdS0_IJddEEEESaIS2_EEC2Ev
FNDA:10,_ZNSt12_Vector_baseISt5tupleIJddEESaIS1_EEC2Ev
FNDA:54,_ZNSt12_Vector_baseISt5tupleIJS0_IJddEES1_S0_IJiiEEEESaIS3_EEC2EmRKS4_
FNDA:220,_ZNSt12_Vector_baseISt5tupleIJdS0_IJddEEEESaIS2_EEC2EmRKS3_
FNDA:7,_ZNSt12_Vector_baseISt5tupleIJiiEESaIS1_EED2Ev
FNDA:64,_ZNSt12_Vector_baseISt5tupleIJS0_IJddEES1_S0_IJiiEEEESaIS3_EED2Ev
FNDA:0,_ZNSt12_Vector_baseISt5tupleIJddEESaIS1_EED2Ev
FNDA:269,_ZNSt12_Vector_baseISt5tupleIJdS0_IJddEEEESaIS2_EED2Ev
FNDA:16,_ZNSt12_Vector_baseISt5tupleIJiiEESaIS1_EE11_M_allocateEm
FNDA:106,_ZNSt12_Vector_baseISt5tupleIJS0_IJddEES1_S0_IJiiEEEESaIS3_EE11_M_allocateEm
FNDA:302,_ZNSt12_Vector_baseISt5tupleIJdS0_IJddEEEESaIS2_EE11_M_allocateEm
FNDA:0,_ZNSt12_Vector_baseISt5tupleIJddEESaIS1_EE11_M_allocateEm
FNDA:22,_ZNSt12_Vector_baseISt5tupleIJiiEESaIS1_EE13_M_deallocateEPS1_m
FNDA:116,_ZNSt12_Vector_baseISt5tupleIJS0_IJddEES1_S0_IJiiEEEESaIS3_EE13_M_deallocateEPS3_m
FNDA:319,_ZNSt12_Vector_baseISt5tupleIJdS0_IJddEEEESaIS2_EE13_M_deallocateEPS2_m
FNDA:0,_ZNSt12_Vector_baseISt5tupleIJddEESaIS1_EE13_M_deallocateEPS1_m
FNDA:54,_ZNSt12_Vector_baseISt5tupleIJS0_IJddEES1_S0_IJiiEEEESaIS3_EE17_M_create_storageEm
FNDA:220,_ZNSt12_Vector_baseISt5tupleIJdS0_IJddEEEESaIS2_EE17_M_create_storageEm
FNDA:6,_ZNSt6vectorISt5tupleIJiiEESaIS1_EEC2Ev
FNDA:10,_ZNSt6vectorISt5tupleIJS0_IJddEES1_S0_IJiiEEEESaIS3_EEC2Ev
FNDA:17,_ZNSt6vectorISt5tupleIJdS0_IJddEEEESaIS2_EEC2Ev
FNDA:10,_ZNSt6vectorISt5tupleIJddEESaIS1_EEC2Ev
FNDA:54,_ZNSt6vectorISt5tupleIJS0_IJddEES1_S0_IJiiEEEESaIS3_EEC2ERKS5_
FNDA:220,_ZNSt6vectorISt5tupleIJdS0_IJddEEEESaIS2_EEC2ERKS4_
FNDA:7,_ZNSt6vectorISt5tupleIJiiEESaIS1_EED2Ev
FNDA:64,_ZNSt6vectorISt5tupleIJS0_IJddEES1_S0_IJiiEEEESaIS3_EED2Ev
FNDA:0,_ZNSt6vectorISt5tupleIJddEESaIS1_EED2Ev
FNDA:269,_ZNSt6vectorISt5tupleIJdS0_IJddEEEESaIS2_EED2Ev
FNDA:15,_ZNSt6vectorISt5tupleIJiiEESaIS1_EE5beginEv
FNDA:52,_ZNSt6vectorISt5tupleIJS0_IJddEES1_S0_IJiiEEEESaIS3_EE5beginEv
FNDA:58,_ZNSt6vectorISt5tupleIJdS0_IJddEEEESaIS2_EE5beginEv
FNDA:10,_ZNSt6vectorISt5tupleIJddEESaIS1_EE5beginEv
FNDA:54,_ZNKSt6vectorISt5tupleIJS0_IJddEES1_S0_IJiiEEEESaIS3_EE5beginEv
FNDA:0,_ZNKSt6vectorISt5tupleIJddEESaIS1_EE5beginEv
FNDA:238,_ZNKSt6vectorISt5tupleIJdS0_IJddEEEESaIS2_EE5beginEv
FNDA:15,_ZNSt6vectorISt5tupleIJiiEESaIS1_EE3endEv
FNDA:52,_ZNSt6vectorISt5tupleIJS0_IJddEES1_S0_IJiiEEEESaIS3_EE3endEv
FNDA:58,_ZNSt6vectorISt5tupleIJdS0_IJddEEEESaIS2_EE3endEv
FNDA:10,_ZNSt6vectorISt5tupleIJddEESaIS1_EE3endEv
FNDA:54,_ZNKSt6vectorISt5tupleIJS0_IJddEES1_S0_IJiiEEEESaIS3_EE3endEv
FNDA:0,_ZNKSt6vectorISt5tupleIJddEESaIS1_EE3endEv
FNDA:238,_ZNKSt6vectorISt5tupleIJdS0_IJddEEEESaIS2_EE3endEv
FNDA:63,_ZNKSt6vectorISt5tupleIJiiEESaIS1_EE4sizeEv
FNDA:30,_ZNKSt6vectorIS_ISt5tupleIJdS0_IJddEEEESaIS2_EESaIS4_EE4sizeEv
FNDA:0,_ZNKSt6vectorISt5tupleIJddEESaIS1_EE4sizeEv
FNDA:4,_ZNKSt6vectorIS_ISt5tupleIJddEESaIS1_EESaIS3_EE4sizeEv
FNDA:417,_ZNKSt6vectorISt5tupleIJS0_IJddEES1_S0_IJiiEEEESaIS3_EE4sizeEv
FNDA:1420,_ZNKSt6vectorISt5tupleIJdS0_IJddEEEESaIS2_EE4sizeEv
FNDA:30,_ZNKSt6vectorISt5tupleIJiiEESaIS1_EE8max_sizeEv
FNDA:104,_ZNKSt6vectorISt5tupleIJS0_IJddEES1_S0_IJiiEEEESaIS3_EE8max_sizeEv
FNDA:16,_ZNKSt6vectorISt5tupleIJddEESaIS1_EE8max_sizeEv
FNDA:18,_ZNKSt6vectorISt5tupleIJdS0_IJddEEEESaIS2_EE8capacityEv
FNDA:3,_ZNKSt6vectorISt5tupleIJddEESaIS1_EE8capacityEv
FNDA:18,_ZNSt6vectorIS_ISt5tupleIJdS0_IJddEEEESaIS2_EESaIS4_EEixEm
FNDA:715,_ZNSt6vectorISt5tupleIJddEESaIS1_EEixEm
FNDA:3,_ZNSt6vectorIS_ISt5tupleIJddEESaIS1_EESaIS3_EEixEm
FNDA:350,_ZNSt6vectorISt5tupleIJS0_IJddEES1_S0_IJiiEEEESaIS3_EEixEm
FNDA:1359,_ZNSt6vectorISt5tupleIJdS0_IJddEEEESaIS2_EEixEm
FNDA:20,_ZNSt6vectorISt5tupleIJiiEESaIS1_EE9push_backERKS1_
FNDA:487,_ZNSt6vectorISt5tupleIJS0_IJddEES1_S0_IJiiEEEESaIS3_EE9push_backERKS3_
FNDA:8,_ZNSt6vectorISt5tupleIJddEESaIS1_EE9push_backERKS1_
FNDA:0,_ZNSt6vectorISt5tupleIJdS0_IJddEEEESaIS2_EE5clearEv
FNDA:0,_ZNSt6vectorISt5tupleIJddEESaIS1_EE5clearEv
FNDA:5,_ZNSt6vectorISt5tupleIJdS0_IJddEEEESaIS2_EE20_M_allocate_and_copyIN9__gnu_cxx17__normal_iteratorIPKS2_S4_EEEEPS2_mT_SC_
FNDA:1,_ZNSt6vectorISt5tupleIJddEESaIS1_EE20_M_allocate_and_copyIN9__gnu_cxx17__normal_iteratorIPKS1_S3_EEEEPS1_mT_SB_
FNDA:15,_ZNKSt6vectorISt5tupleIJiiEESaIS1_EE12_M_check_lenEmPKc
FNDA:52,_ZNKSt6vectorISt5tupleIJS0_IJddEES1_S0_IJiiEEEESaIS3_EE12_M_check_lenEmPKc
FNDA:8,_ZNKSt6vectorISt5tupleIJddEESaIS1_EE12_M_check_lenEmPKc
FNDA:0,_ZNSt6vectorISt5tupleIJdS0_IJddEEEESaIS2_EE15_M_erase_at_endEPS2_
FNDA:0,_ZNSt6vectorISt5tupleIJddEESaIS1_EE15_M_erase_at_endEPS1_
FNF:86
FNH:73
DA:95,43
DA:96,43
DA:97,43
DA:99,306
DA:100,306
DA:101,306
DA:237,1006
DA:238,1006
DA:241,498
DA:242,498
DA:248,43
DA:249,43
DA:258,274
DA:259,274
DA:260,274
DA:283,340
DA:285,340
DA:286,340
DA:287,340
DA:293,424
DA:296,424
DA:300,457
DA:303,457
DA:304,424
DA:305,457
DA:309,274
DA:311,274
DA:312,274
DA:313,274
DA:314,274
DA:391,43
DA:395,43
DA:458,274
DA:460,274
DA:462,274
DA:463,274
DA:465,274
DA:466,274
DA:565,340
DA:567,340
DA:568,340
DA:570,340
DA:698,135
DA:699,135
DA:707,292
DA:708,292
DA:716,135
DA:717,135
DA:725,292
DA:726,292
DA:805,1934
DA:806,1934
DA:810,150
DA:811,150
DA:885,21
DA:886,21
DA:887,21
DA:930,2445
DA:933,2445
DA:1074,515
DA:1076,515
DA:1079,440
DA:1081,440
DA:1085,75
DA:1086,515
DA:1385,0
DA:1386,0
DA:1395,6
DA:1398,6
DA:1401,6
DA:1402,6
DA:1403,6
DA:1405,0
DA:1407,0
DA:1408,0
DA:1640,75
DA:1642,75
DA:1643,0
DA:1645,75
DA:1646,75
DA:1654,0
DA:1656,0
DA:1658,0
DA:1659,0
DA:1660,0
DA:1663,0
LF:86
LH:74
end_of_record
SF:/usr/include/c++/8/tuple
FN:132,_ZNSt10_Head_baseILm0EiLb0EEC2IRiEEOT_
FN:132,_ZNSt10_Head_baseILm0ESt5tupleIJddEELb0EEC2IRS1_EEOT_
FN:132,_ZNSt10_Head_baseILm1ESt5tupleIJddEELb0EEC2IS1_EEOT_
FN:132,_ZNSt10_Head_baseILm1EdLb0EEC2IRdEEOT_
FN:132,_ZNSt10_Head_baseILm1EiLb0EEC2IRiEEOT_
FN:132,_ZNSt10_Head_baseILm0EiLb0EEC2IiEEOT_
FN:132,_ZNSt10_Head_baseILm0ESt5tupleIJddEELb0EEC2IS1_EEOT_
FN:132,_ZNSt10_Head_baseILm1EiLb0EEC2IiEEOT_
FN:132,_ZNSt10_Head_baseILm1EdLb0EEC2IdEEOT_
FN:132,_ZNSt10_Head_baseILm2ESt5tupleIJiiEELb0EEC2IRS1_EEOT_
FN:132,_ZNSt10_Head_baseILm1ESt5tupleIJddEELb0EEC2IRS1_EEOT_
FN:132,_ZNSt10_Head_baseILm2ESt5tupleIJiiEELb0EEC2IS1_EEOT_
FN:132,_ZNSt10_Head_baseILm0EdLb0EEC2IdEEOT_
FN:132,_ZNSt10_Head_baseILm0EdLb0EEC2IRdEEOT_
FN:160,_ZNSt10_Head_baseILm2ESt5tupleIJiiEELb0EE7_M_headERS2_
FN:160,_ZNSt10_Head_baseILm0EiLb0EE7_M_headERS0_
FN:160,_ZNSt10_Head_baseILm1EiLb0EE7_M_headERS0_
FN:160,_ZNSt10_Head_baseILm0EdLb0EE7_M_headERS0_
FN:160,_ZNSt10_Head_baseILm1ESt5tupleIJddEELb0EE7_M_headERS2_
FN:160,_ZNSt10_Head_baseILm1EdLb0EE7_M_headERS0_
FN:160,_ZNSt10_Head_baseILm0ESt5tupleIJddEELb0EE7_M_headERS2_
FN:163,_ZNSt10_Head_baseILm0EdLb0EE7_M_headERKS0_
FN:163,_ZNSt10_Head_baseILm1EdLb0EE7_M_headERKS0_
FN:163,_ZNSt10_Head_baseILm1ESt5tupleIJddEELb0EE7_M_headERKS2_
FN:195,_ZNSt11_Tuple_implILm1EJSt5tupleIJddEES0_IJiiEEEE7_M_headERS3_
FN:195,_ZNSt11_Tuple_implILm0EJSt5tupleIJddEES1_S0_IJiiEEEE7_M_headERS3_
FN:195,_ZNSt11_Tuple_implILm0EJddEE7_M_headERS0_
FN:195,_ZNSt11_Tuple_implILm0EJiiEE7_M_headERS0_
FN:195,_ZNSt11_Tuple_implILm0EJdSt5tupleIJddEEEE7_M_headERS2_
FN:198,_ZNSt11_Tuple_implILm0EJddEE7_M_headERKS0_
FN:198,_ZNSt11_Tuple_implILm0EJdSt5tupleIJddEEEE7_M_headERKS2_
FN:201,_ZNSt11_Tuple_implILm0EJSt5tupleIJddEES1_S0_IJiiEEEE7_M_tailERS3_
FN:201,_ZNSt11_Tuple_implILm1EJSt5tupleIJddEES0_IJiiEEEE7_M_tailERS3_
FN:201,_ZNSt11_Tuple_implILm0EJddEE7_M_tailERS0_
FN:201,_ZNSt11_Tuple_implILm0EJiiEE7_M_tailERS0_
FN:201,_ZNSt11_Tuple_implILm0EJdSt5tupleIJddEEEE7_M_tailERS2_
FN:204,_ZNSt11_Tuple_implILm0EJddEE7_M_tailERKS0_
FN:204,_ZNSt11_Tuple_implILm0EJdSt5tupleIJddEEEE7_M_tailERKS2_
FN:216,_ZNSt11_Tuple_implILm0EJddEEC2IRdJS2_EvEEOT_DpOT0_
FN:216,_ZNSt11_Tuple_implILm1EJSt5tupleIJddEES0_IJiiEEEEC2IRS1_JRS2_EvEEOT_DpOT0_
FN:216,_ZNSt11_Tuple_implILm0EJSt5tupleIJddEES1_S0_IJiiEEEEC2IRS1_JS5_RS2_EvEEOT_DpOT0_
FN:216,_ZNSt11_Tuple_implILm0EJiiEEC2IRiJS2_EvEEOT_DpOT0_
FN:223,_ZNSt11_Tuple_implILm1EJSt5tupleIJddEES0_IJiiEEEEC2EOS3_
FN:223,_ZNSt11_Tuple_implILm0EJiiEEC2EOS0_
FN:223,_ZNSt11_Tuple_implILm0EJSt5tupleIJddEES1_S0_IJiiEEEEC2EOS3_
FN:223,_ZNSt11_Tuple_implILm0EJddEEC2EOS0_
FN:292,_ZNSt11_Tuple_implILm0EJdSt5tupleIJddEEEEaSERKS2_
FN:292,_ZNSt11_Tuple_implILm0EJddEEaSERKS0_
FN:300,_ZNSt11_Tuple_implILm0EJiiEEaSEOS0_
FN:300,_ZNSt11_Tuple_implILm0EJddEEaSEOS0_
FN:351,_ZNSt11_Tuple_implILm1EJdEE7_M_headERS0_
FN:351,_ZNSt11_Tuple_implILm1EJiEE7_M_headERS0_
FN:351,_ZNSt11_Tuple_implILm1EJSt5tupleIJddEEEE7_M_headERS2_
FN:351,_ZNSt11_Tuple_implILm2EJSt5tupleIJiiEEEE7_M_headERS2_
FN:354,_ZNSt11_Tuple_implILm1EJdEE7_M_headERKS0_
FN:354,_ZNSt11_Tuple_implILm1EJSt5tupleIJddEEEE7_M_headERKS2_
FN:365,_ZNSt11_Tuple_implILm1EJdEEC2IRdEEOT_
FN:365,_ZNSt11_Tuple_implILm1EJiEEC2IRiEEOT_
FN:365,_ZNSt11_Tuple_implILm2EJSt5tupleIJiiEEEEC2IRS1_EEOT_
FN:371,_ZNSt11_Tuple_implILm1EJiEEC2EOS0_
FN:371,_ZNSt11_Tuple_implILm1EJdEEC2EOS0_
FN:371,_ZNSt11_Tuple_implILm2EJSt5tupleIJiiEEEEC2EOS2_
FN:424,_ZNSt11_Tuple_implILm1EJdEEaSERKS0_
FN:424,_ZNSt11_Tuple_implILm1EJSt5tupleIJddEEEEaSERKS2_
FN:431,_ZNSt11_Tuple_implILm1EJiEEaSEOS0_
FN:431,_ZNSt11_Tuple_implILm1EJdEEaSEOS0_
FN:646,_ZNSt5tupleIJS_IJddEES0_S_IJiiEEEEC1IJRS0_S4_RS1_ELb1EEEDpOT_
FN:662,_ZNSt5tupleIJS_IJddEES0_S_IJiiEEEEC2EOS2_
FN:971,_ZNSt5tupleIJddEEC1IRdS2_Lb1EEEOT_OT0_
FN:971,_ZNSt5tupleIJiiEEC1IRiS2_Lb1EEEOT_OT0_
FN:987,_ZNSt5tupleIJddEEC2EOS0_
FN:987,_ZNSt5tupleIJiiEEC2EOS0_
FN:1209,_ZNSt5tupleIJdS_IJddEEEEaSERKS1_
FN:1209,_ZNSt5tupleIJddEEaSERKS0_
FN:1216,_ZNSt5tupleIJddEEaSEOS0_
FN:1216,_ZNSt5tupleIJiiEEaSEOS0_
FN:1303,_ZSt12__get_helperILm0EiJiEERT0_RSt11_Tuple_implIXT_EJS0_DpT1_EE
FN:1303,_ZSt12__get_helperILm1EiJEERT0_RSt11_Tuple_implIXT_EJS0_DpT1_EE
FN:1314,_ZSt3getILm0EJiiEERNSt13tuple_elementIXT_ESt5tupleIJDpT0_EEE4typeERS4_
FN:1314,_ZSt3getILm1EJiiEERNSt13tuple_elementIXT_ESt5tupleIJDpT0_EEE4typeERS4_
FNDA:807,_ZNSt10_Head_baseILm0ESt5tupleIJddEELb0EEC2IS1_EEOT_
FNDA:822,_ZNSt10_Head_baseILm0EiLb0EEC2IiEEOT_
FNDA:1991,_ZNSt10_Head_baseILm0EdLb0EEC2IdEEOT_
FNDA:992,_ZNSt10_Head_baseILm1ESt5tupleIJddEELb0EEC2IS1_EEOT_
FNDA:807,_ZNSt10_Head_baseILm2ESt5tupleIJiiEELb0EEC2IS1_EEOT_
FNDA:680,_ZNSt10_Head_baseILm1ESt5tupleIJddEELb0EEC2IRS1_EEOT_
FNDA:487,_ZNSt10_Head_baseILm0ESt5tupleIJddEELb0EEC2IRS1_EEOT_
FNDA:1428,_ZNSt10_Head_baseILm0EdLb0EEC2IRdEEOT_
FNDA:487,_ZNSt10_Head_baseILm0EiLb0EEC2IRiEEOT_
FNDA:822,_ZNSt10_Head_baseILm1EiLb0EEC2IiEEOT_
FNDA:1806,_ZNSt10_Head_baseILm1EdLb0EEC2IdEEOT_
FNDA:487,_ZNSt10_Head_baseILm2ESt5tupleIJiiEELb0EEC2IRS1_EEOT_
FNDA:1235,_ZNSt10_Head_baseILm1EdLb0EEC2IRdEEOT_
FNDA:487,_ZNSt10_Head_baseILm1EiLb0EEC2IRiEEOT_
FNDA:960,_ZNSt10_Head_baseILm0ESt5tupleIJddEELb0EE7_M_headERS2_
FNDA:5760,_ZNSt10_Head_baseILm0EdLb0EE7_M_headERS0_
FNDA:1919,_ZNSt10_Head_baseILm1ESt5tupleIJddEELb0EE7_M_headERS2_
FNDA:851,_ZNSt10_Head_baseILm2ESt5tupleIJiiEELb0EE7_M_headERS2_
FNDA:934,_ZNSt10_Head_baseILm0EiLb0EE7_M_headERS0_
FNDA:934,_ZNSt10_Head_baseILm1EiLb0EE7_M_headERS0_
FNDA:4834,_ZNSt10_Head_baseILm1EdLb0EE7_M_headERS0_
FNDA:0,_ZNSt10_Head_baseILm1EdLb0EE7_M_headERKS0_
FNDA:0,_ZNSt10_Head_baseILm0EdLb0EE7_M_headERKS0_
FNDA:101,_ZNSt10_Head_baseILm1ESt5tupleIJddEELb0EE7_M_headERKS2_
FNDA:856,_ZNSt11_Tuple_implILm0EJdSt5tupleIJddEEEE7_M_headERS2_
FNDA:960,_ZNSt11_Tuple_implILm0EJSt5tupleIJddEES1_S0_IJiiEEEE7_M_headERS3_
FNDA:4904,_ZNSt11_Tuple_implILm0EJddEE7_M_headERS0_
FNDA:960,_ZNSt11_Tuple_implILm1EJSt5tupleIJddEES0_IJiiEEEE7_M_headERS3_
FNDA:934,_ZNSt11_Tuple_implILm0EJiiEE7_M_headERS0_
FNDA:0,_ZNSt11_Tuple_implILm0EJddEE7_M_headERKS0_
FNDA:117,_ZNSt11_Tuple_implILm0EJdSt5tupleIJddEEEE7_M_headERKS2_
FNDA:274,_ZNSt11_Tuple_implILm0EJdSt5tupleIJddEEEE7_M_tailERS2_
FNDA:807,_ZNSt11_Tuple_implILm0EJSt5tupleIJddEES1_S0_IJiiEEEE7_M_tailERS3_
FNDA:910,_ZNSt11_Tuple_implILm0EJiiEE7_M_tailERS0_
FNDA:1925,_ZNSt11_Tuple_implILm0EJddEE7_M_tailERS0_
FNDA:807,_ZNSt11_Tuple_implILm1EJSt5tupleIJddEES0_IJiiEEEE7_M_tailERS3_
FNDA:113,_ZNSt11_Tuple_implILm0EJddEE7_M_tailERKS0_
FNDA:89,_ZNSt11_Tuple_implILm0EJdSt5tupleIJddEEEE7_M_tailERKS2_
FNDA:487,_ZNSt11_Tuple_implILm1EJSt5tupleIJddEES0_IJiiEEEEC2IRS1_JRS2_EvEEOT_DpOT0_
FNDA:487,_ZNSt11_Tuple_implILm0EJSt5tupleIJddEES1_S0_IJiiEEEEC2IRS1_JS5_RS2_EvEEOT_DpOT0_
FNDA:1235,_ZNSt11_Tuple_implILm0EJddEEC2IRdJS2_EvEEOT_DpOT0_
FNDA:487,_ZNSt11_Tuple_implILm0EJiiEEC2IRiJS2_EvEEOT_DpOT0_
FNDA:807,_ZNSt11_Tuple_implILm0EJSt5tupleIJddEES1_S0_IJiiEEEEC2EOS3_
FNDA:822,_ZNSt11_Tuple_implILm0EJiiEEC2EOS0_
FNDA:1806,_ZNSt11_Tuple_implILm0EJddEEC2EOS0_
FNDA:807,_ZNSt11_Tuple_implILm1EJSt5tupleIJddEES0_IJiiEEEEC2EOS3_
FNDA:113,_ZNSt11_Tuple_implILm0EJddEEaSERKS0_
FNDA:89,_ZNSt11_Tuple_implILm0EJdSt5tupleIJddEEEEaSERKS2_
FNDA:3,_ZNSt11_Tuple_implILm0EJddEEaSEOS0_
FNDA:44,_ZNSt11_Tuple_implILm0EJiiEEaSEOS0_
FNDA:959,_ZNSt11_Tuple_implILm1EJSt5tupleIJddEEEE7_M_headERS2_
FNDA:851,_ZNSt11_Tuple_implILm2EJSt5tupleIJiiEEEE7_M_headERS2_
FNDA:934,_ZNSt11_Tuple_implILm1EJiEE7_M_headERS0_
FNDA:4834,_ZNSt11_Tuple_implILm1EJdEE7_M_headERS0_
FNDA:0,_ZNSt11_Tuple_implILm1EJdEE7_M_headERKS0_
FNDA:101,_ZNSt11_Tuple_implILm1EJSt5tupleIJddEEEE7_M_headERKS2_
FNDA:487,_ZNSt11_Tuple_implILm2EJSt5tupleIJiiEEEEC2IRS1_EEOT_
FNDA:1235,_ZNSt11_Tuple_implILm1EJdEEC2IRdEEOT_
FNDA:487,_ZNSt11_Tuple_implILm1EJiEEC2IRiEEOT_
FNDA:807,_ZNSt11_Tuple_implILm2EJSt5tupleIJiiEEEEC2EOS2_
FNDA:822,_ZNSt11_Tuple_implILm1EJiEEC2EOS0_
FNDA:1806,_ZNSt11_Tuple_implILm1EJdEEC2EOS0_
FNDA:113,_ZNSt11_Tuple_implILm1EJdEEaSERKS0_
FNDA:89,_ZNSt11_Tuple_implILm1EJSt5tupleIJddEEEEaSERKS2_
FNDA:3,_ZNSt11_Tuple_implILm1EJdEEaSEOS0_
FNDA:44,_ZNSt11_Tuple_implILm1EJiEEaSEOS0_
FNDA:487,_ZNSt5tupleIJS_IJddEES0_S_IJiiEEEEC1IJRS0_S4_RS1_ELb1EEEDpOT_
FNDA:807,_ZNSt5tupleIJS_IJddEES0_S_IJiiEEEEC2EOS2_
FNDA:1235,_ZNSt5tupleIJddEEC1IRdS2_Lb1EEEOT_OT0_
FNDA:487,_ZNSt5tupleIJiiEEC1IRiS2_Lb1EEEOT_OT0_
FNDA:822,_ZNSt5tupleIJiiEEC2EOS0_
FNDA:1806,_ZNSt5tupleIJddEEC2EOS0_
FNDA:113,_ZNSt5tupleIJddEEaSERKS0_
FNDA:89,_ZNSt5tupleIJdS_IJddEEEEaSERKS1_
FNDA:3,_ZNSt5tupleIJddEEaSEOS0_
FNDA:44,_ZNSt5tupleIJiiEEaSEOS0_
FNDA:24,_ZSt12__get_helperILm1EiJEERT0_RSt11_Tuple_implIXT_EJS0_DpT1_EE
FNDA:24,_ZSt12__get_helperILm0EiJiEERT0_RSt11_Tuple_implIXT_EJS0_DpT1_EE
FNDA:24,_ZSt3getILm1EJiiEERNSt13tuple_elementIXT_ESt5tupleIJDpT0_EEE4typeERS4_
FNDA:24,_ZSt3getILm0EJiiEERNSt13tuple_elementIXT_ESt5tupleIJDpT0_EEE4typeERS4_
FNF:80
FNH:76
DA:132,13338
DA:133,13338
DA:160,16192
DA:163,101
DA:195,8614
DA:198,117
DA:201,4723
DA:204,202
DA:216,2696
DA:218,2696
DA:223,4242
DA:226,4242
DA:227,8484
DA:292,202
DA:294,202
DA:295,202
DA:296,202
DA:300,47
DA:304,47
DA:305,47
DA:306,47
DA:351,7578
DA:354,101
DA:365,2209
DA:366,2209
DA:371,3435
DA:373,3435
DA:424,202
DA:426,202
DA:427,202
DA:431,47
DA:434,47
DA:435,47
DA:646,487
DA:647,487
DA:662,807
DA:971,1722
DA:972,1722
DA:987,2628
DA:1209,202
DA:1211,202
DA:1212,202
DA:1216,47
DA:1219,47
DA:1220,47
DA:1303,48
DA:1304,48
DA:1314,48
DA:1315,48
DA:1464,1722
DA:1468,1722
LF:51
LH:51
end_of_record
SF:/usr/include/c++/8/bits/vector.tcc
FN:186,_ZNSt6vectorISt5tupleIJdS0_IJddEEEESaIS2_EEaSERKS4_
FN:186,_ZNSt6vectorISt5tupleIJddEESaIS1_EEaSERKS3_
FN:413,_ZNSt6vectorISt5tupleIJS0_IJddEES1_S0_IJiiEEEESaIS3_EE17_M_realloc_insertIJRKS3_EEEvN9__gnu_cxx17__normal_iteratorIPS3_S5_EEDpOT_
FN:413,_ZNSt6vectorISt5tupleIJiiEESaIS1_EE17_M_realloc_insertIJRKS1_EEEvN9__gnu_cxx17__normal_iteratorIPS1_S3_EEDpOT_
FN:413,_ZNSt6vectorISt5tupleIJddEESaIS1_EE17_M_realloc_insertIJRKS1_EEEvN9__gnu_cxx17__normal_iteratorIPS1_S3_EEDpOT_
FNDA:18,_ZNSt6vectorISt5tupleIJdS0_IJddEEEESaIS2_EEaSERKS4_
FNDA:3,_ZNSt6vectorISt5tupleIJddEESaIS1_EEaSERKS3_
FNDA:15,_ZNSt6vectorISt5tupleIJiiEESaIS1_EE17_M_realloc_insertIJRKS1_EEEvN9__gnu_cxx17__normal_iteratorIPS1_S3_EEDpOT_
FNDA:52,_ZNSt6vectorISt5tupleIJS0_IJddEES1_S0_IJiiEEEESaIS3_EE17_M_realloc_insertIJRKS3_EEEvN9__gnu_cxx17__normal_iteratorIPS3_S5_EEDpOT_
FNDA:8,_ZNSt6vectorISt5tupleIJddEESaIS1_EE17_M_realloc_insertIJRKS1_EEEvN9__gnu_cxx17__normal_iteratorIPS1_S3_EEDpOT_
FNF:5
FNH:5
DA:186,21
DA:189,21
DA:193,21
DA:195,0
DA:196,0
DA:199,0
DA:200,0
DA:201,0
DA:202,0
DA:203,0
DA:204,0
DA:205,0
DA:207,0
DA:211,21
DA:212,21
DA:214,6
DA:216,6
DA:217,6
DA:218,12
DA:219,6
DA:220,6
DA:221,6
DA:222,6
DA:224,15
DA:226,15
DA:227,15
DA:231,0
DA:233,0
DA:234,0
DA:236,0
DA:238,21
DA:240,21
DA:413,75
DA:422,75
DA:424,75
DA:425,75
DA:426,75
DA:427,75
DA:428,75
DA:436,75
DA:437,75
DA:443,75
DA:447,75
DA:448,75
DA:450,75
DA:454,75
DA:455,75
DA:457,0
DA:459,0
DA:460,0
DA:461,0
DA:463,0
DA:464,0
DA:465,0
DA:468,75
DA:469,150
DA:470,75
DA:471,75
DA:472,75
DA:473,75
DA:474,75
LF:61
LH:40
end_of_record
TN:
SF:/home/leito-chan/Downloads/TPI/transporteUrbano/auxiliares.cpp
FN:7,_Z14obtenerLatitudSt5tupleIJddEE
FN:11,_Z15obtenerLongitudSt5tupleIJddEE
FN:15,_Z15obtenerPosicionSt5tupleIJdS_IJddEEEE
FN:19,_Z13obtenerTiempoSt5tupleIJdS_IJddEEEE
FN:23,_Z22obtenerEsquinaSuperiorSt5tupleIJS_IJddEES0_S_IJiiEEEE
FN:27,_Z22obtenerEsquinaInferiorSt5tupleIJS_IJddEES0_S_IJiiEEEE
FN:31,_Z13obtenerNombreSt5tupleIJS_IJddEES0_S_IJiiEEEE
FN:35,_Z7distMtsSt5tupleIJddEES0_
FN:40,_Z8distEnKMSt5tupleIJddEES0_
FN:63,_Z12desviarPuntoSt5tupleIJddEEdd
FN:76,_Z8puntoGpsdd
FN:80,_Z8mediciondSt5tupleIJddEE
FNDA:5938,_Z14obtenerLatitudSt5tupleIJddEE
FNDA:5802,_Z15obtenerLongitudSt5tupleIJddEE
FNDA:1370,_Z15obtenerPosicionSt5tupleIJdS_IJddEEEE
FNDA:1164,_Z13obtenerTiempoSt5tupleIJdS_IJddEEEE
FNDA:306,_Z22obtenerEsquinaSuperiorSt5tupleIJS_IJddEES0_S_IJiiEEEE
FNDA:306,_Z22obtenerEsquinaInferiorSt5tupleIJS_IJddEES0_S_IJiiEEEE
FNDA:88,_Z13obtenerNombreSt5tupleIJS_IJddEES0_S_IJiiEEEE
FNDA:1156,_Z7distMtsSt5tupleIJddEES0_
FNDA:1210,_Z8distEnKMSt5tupleIJddEES0_
FNDA:242,_Z12desviarPuntoSt5tupleIJddEEdd
FNDA:522,_Z8puntoGpsdd
FNDA:386,_Z8mediciondSt5tupleIJddEE
FNF:12
FNH:12
DA:7,5938
DA:8,5938
DA:11,5802
DA:12,5802
DA:15,1370
DA:16,1370
DA:19,1164
DA:20,1164
DA:23,306
DA:24,306
DA:27,306
DA:28,306
DA:31,88
DA:32,88
DA:35,1156
DA:36,1156
DA:40,1210
DA:41,1210
DA:42,1210
DA:43,1210
DA:44,1210
DA:47,1210
DA:48,1210
DA:51,1210
DA:52,1210
DA:55,1210
DA:56,1210
DA:57,2420
DA:59,1210
DA:60,1210
DA:63,242
DA:64,242
DA:65,242
DA:67,242
DA:68,242
DA:69,242
DA:70,242
DA:71,242
DA:76,522
DA:77,522
DA:80,386
DA:81,386
LF:42
LH:42
end_of_record
SF:/usr/include/c++/8/cmath
FN:415,_ZSt3powIdiEN9__gnu_cxx11__promote_2IT_T0_NS0_9__promoteIS2_XsrSt12__is_integerIS2_E7__valueEE6__typeENS4_IS3_XsrS5_IS3_E7__valueEE6__typeEE6__typeES2_S3_
FNDA:2420,_ZSt3powIdiEN9__gnu_cxx11__promote_2IT_T0_NS0_9__promoteIS2_XsrSt12__is_integerIS2_E7__valueEE6__typeENS4_IS3_XsrS5_IS3_E7__valueEE6__typeEE6__typeES2_S3_
FNF:1
FNH:1
DA:415,2420
DA:418,2420
LF:2
LH:2
end_of_record
SF:/usr/include/c++/8/bits/move.h
FN:74,_ZSt7forwardIRdEOT_RNSt16remove_referenceIS1_E4typeE
FN:74,_ZSt7forwardIRSt5tupleIJddEEEOT_RNSt16remove_referenceIS3_E4typeE
FNDA:0,_ZSt7forwardIRSt5tupleIJddEEEOT_RNSt16remove_referenceIS3_E4typeE
FNDA:0,_ZSt7forwardIRdEOT_RNSt16remove_referenceIS1_E4typeE
FNF:2
FNH:0
DA:74,0
DA:75,0
LF:2
LH:0
end_of_record
SF:/usr/include/c++/8/tuple
FN:132,_ZNSt10_Head_baseILm1EdLb0EEC2IRdEEOT_
FN:132,_ZNSt10_Head_baseILm1ESt5tupleIJddEELb0EEC2IRS1_EEOT_
FN:132,_ZNSt10_Head_baseILm0EdLb0EEC2IRdEEOT_
FN:160,_ZNSt10_Head_baseILm2ESt5tupleIJiiEELb0EE7_M_headERS2_
FN:160,_ZNSt10_Head_baseILm1EdLb0EE7_M_headERS0_
FN:160,_ZNSt10_Head_baseILm0ESt5tupleIJddEELb0EE7_M_headERS2_
FN:160,_ZNSt10_Head_baseILm0EdLb0EE7_M_headERS0_
FN:160,_ZNSt10_Head_baseILm1ESt5tupleIJddEELb0EE7_M_headERS2_
FN:195,_ZNSt11_Tuple_implILm1EJSt5tupleIJddEES0_IJiiEEEE7_M_headERS3_
FN:195,_ZNSt11_Tuple_implILm0EJSt5tupleIJddEES1_S0_IJiiEEEE7_M_headERS3_
FN:195,_ZNSt11_Tuple_implILm0EJddEE7_M_headERS0_
FN:195,_ZNSt11_Tuple_implILm0EJdSt5tupleIJddEEEE7_M_headERS2_
FN:216,_ZNSt11_Tuple_implILm0EJddEEC2IRdJS2_EvEEOT_DpOT0_
FN:216,_ZNSt11_Tuple_implILm0EJdSt5tupleIJddEEEEC2IRdJRS1_EvEEOT_DpOT0_
FN:351,_ZNSt11_Tuple_implILm1EJSt5tupleIJddEEEE7_M_headERS2_
FN:351,_ZNSt11_Tuple_implILm2EJSt5tupleIJiiEEEE7_M_headERS2_
FN:351,_ZNSt11_Tuple_implILm1EJdEE7_M_headERS0_
FN:365,_ZNSt11_Tuple_implILm1EJSt5tupleIJddEEEEC2IRS1_EEOT_
FN:365,_ZNSt11_Tuple_implILm1EJdEEC2IRdEEOT_
FN:971,_ZNSt5tupleIJddEEC1IRdS2_Lb1EEEOT_OT0_
FN:971,_ZNSt5tupleIJdS_IJddEEEEC1IRdRS0_Lb1EEEOT_OT0_
FN:1303,_ZSt12__get_helperILm1ESt5tupleIJddEEJEERT0_RSt11_Tuple_implIXT_EJS2_DpT1_EE
FN:1303,_ZSt12__get_helperILm1ESt5tupleIJddEEJS0_IJiiEEEERT0_RSt11_Tuple_implIXT_EJS3_DpT1_EE
FN:1303,_ZSt12__get_helperILm1EdJEERT0_RSt11_Tuple_implIXT_EJS0_DpT1_EE
FN:1303,_ZSt12__get_helperILm0ESt5tupleIJddEEJS1_S0_IJiiEEEERT0_RSt11_Tuple_implIXT_EJS3_DpT1_EE
FN:1303,_ZSt12__get_helperILm0EdJdEERT0_RSt11_Tuple_implIXT_EJS0_DpT1_EE
FN:1303,_ZSt12__get_helperILm2ESt5tupleIJiiEEJEERT0_RSt11_Tuple_implIXT_EJS2_DpT1_EE
FN:1303,_ZSt12__get_helperILm0EdJSt5tupleIJddEEEERT0_RSt11_Tuple_implIXT_EJS2_DpT1_EE
FN:1314,_ZSt3getILm2EJSt5tupleIJddEES1_S0_IJiiEEEERNSt13tuple_elementIXT_ES0_IJDpT0_EEE4typeERS6_
FN:1314,_ZSt3getILm1EJSt5tupleIJddEES1_S0_IJiiEEEERNSt13tuple_elementIXT_ES0_IJDpT0_EEE4typeERS6_
FN:1314,_ZSt3getILm0EJSt5tupleIJddEES1_S0_IJiiEEEERNSt13tuple_elementIXT_ES0_IJDpT0_EEE4typeERS6_
FN:1314,_ZSt3getILm0EJddEERNSt13tuple_elementIXT_ESt5tupleIJDpT0_EEE4typeERS4_
FN:1314,_ZSt3getILm0EJdSt5tupleIJddEEEERNSt13tuple_elementIXT_ES0_IJDpT0_EEE4typeERS5_
FN:1314,_ZSt3getILm1EJddEERNSt13tuple_elementIXT_ESt5tupleIJDpT0_EEE4typeERS4_
FN:1314,_ZSt3getILm1EJdSt5tupleIJddEEEERNSt13tuple_elementIXT_ES0_IJDpT0_EEE4typeERS5_
FNDA:0,_ZNSt10_Head_baseILm0EdLb0EEC2IRdEEOT_
FNDA:0,_ZNSt10_Head_baseILm1ESt5tupleIJddEELb0EEC2IRS1_EEOT_
FNDA:0,_ZNSt10_Head_baseILm1EdLb0EEC2IRdEEOT_
FNDA:0,_ZNSt10_Head_baseILm0EdLb0EE7_M_headERS0_
FNDA:0,_ZNSt10_Head_baseILm1EdLb0EE7_M_headERS0_
FNDA:0,_ZNSt10_Head_baseILm2ESt5tupleIJiiEELb0EE7_M_headERS2_
FNDA:0,_ZNSt10_Head_baseILm0ESt5tupleIJddEELb0EE7_M_headERS2_
FNDA:0,_ZNSt10_Head_baseILm1ESt5tupleIJddEELb0EE7_M_headERS2_
FNDA:0,_ZNSt11_Tuple_implILm0EJdSt5tupleIJddEEEE7_M_headERS2_
FNDA:0,_ZNSt11_Tuple_implILm0EJddEE7_M_headERS0_
FNDA:0,_ZNSt11_Tuple_implILm0EJSt5tupleIJddEES1_S0_IJiiEEEE7_M_headERS3_
FNDA:0,_ZNSt11_Tuple_implILm1EJSt5tupleIJddEES0_IJiiEEEE7_M_headERS3_
FNDA:386,_ZNSt11_Tuple_implILm0EJdSt5tupleIJddEEEEC2IRdJRS1_EvEEOT_DpOT0_
FNDA:0,_ZNSt11_Tuple_implILm0EJddEEC2IRdJS2_EvEEOT_DpOT0_
FNDA:0,_ZNSt11_Tuple_implILm1EJdEE7_M_headERS0_
FNDA:0,_ZNSt11_Tuple_implILm2EJSt5tupleIJiiEEEE7_M_headERS2_
FNDA:0,_ZNSt11_Tuple_implILm1EJSt5tupleIJddEEEE7_M_headERS2_
FNDA:386,_ZNSt11_Tuple_implILm1EJSt5tupleIJddEEEEC2IRS1_EEOT_
FNDA:0,_ZNSt11_Tuple_implILm1EJdEEC2IRdEEOT_
FNDA:386,_ZNSt5tupleIJdS_IJddEEEEC1IRdRS0_Lb1EEEOT_OT0_
FNDA:0,_ZNSt5tupleIJddEEC1IRdS2_Lb1EEEOT_OT0_
FNDA:1164,_ZSt12__get_helperILm0EdJSt5tupleIJddEEEERT0_RSt11_Tuple_implIXT_EJS2_DpT1_EE
FNDA:5818,_ZSt12__get_helperILm1EdJEERT0_RSt11_Tuple_implIXT_EJS0_DpT1_EE
FNDA:5958,_ZSt12__get_helperILm0EdJdEERT0_RSt11_Tuple_implIXT_EJS0_DpT1_EE
FNDA:88,_ZSt12__get_helperILm2ESt5tupleIJiiEEJEERT0_RSt11_Tuple_implIXT_EJS2_DpT1_EE
FNDA:306,_ZSt12__get_helperILm0ESt5tupleIJddEEJS1_S0_IJiiEEEERT0_RSt11_Tuple_implIXT_EJS3_DpT1_EE
FNDA:306,_ZSt12__get_helperILm1ESt5tupleIJddEEJS0_IJiiEEEERT0_RSt11_Tuple_implIXT_EJS3_DpT1_EE
FNDA:1370,_ZSt12__get_helperILm1ESt5tupleIJddEEJEERT0_RSt11_Tuple_implIXT_EJS2_DpT1_EE
FNDA:1164,_ZSt3getILm0EJdSt5tupleIJddEEEERNSt13tuple_elementIXT_ES0_IJDpT0_EEE4typeERS5_
FNDA:5818,_ZSt3getILm1EJddEERNSt13tuple_elementIXT_ESt5tupleIJDpT0_EEE4typeERS4_
FNDA:5958,_ZSt3getILm0EJddEERNSt13tuple_elementIXT_ESt5tupleIJDpT0_EEE4typeERS4_
FNDA:88,_ZSt3getILm2EJSt5tupleIJddEES1_S0_IJiiEEEERNSt13tuple_elementIXT_ES0_IJDpT0_EEE4typeERS6_
FNDA:306,_ZSt3getILm0EJSt5tupleIJddEES1_S0_IJiiEEEERNSt13tuple_elementIXT_ES0_IJDpT0_EEE4typeERS6_
FNDA:306,_ZSt3getILm1EJSt5tupleIJddEES1_S0_IJiiEEEERNSt13tuple_elementIXT_ES0_IJDpT0_EEE4typeERS6_
FNDA:1370,_ZSt3getILm1EJdSt5tupleIJddEEEERNSt13tuple_elementIXT_ES0_IJDpT0_EEE4typeERS5_
FNF:35
FNH:17
DA:132,0
DA:133,0
DA:160,0
DA:195,0
DA:216,386
DA:218,386
DA:351,0
DA:365,386
DA:366,386
DA:971,386
DA:972,386
DA:1303,15010
DA:1304,15010
DA:1314,15010
DA:1315,15010
DA:1464,386
DA:1468,386
LF:17
LH:12
end_of_record
TN:
SF:/usr/include/c++/8/bits/alloc_traits.h
FN:435,_ZNSt16allocator_traitsISaISt5tupleIJdS0_IJddEEEEEE8allocateERS3_m
FN:461,_ZNSt16allocator_traitsISaISt5tupleIJdS0_IJddEEEEEE10deallocateERS3_PS2_m
FN:504,_ZNSt16allocator_traitsISaISt5tupleIJdS0_IJddEEEEEE37select_on_container_copy_constructionERKS3_
FN:504,_ZNSt16allocator_traitsISaIcEE37select_on_container_copy_constructionERKS0_
FNDA:0,_ZNSt16allocator_traitsISaISt5tupleIJdS0_IJddEEEEEE8allocateERS3_m
FNDA:0,_ZNSt16allocator_traitsISaISt5tupleIJdS0_IJddEEEEEE10deallocateERS3_PS2_m
FNDA:0,_ZNSt16allocator_traitsISaISt5tupleIJdS0_IJddEEEEEE37select_on_container_copy_constructionERKS3_
FNDA:0,_ZNSt16allocator_traitsISaIcEE37select_on_container_copy_constructionERKS0_
FNF:4
FNH:0
DA:435,0
DA:436,0
DA:461,0
DA:462,0
DA:504,0
DA:505,0
LF:6
LH:0
end_of_record
SF:/usr/include/c++/8/ext/alloc_traits.h
FN:94,_ZN9__gnu_cxx14__alloc_traitsISaISt5tupleIJdS1_IJddEEEEES3_E17_S_select_on_copyERKS4_
FN:94,_ZN9__gnu_cxx14__alloc_traitsISaIcEcE17_S_select_on_copyERKS1_
FNDA:0,_ZN9__gnu_cxx14__alloc_traitsISaISt5tupleIJdS1_IJddEEEEES3_E17_S_select_on_copyERKS4_
FNDA:0,_ZN9__gnu_cxx14__alloc_traitsISaIcEcE17_S_select_on_copyERKS1_
FNF:2
FNH:0
DA:94,0
DA:95,0
LF:2
LH:0
end_of_record
SF:/usr/include/c++/8/bits/allocator.h
FN:131,_ZNSaISt5tupleIJdS_IJddEEEEEC2Ev
FN:133,_ZNSaISt5tupleIJdS_IJddEEEEEC2ERKS2_
FN:139,_ZNSaISt5tupleIJdS_IJddEEEEED2Ev
FNDA:0,_ZNSaISt5tupleIJdS_IJddEEEEEC2Ev
FNDA:0,_ZNSaISt5tupleIJdS_IJddEEEEEC2ERKS2_
FNDA:0,_ZNSaISt5tupleIJdS_IJddEEEEED2Ev
FNF:3
FNH:0
DA:131,0
DA:133,0
DA:134,0
DA:139,0
LF:4
LH:0
end_of_record
SF:/usr/include/c++/8/bits/basic_string.h
FN:232,_ZNSt7__cxx1112basic_stringIcSt11char_traitsIcESaIcEE16_M_construct_auxIPKcEEvT_S8_St12__false_type
FN:232,_ZNSt7__cxx1112basic_stringIcSt11char_traitsIcESaIcEE16_M_construct_auxIPcEEvT_S7_St12__false_type
FN:252,_ZNSt7__cxx1112basic_stringIcSt11char_traitsIcESaIcEE12_M_constructIPKcEEvT_S8_
FN:252,_ZNSt7__cxx1112basic_stringIcSt11char_traitsIcESaIcEE12_M_constructIPcEEvT_S7_
FNDA:0,_ZNSt7__cxx1112basic_stringIcSt11char_traitsIcESaIcEE16_M_construct_auxIPcEEvT_S7_St12__false_type
FNDA:0,_ZNSt7__cxx1112basic_stringIcSt11char_traitsIcESaIcEE16_M_construct_auxIPKcEEvT_S8_St12__false_type
FNDA:0,_ZNSt7__cxx1112basic_stringIcSt11char_traitsIcESaIcEE12_M_constructIPcEEvT_S7_
FNDA:0,_ZNSt7__cxx1112basic_stringIcSt11char_traitsIcESaIcEE12_M_constructIPKcEEvT_S8_
FNF:4
FNH:0
DA:232,0
DA:236,0
DA:237,0
DA:252,0
DA:255,0
DA:256,0
LF:6
LH:0
end_of_record
SF:/usr/include/c++/8/bits/basic_string.tcc
FN:206,_ZNSt7__cxx1112basic_stringIcSt11char_traitsIcESaIcEE12_M_constructIPcEEvT_S7_St20forward_iterator_tag
FN:206,_ZNSt7__cxx1112basic_stringIcSt11char_traitsIcESaIcEE12_M_constructIPKcEEvT_S8_St20forward_iterator_tag
FNDA:0,_ZNSt7__cxx1112basic_stringIcSt11char_traitsIcESaIcEE12_M_constructIPcEEvT_S7_St20forward_iterator_tag
FNDA:0,_ZNSt7__cxx1112basic_stringIcSt11char_traitsIcESaIcEE12_M_constructIPKcEEvT_S8_St20forward_iterator_tag
FNF:2
FNH:0
DA:206,0
DA:211,0
DA:212,0
DA:215,0
DA:217,0
DA:219,0
DA:220,0
DA:225,0
DA:226,0
DA:228,0
DA:229,0
DA:232,0
DA:233,0
LF:13
LH:0
end_of_record
SF:/usr/include/c++/8/bits/char_traits.h
FN:316,_ZNSt11char_traitsIcE6lengthEPKc
FNDA:0,_ZNSt11char_traitsIcE6lengthEPKc
FNF:1
FNH:0
DA:316,0
DA:322,0
LF:2
LH:0
end_of_record
SF:/home/leito-chan/Downloads/TPI/transporteUrbano/tests/excesoDeVelocidadTEST.cpp
FN:8,_ZN51excesoDeVelocidadTEST_viaje_normal_desordenado_Test8TestBodyEv
FN:8,_ZN51excesoDeVelocidadTEST_viaje_normal_desordenado_TestC2Ev
FN:18,_ZN48excesoDeVelocidadTEST_viaje_normal_ordenado_TestC2Ev
FN:18,_ZN48excesoDeVelocidadTEST_viaje_normal_ordenado_Test8TestBodyEv
FN:28,_ZN51excesoDeVelocidadTEST_viaje_rapido_desordenado_TestC2Ev
FN:28,_ZN51excesoDeVelocidadTEST_viaje_rapido_desordenado_Test8TestBodyEv
FNDA:2,_ZN51excesoDeVelocidadTEST_viaje_normal_desordenado_Test8TestBodyEv
FNDA:2,_ZN51excesoDeVelocidadTEST_viaje_normal_desordenado_TestC2Ev
FNDA:2,_ZN48excesoDeVelocidadTEST_viaje_normal_ordenado_Test8TestBodyEv
FNDA:2,_ZN48excesoDeVelocidadTEST_viaje_normal_ordenado_TestC2Ev
FNDA:2,_ZN51excesoDeVelocidadTEST_viaje_rapido_desordenado_Test8TestBodyEv
FNDA:2,_ZN51excesoDeVelocidadTEST_viaje_rapido_desordenado_TestC2Ev
FNF:6
FNH:6
DA:8,4
DA:9,2
DA:10,2
DA:11,2
DA:12,2
DA:13,8
DA:15,2
DA:18,4
DA:19,2
DA:20,2
DA:21,2
DA:22,2
DA:23,8
DA:25,2
DA:28,4
DA:29,2
DA:30,2
DA:31,2
DA:32,2
DA:33,8
DA:34,2
DA:37,4
DA:38,2
DA:39,2
DA:40,2
DA:41,2
DA:42,8
DA:43,2
LF:28
LH:28
end_of_record
SF:/home/leito-chan/Downloads/TPI/transporteUrbano/lib/googletest-master/googletest/include/gtest/internal/gtest-internal.h
FN:466,_ZN7testing8internal15TestFactoryBaseD2Ev
FN:466,_ZN7testing8internal15TestFactoryBaseD0Ev
FN:473,_ZN7testing8internal15TestFactoryBaseC2Ev
FN:484,_ZN7testing8internal15TestFactoryImplI51excesoDeVelocidadTEST_viaje_rapido_desordenado_TestE10CreateTestEv
FN:484,_ZN7testing8internal15TestFactoryImplI48excesoDeVelocidadTEST_viaje_rapido_ordenado_TestE10CreateTestEv
FN:484,_ZN7testing8internal15TestFactoryImplI48excesoDeVelocidadTEST_viaje_normal_ordenado_TestE10CreateTestEv
FN:484,_ZN7testing8internal15TestFactoryImplI51excesoDeVelocidadTEST_viaje_normal_desordenado_TestE10CreateTestEv
FN:505,_ZN7testing8internal12CodeLocationC2ERKNSt7__cxx1112basic_stringIcSt11char_traitsIcESaIcEEEi
FNDA:0,_ZN7testing8internal15TestFactoryBaseD0Ev
FNDA:0,_ZN7testing8internal15TestFactoryBaseD2Ev
FNDA:0,_ZN7testing8internal15TestFactoryBaseC2Ev
FNDA:2,_ZN7testing8internal15TestFactoryImplI51excesoDeVelocidadTEST_viaje_normal_desordenado_TestE10CreateTestEv
FNDA:2,_ZN7testing8internal15TestFactoryImplI48excesoDeVelocidadTEST_viaje_normal_ordenado_TestE10CreateTestEv
FNDA:2,_ZN7testing8internal15TestFactoryImplI51excesoDeVelocidadTEST_viaje_rapido_desordenado_TestE10CreateTestEv
FNDA:2,_ZN7testing8internal15TestFactoryImplI48excesoDeVelocidadTEST_viaje_rapido_ordenado_TestE10CreateTestEv
FNDA:0,_ZN7testing8internal12CodeLocationC2ERKNSt7__cxx1112basic_stringIcSt11char_traitsIcESaIcEEEi
FNF:8
FNH:4
DA:466,0
DA:473,0
DA:484,8
DA:505,0
DA:506,0
LF:5
LH:1
end_of_record
SF:/home/leito-chan/Downloads/TPI/transporteUrbano/lib/googletest-master/googletest/include/gtest/internal/gtest-port.h
FN:1156,_ZN7testing8internal10scoped_ptrINSt7__cxx1112basic_stringIcSt11char_traitsIcESaIcEEEEC2EPS7_
FN:1157,_ZN7testing8internal10scoped_ptrINSt7__cxx1112basic_stringIcSt11char_traitsIcESaIcEEEED2Ev
FN:1157,_ZN7testing8internal10scoped_ptrINSt7__cxx1118basic_stringstreamIcSt11char_traitsIcESaIcEEEED2Ev
FN:1169,_ZN7testing8internal10scoped_ptrINSt7__cxx1118basic_stringstreamIcSt11char_traitsIcESaIcEEEE5resetEPS7_
FN:1169,_ZN7testing8internal10scoped_ptrINSt7__cxx1112basic_stringIcSt11char_traitsIcESaIcEEEE5resetEPS7_
FNDA:118,_ZN7testing8internal10scoped_ptrINSt7__cxx1112basic_stringIcSt11char_traitsIcESaIcEEEEC2EPS7_
FNDA:0,_ZN7testing8internal10scoped_ptrINSt7__cxx1112basic_stringIcSt11char_traitsIcESaIcEEEED2Ev
[...]
DA:305,0
DA:306,0
DA:351,0
DA:354,0
DA:431,0
DA:434,0
DA:435,0
DA:1216,0
DA:1219,0
DA:1220,0
DA:1308,80
DA:1309,80
DA:1320,80
DA:1321,80
DA:1386,40
DA:1388,40
DA:1389,40
DA:1405,12
DA:1413,28
DA:1421,28
DA:1439,12
DA:1441,12
LF:29
LH:12
end_of_record
SF:/usr/include/c++/8/ext/type_traits.h
FN:152,_ZN9__gnu_cxx17__is_null_pointerIKcEEbPT_
FN:152,_ZN9__gnu_cxx17__is_null_pointerIcEEbPT_
FNDA:0,_ZN9__gnu_cxx17__is_null_pointerIcEEbPT_
FNDA:0,_ZN9__gnu_cxx17__is_null_pointerIKcEEbPT_
FNF:2
FNH:0
DA:152,0
DA:153,0
LF:2
LH:0
end_of_record
SF:/usr/include/c++/8/bits/vector.tcc
FN:413,_ZNSt6vectorIiSaIiEE17_M_realloc_insertIJRKiEEEvN9__gnu_cxx17__normal_iteratorIPiS1_EEDpOT_
FNDA:18,_ZNSt6vectorIiSaIiEE17_M_realloc_insertIJRKiEEEvN9__gnu_cxx17__normal_iteratorIPiS1_EEDpOT_
FNF:1
FNH:1
DA:413,18
DA:422,18
DA:424,18
DA:425,18
DA:426,18
DA:427,18
DA:428,18
DA:436,18
DA:437,18
DA:443,18
DA:447,18
DA:448,18
DA:450,18
DA:454,18
DA:455,18
DA:457,0
DA:459,0
DA:460,0
DA:461,0
DA:463,0
DA:464,0
DA:465,0
DA:468,18
DA:469,36
DA:470,18
DA:471,18
DA:472,18
DA:473,18
DA:474,18
LF:29
LH:22
end_of_record
TN:
SF:/usr/include/c++/8/bits/alloc_traits.h
FN:435,_ZNSt16allocator_traitsISaISt5tupleIJddEEEE8allocateERS2_m
FN:435,_ZNSt16allocator_traitsISaISt6vectorISt5tupleIJddEESaIS2_EEEE8allocateERS5_m
FN:461,_ZNSt16allocator_traitsISaISt5tupleIJddEEEE10deallocateERS2_PS1_m
FN:461,_ZNSt16allocator_traitsISaISt6vectorISt5tupleIJddEESaIS2_EEEE10deallocateERS5_PS4_m
FN:504,_ZNSt16allocator_traitsISaISt5tupleIJddEEEE37select_on_container_copy_constructionERKS2_
FNDA:2,_ZNSt16allocator_traitsISaISt6vectorISt5tupleIJddEESaIS2_EEEE8allocateERS5_m
FNDA:100,_ZNSt16allocator_traitsISaISt5tupleIJddEEEE8allocateERS2_m
FNDA:2,_ZNSt16allocator_traitsISaISt6vectorISt5tupleIJddEESaIS2_EEEE10deallocateERS5_PS4_m
FNDA:100,_ZNSt16allocator_traitsISaISt5tupleIJddEEEE10deallocateERS2_PS1_m
FNDA:58,_ZNSt16allocator_traitsISaISt5tupleIJddEEEE37select_on_container_copy_constructionERKS2_
FNF:5
FNH:5
DA:435,102
DA:436,102
DA:461,102
DA:462,102
DA:504,58
DA:505,58
LF:6
LH:6
end_of_record
SF:/usr/include/c++/8/ext/alloc_traits.h
FN:94,_ZN9__gnu_cxx14__alloc_traitsISaISt5tupleIJddEEES2_E17_S_select_on_copyERKS3_
FNDA:58,_ZN9__gnu_cxx14__alloc_traitsISaISt5tupleIJddEEES2_E17_S_select_on_copyERKS3_
FNF:1
FNH:1
DA:94,58
DA:95,58
LF:2
LH:2
end_of_record
SF:/usr/include/c++/8/bits/allocator.h
FN:131,_ZNSaISt5tupleIJddEEEC2Ev
FN:131,_ZNSaISt6vectorISt5tupleIJddEESaIS1_EEEC2Ev
FN:133,_ZNSaISt6vectorISt5tupleIJddEESaIS1_EEEC2ERKS4_
FN:133,_ZNSaISt5tupleIJddEEEC2ERKS1_
FN:139,_ZNSaISt5tupleIJddEEED2Ev
FN:139,_ZNSaISt6vectorISt5tupleIJddEESaIS1_EEED2Ev
FNDA:2,_ZNSaISt6vectorISt5tupleIJddEESaIS1_EEEC2Ev
FNDA:46,_ZNSaISt5tupleIJddEEEC2Ev
FNDA:2,_ZNSaISt6vectorISt5tupleIJddEESaIS1_EEEC2ERKS4_
FNDA:142,_ZNSaISt5tupleIJddEEEC2ERKS1_
FNDA:4,_ZNSaISt6vectorISt5tupleIJddEESaIS1_EEED2Ev
FNDA:188,_ZNSaISt5tupleIJddEEED2Ev
FNF:6
FNH:6
DA:131,48
DA:133,144
DA:134,144
DA:139,192
LF:4
LH:4
end_of_record
SF:/usr/include/c++/8/bits/basic_string.h
FN:232,_ZNSt7__cxx1112basic_stringIcSt11char_traitsIcESaIcEE16_M_construct_auxIPKcEEvT_S8_St12__false_type
FN:252,_ZNSt7__cxx1112basic_stringIcSt11char_traitsIcESaIcEE12_M_constructIPKcEEvT_S8_
FNDA:0,_ZNSt7__cxx1112basic_stringIcSt11char_traitsIcESaIcEE16_M_construct_auxIPKcEEvT_S8_St12__false_type
FNDA:0,_ZNSt7__cxx1112basic_stringIcSt11char_traitsIcESaIcEE12_M_constructIPKcEEvT_S8_
FNF:2
FNH:0
DA:232,0
DA:236,0
DA:237,0
DA:252,0
DA:255,0
DA:256,0
LF:6
LH:0
end_of_record
SF:/usr/include/c++/8/bits/basic_string.tcc
FN:206,_ZNSt7__cxx1112basic_stringIcSt11char_traitsIcESaIcEE12_M_constructIPKcEEvT_S8_St20forward_iterator_tag
FNDA:0,_ZNSt7__cxx1112basic_stringIcSt11char_traitsIcESaIcEE12_M_constructIPKcEEvT_S8_St20forward_iterator_tag
FNF:1
FNH:0
DA:206,0
DA:211,0
DA:212,0
DA:215,0
DA:217,0
DA:219,0
DA:220,0
DA:225,0
DA:226,0
DA:228,0
DA:229,0
DA:232,0
DA:233,0
LF:13
LH:0
end_of_record
SF:/usr/include/c++/8/bits/char_traits.h
FN:316,_ZNSt11char_traitsIcE6lengthEPKc
FNDA:0,_ZNSt11char_traitsIcE6lengthEPKc
FNF:1
FNH:0
DA:316,0
DA:322,0
LF:2
LH:0
end_of_record
SF:/home/leito-chan/Downloads/TPI/transporteUrbano/lib/googletest-master/googletest/include/gtest/gtest.h
FN:2236,_Z13RUN_ALL_TESTSv
FNDA:2,_Z13RUN_ALL_TESTSv
FNF:1
FNH:1
DA:2236,2
DA:2237,2
LF:2
LH:2
end_of_record
SF:/usr/include/c++/8/initializer_list
FN:71,_ZNKSt16initializer_listISt6vectorISt5tupleIJddEESaIS2_EEE4sizeEv
FN:71,_ZNKSt16initializer_listISt5tupleIJddEEE4sizeEv
FN:75,_ZNKSt16initializer_listISt6vectorISt5tupleIJddEESaIS2_EEE5beginEv
FN:75,_ZNKSt16initializer_listISt5tupleIJddEEE5beginEv
FN:79,_ZNKSt16initializer_listISt6vectorISt5tupleIJddEESaIS2_EEE3endEv
FN:79,_ZNKSt16initializer_listISt5tupleIJddEEE3endEv
FNDA:2,_ZNKSt16initializer_listISt6vectorISt5tupleIJddEESaIS2_EEE4sizeEv
FNDA:26,_ZNKSt16initializer_listISt5tupleIJddEEE4sizeEv
FNDA:4,_ZNKSt16initializer_listISt6vectorISt5tupleIJddEESaIS2_EEE5beginEv
FNDA:52,_ZNKSt16initializer_listISt5tupleIJddEEE5beginEv
FNDA:2,_ZNKSt16initializer_listISt6vectorISt5tupleIJddEESaIS2_EEE3endEv
FNDA:26,_ZNKSt16initializer_listISt5tupleIJddEEE3endEv
FNF:6
FNH:6
DA:71,28
DA:75,56
DA:79,28
LF:3
LH:3
end_of_record
SF:/home/leito-chan/Downloads/TPI/transporteUrbano/main.cpp
FN:7,main
FNDA:2,main
FNF:1
FNH:1
DA:7,2
DA:8,2
DA:9,2
DA:12,8
DA:13,2
DA:20,2
DA:22,2
LF:7
LH:7
end_of_record
SF:/usr/include/c++/8/bits/move.h
FN:47,_ZSt11__addressofISt5tupleIJddEEEPT_RS2_
FN:47,_ZSt11__addressofISt6vectorISt5tupleIJddEESaIS2_EEEPT_RS5_
FN:74,_ZSt7forwardIRKSt6vectorISt5tupleIJddEESaIS2_EEEOT_RNSt16remove_referenceIS7_E4typeE
FN:74,_ZSt7forwardIRKSt5tupleIJddEEEOT_RNSt16remove_referenceIS4_E4typeE
FNDA:594,_ZSt11__addressofISt5tupleIJddEEEPT_RS2_
FNDA:12,_ZSt11__addressofISt6vectorISt5tupleIJddEESaIS2_EEEPT_RS5_
FNDA:6,_ZSt7forwardIRKSt6vectorISt5tupleIJddEESaIS2_EEEOT_RNSt16remove_referenceIS7_E4typeE
FNDA:628,_ZSt7forwardIRKSt5tupleIJddEEEOT_RNSt16remove_referenceIS4_E4typeE
FNF:4
FNH:4
DA:47,606
DA:48,606
DA:74,634
DA:75,634
LF:4
LH:4
end_of_record
SF:/usr/include/c++/8/new
FN:168,_ZnwmPv
FN:174,_ZdlPvS_
FNDA:6916,_ZnwmPv
FNDA:0,_ZdlPvS_
FNF:2
FNH:1
DA:168,6916
DA:169,6916
DA:174,0
LF:3
LH:2
end_of_record
SF:/usr/include/c++/8/ext/new_allocator.h
FN:79,_ZN9__gnu_cxx13new_allocatorISt5tupleIJddEEEC2Ev
FN:79,_ZN9__gnu_cxx13new_allocatorIcEC2Ev
FN:79,_ZN9__gnu_cxx13new_allocatorISt6vectorISt5tupleIJddEESaIS3_EEEC2Ev
FN:81,_ZN9__gnu_cxx13new_allocatorISt5tupleIJddEEEC2ERKS3_
FN:81,_ZN9__gnu_cxx13new_allocatorISt6vectorISt5tupleIJddEESaIS3_EEEC2ERKS6_
FN:86,_ZN9__gnu_cxx13new_allocatorIcED2Ev
FN:86,_ZN9__gnu_cxx13new_allocatorISt5tupleIJddEEED2Ev
FN:86,_ZN9__gnu_cxx13new_allocatorISt6vectorISt5tupleIJddEESaIS3_EEED2Ev
FN:99,_ZN9__gnu_cxx13new_allocatorISt6vectorISt5tupleIJddEESaIS3_EEE8allocateEmPKv
FN:99,_ZN9__gnu_cxx13new_allocatorISt5tupleIJddEEE8allocateEmPKv
FN:116,_ZN9__gnu_cxx13new_allocatorISt5tupleIJddEEE10deallocateEPS2_m
FN:116,_ZN9__gnu_cxx13new_allocatorISt6vectorISt5tupleIJddEESaIS3_EEE10deallocateEPS5_m
FN:129,_ZNK9__gnu_cxx13new_allocatorISt6vectorISt5tupleIJddEESaIS3_EEE8max_sizeEv
FN:129,_ZNK9__gnu_cxx13new_allocatorISt5tupleIJddEEE8max_sizeEv
FNDA:2,_ZN9__gnu_cxx13new_allocatorISt6vectorISt5tupleIJddEESaIS3_EEEC2Ev
FNDA:46,_ZN9__gnu_cxx13new_allocatorISt5tupleIJddEEEC2Ev
FNDA:0,_ZN9__gnu_cxx13new_allocatorIcEC2Ev
FNDA:2,_ZN9__gnu_cxx13new_allocatorISt6vectorISt5tupleIJddEESaIS3_EEEC2ERKS6_
FNDA:142,_ZN9__gnu_cxx13new_allocatorISt5tupleIJddEEEC2ERKS3_
FNDA:4,_ZN9__gnu_cxx13new_allocatorISt6vectorISt5tupleIJddEESaIS3_EEED2Ev
FNDA:188,_ZN9__gnu_cxx13new_allocatorISt5tupleIJddEEED2Ev
FNDA:0,_ZN9__gnu_cxx13new_allocatorIcED2Ev
FNDA:2,_ZN9__gnu_cxx13new_allocatorISt6vectorISt5tupleIJddEESaIS3_EEE8allocateEmPKv
FNDA:100,_ZN9__gnu_cxx13new_allocatorISt5tupleIJddEEE8allocateEmPKv
FNDA:2,_ZN9__gnu_cxx13new_allocatorISt6vectorISt5tupleIJddEESaIS3_EEE10deallocateEPS5_m
FNDA:100,_ZN9__gnu_cxx13new_allocatorISt5tupleIJddEEE10deallocateEPS2_m
FNDA:2,_ZNK9__gnu_cxx13new_allocatorISt6vectorISt5tupleIJddEESaIS3_EEE8max_sizeEv
FNDA:132,_ZNK9__gnu_cxx13new_allocatorISt5tupleIJddEEE8max_sizeEv
FNF:14
FNH:12
DA:79,48
DA:81,144
DA:86,192
DA:99,102
DA:101,102
DA:102,0
DA:111,102
DA:116,102
DA:125,102
DA:126,102
DA:129,134
DA:130,134
LF:12
LH:11
end_of_record
SF:/usr/include/c++/8/bits/stl_construct.h
FN:74,_ZSt10_ConstructISt5tupleIJddEEJRKS1_EEvPT_DpOT0_
FN:74,_ZSt10_ConstructISt6vectorISt5tupleIJddEESaIS2_EEJRKS4_EEvPT_DpOT0_
FN:97,_ZSt8_DestroyISt6vectorISt5tupleIJddEESaIS2_EEEvPT_
FN:105,_ZNSt12_Destroy_auxILb0EE9__destroyIPSt6vectorISt5tupleIJddEESaIS4_EEEEvT_S8_
FN:117,_ZNSt12_Destroy_auxILb1EE9__destroyIPSt5tupleIJddEEEEvT_S5_
FN:127,_ZSt8_DestroyIPSt5tupleIJddEEEvT_S3_
FN:127,_ZSt8_DestroyIPSt6vectorISt5tupleIJddEESaIS2_EEEvT_S6_
FN:203,_ZSt8_DestroyIPSt6vectorISt5tupleIJddEESaIS2_EES4_EvT_S6_RSaIT0_E
FN:203,_ZSt8_DestroyIPSt5tupleIJddEES1_EvT_S3_RSaIT0_E
FNDA:6,_ZSt10_ConstructISt6vectorISt5tupleIJddEESaIS2_EEJRKS4_EEvPT_DpOT0_
FNDA:580,_ZSt10_ConstructISt5tupleIJddEEJRKS1_EEvPT_DpOT0_
FNDA:6,_ZSt8_DestroyISt6vectorISt5tupleIJddEESaIS2_EEEvPT_
FNDA:2,_ZNSt12_Destroy_auxILb0EE9__destroyIPSt6vectorISt5tupleIJddEESaIS4_EEEEvT_S8_
FNDA:122,_ZNSt12_Destroy_auxILb1EE9__destroyIPSt5tupleIJddEEEEvT_S5_
FNDA:2,_ZSt8_DestroyIPSt6vectorISt5tupleIJddEESaIS2_EEEvT_S6_
FNDA:122,_ZSt8_DestroyIPSt5tupleIJddEEEvT_S3_
FNDA:2,_ZSt8_DestroyIPSt6vectorISt5tupleIJddEESaIS2_EES4_EvT_S6_RSaIT0_E
FNDA:122,_ZSt8_DestroyIPSt5tupleIJddEES1_EvT_S3_RSaIT0_E
FNF:9
FNH:9
DA:74,586
DA:75,586
DA:97,6
DA:98,6
DA:105,8
DA:107,8
DA:108,6
DA:109,2
DA:117,122
DA:127,124
DA:137,124
DA:138,124
DA:203,124
DA:206,124
DA:207,124
LF:15
LH:15
end_of_record
SF:/usr/include/c++/8/bits/stl_iterator.h
FN:783,_ZN9__gnu_cxx17__normal_iteratorIPKSt5tupleIJddEESt6vectorIS2_SaIS2_EEEC2ERKS4_
FN:796,_ZNK9__gnu_cxx17__normal_iteratorIPKSt5tupleIJddEESt6vectorIS2_SaIS2_EEEdeEv
FN:804,_ZN9__gnu_cxx17__normal_iteratorIPKSt5tupleIJddEESt6vectorIS2_SaIS2_EEEppEv
FN:848,_ZNK9__gnu_cxx17__normal_iteratorIPKSt5tupleIJddEESt6vectorIS2_SaIS2_EEE4baseEv
FN:884,_ZN9__gnu_cxxneIPKSt5tupleIJddEESt6vectorIS2_SaIS2_EEEEbRKNS_17__normal_iteratorIT_T0_EESD_
FNDA:128,_ZN9__gnu_cxx17__normal_iteratorIPKSt5tupleIJddEESt6vectorIS2_SaIS2_EEEC2ERKS4_
FNDA:404,_ZNK9__gnu_cxx17__normal_iteratorIPKSt5tupleIJddEESt6vectorIS2_SaIS2_EEEdeEv
FNDA:404,_ZN9__gnu_cxx17__normal_iteratorIPKSt5tupleIJddEESt6vectorIS2_SaIS2_EEEppEv
FNDA:936,_ZNK9__gnu_cxx17__normal_iteratorIPKSt5tupleIJddEESt6vectorIS2_SaIS2_EEE4baseEv
FNDA:464,_ZN9__gnu_cxxneIPKSt5tupleIJddEESt6vectorIS2_SaIS2_EEEEbRKNS_17__normal_iteratorIT_T0_EESD_
FNF:5
FNH:5
DA:783,128
DA:784,128
DA:796,404
DA:797,404
DA:804,404
DA:806,404
DA:807,404
DA:848,936
DA:849,936
DA:884,464
DA:887,464
LF:11
LH:11
end_of_record
SF:/usr/include/c++/8/bits/stl_iterator_base_funcs.h
FN:98,_ZSt10__distanceIPKSt5tupleIJddEEENSt15iterator_traitsIT_E15difference_typeES5_S5_St26random_access_iterator_tag
FN:98,_ZSt10__distanceIPKcENSt15iterator_traitsIT_E15difference_typeES3_S3_St26random_access_iterator_tag
FN:98,_ZSt10__distanceIPKSt6vectorISt5tupleIJddEESaIS2_EEENSt15iterator_traitsIT_E15difference_typeES8_S8_St26random_access_iterator_tag
FNDA:0,_ZSt10__distanceIPKcENSt15iterator_traitsIT_E15difference_typeES3_S3_St26random_access_iterator_tag
FNDA:2,_ZSt10__distanceIPKSt6vectorISt5tupleIJddEESaIS2_EEENSt15iterator_traitsIT_E15difference_typeES8_S8_St26random_access_iterator_tag
FNDA:26,_ZSt10__distanceIPKSt5tupleIJddEEENSt15iterator_traitsIT_E15difference_typeES5_S5_St26random_access_iterator_tag
FNF:3
FNH:2
DA:98,28
DA:104,28
DA:138,28
DA:141,28
DA:142,56
LF:5
LH:5
end_of_record
SF:/usr/include/c++/8/bits/stl_iterator_base_types.h
FN:205,_ZSt19__iterator_categoryIPKcENSt15iterator_traitsIT_E17iterator_categoryERKS3_
FN:205,_ZSt19__iterator_categoryIPKSt5tupleIJddEEENSt15iterator_traitsIT_E17iterator_categoryERKS5_
FN:205,_ZSt19__iterator_categoryIPKSt6vectorISt5tupleIJddEESaIS2_EEENSt15iterator_traitsIT_E17iterator_categoryERKS8_
FNDA:0,_ZSt19__iterator_categoryIPKcENSt15iterator_traitsIT_E17iterator_categoryERKS3_
FNDA:2,_ZSt19__iterator_categoryIPKSt6vectorISt5tupleIJddEESaIS2_EEENSt15iterator_traitsIT_E17iterator_categoryERKS8_
FNDA:26,_ZSt19__iterator_categoryIPKSt5tupleIJddEEENSt15iterator_traitsIT_E17iterator_categoryERKS5_
FNF:3
FNH:2
DA:205,28
DA:206,28
LF:2
LH:2
end_of_record
SF:/usr/include/c++/8/bits/stl_uninitialized.h
FN:76,_ZNSt20__uninitialized_copyILb0EE13__uninit_copyIPKSt5tupleIJddEEPS3_EET0_T_S8_S7_
FN:76,_ZNSt20__uninitialized_copyILb0EE13__uninit_copyIN9__gnu_cxx17__normal_iteratorIPKSt5tupleIJddEESt6vectorIS5_SaIS5_EEEEPS5_EET0_T_SE_SD_
FN:76,_ZNSt20__uninitialized_copyILb0EE13__uninit_copyIPKSt6vectorISt5tupleIJddEESaIS4_EEPS6_EET0_T_SB_SA_
FN:115,_ZSt18uninitialized_copyIN9__gnu_cxx17__normal_iteratorIPKSt5tupleIJddEESt6vectorIS3_SaIS3_EEEEPS3_ET0_T_SC_SB_
FN:115,_ZSt18uninitialized_copyIPKSt5tupleIJddEEPS1_ET0_T_S6_S5_
FN:115,_ZSt18uninitialized_copyIPKSt6vectorISt5tupleIJddEESaIS2_EEPS4_ET0_T_S9_S8_
FN:287,_ZSt22__uninitialized_copy_aIPKSt5tupleIJddEEPS1_S1_ET0_T_S6_S5_RSaIT1_E
FN:287,_ZSt22__uninitialized_copy_aIN9__gnu_cxx17__normal_iteratorIPKSt5tupleIJddEESt6vectorIS3_SaIS3_EEEEPS3_S3_ET0_T_SC_SB_RSaIT1_E
FN:287,_ZSt22__uninitialized_copy_aIPKSt6vectorISt5tupleIJddEESaIS2_EEPS4_S4_ET0_T_S9_S8_RSaIT1_E
FNDA:2,_ZNSt20__uninitialized_copyILb0EE13__uninit_copyIPKSt6vectorISt5tupleIJddEESaIS4_EEPS6_EET0_T_SB_SA_
FNDA:26,_ZNSt20__uninitialized_copyILb0EE13__uninit_copyIPKSt5tupleIJddEEPS3_EET0_T_S8_S7_
FNDA:60,_ZNSt20__uninitialized_copyILb0EE13__uninit_copyIN9__gnu_cxx17__normal_iteratorIPKSt5tupleIJddEESt6vectorIS5_SaIS5_EEEEPS5_EET0_T_SE_SD_
FNDA:2,_ZSt18uninitialized_copyIPKSt6vectorISt5tupleIJddEESaIS2_EEPS4_ET0_T_S9_S8_
FNDA:26,_ZSt18uninitialized_copyIPKSt5tupleIJddEEPS1_ET0_T_S6_S5_
FNDA:60,_ZSt18uninitialized_copyIN9__gnu_cxx17__normal_iteratorIPKSt5tupleIJddEESt6vectorIS3_SaIS3_EEEEPS3_ET0_T_SC_SB_
FNDA:2,_ZSt22__uninitialized_copy_aIPKSt6vectorISt5tupleIJddEESaIS2_EEPS4_S4_ET0_T_S9_S8_RSaIT1_E
FNDA:26,_ZSt22__uninitialized_copy_aIPKSt5tupleIJddEEPS1_S1_ET0_T_S6_S5_RSaIT1_E
FNDA:60,_ZSt22__uninitialized_copy_aIN9__gnu_cxx17__normal_iteratorIPKSt5tupleIJddEESt6vectorIS3_SaIS3_EEEEPS3_S3_ET0_T_SC_SB_RSaIT1_E
FNF:9
FNH:9
DA:76,88
DA:79,88
DA:82,674
DA:83,586
DA:84,88
DA:86,0
DA:88,0
DA:89,0
DA:115,88
DA:128,88
DA:134,88
DA:287,88
DA:289,88
LF:13
LH:10
end_of_record
SF:/usr/include/c++/8/bits/stl_vector.h
FN:99,_ZNSt12_Vector_baseISt6vectorISt5tupleIJddEESaIS2_EESaIS4_EE12_Vector_implC2ERKS5_
FN:99,_ZNSt12_Vector_baseISt5tupleIJddEESaIS1_EE12_Vector_implC2ERKS2_
FN:237,_ZNSt12_Vector_baseISt5tupleIJddEESaIS1_EE19_M_get_Tp_allocatorEv
FN:237,_ZNSt12_Vector_baseISt6vectorISt5tupleIJddEESaIS2_EESaIS4_EE19_M_get_Tp_allocatorEv
FN:241,_ZNKSt12_Vector_baseISt5tupleIJddEESaIS1_EE19_M_get_Tp_allocatorEv
FN:251,_ZNSt12_Vector_baseISt6vectorISt5tupleIJddEESaIS2_EESaIS4_EEC2ERKS5_
FN:251,_ZNSt12_Vector_baseISt5tupleIJddEESaIS1_EEC2ERKS2_
FN:258,_ZNSt12_Vector_baseISt5tupleIJddEESaIS1_EEC2EmRKS2_
FN:283,_ZNSt12_Vector_baseISt5tupleIJddEESaIS1_EED2Ev
FN:283,_ZNSt12_Vector_baseISt6vectorISt5tupleIJddEESaIS2_EESaIS4_EED2Ev
FN:293,_ZNSt12_Vector_baseISt6vectorISt5tupleIJddEESaIS2_EESaIS4_EE11_M_allocateEm
FN:293,_ZNSt12_Vector_baseISt5tupleIJddEESaIS1_EE11_M_allocateEm
FN:300,_ZNSt12_Vector_baseISt5tupleIJddEESaIS1_EE13_M_deallocateEPS1_m
FN:300,_ZNSt12_Vector_baseISt6vectorISt5tupleIJddEESaIS2_EESaIS4_EE13_M_deallocateEPS4_m
FN:309,_ZNSt12_Vector_baseISt5tupleIJddEESaIS1_EE17_M_create_storageEm
FN:458,_ZNSt6vectorISt5tupleIJddEESaIS1_EEC2ERKS3_
FN:515,_ZNSt6vectorISt5tupleIJddEESaIS1_EEC2ESt16initializer_listIS1_ERKS2_
FN:515,_ZNSt6vectorIS_ISt5tupleIJddEESaIS1_EESaIS3_EEC2ESt16initializer_listIS3_ERKS4_
FN:565,_ZNSt6vectorIS_ISt5tupleIJddEESaIS1_EESaIS3_EED2Ev
FN:565,_ZNSt6vectorISt5tupleIJddEESaIS1_EED2Ev
FN:707,_ZNKSt6vectorISt5tupleIJddEESaIS1_EE5beginEv
FN:725,_ZNKSt6vectorISt5tupleIJddEESaIS1_EE3endEv
FN:805,_ZNKSt6vectorISt5tupleIJddEESaIS1_EE4sizeEv
FN:1462,_ZNSt6vectorIS_ISt5tupleIJddEESaIS1_EESaIS3_EE19_M_range_initializeIPKS3_EEvT_S9_St20forward_iterator_tag
FN:1462,_ZNSt6vectorISt5tupleIJddEESaIS1_EE19_M_range_initializeIPKS1_EEvT_S7_St20forward_iterator_tag
FNDA:2,_ZNSt12_Vector_baseISt6vectorISt5tupleIJddEESaIS2_EESaIS4_EE12_Vector_implC2ERKS5_
FNDA:84,_ZNSt12_Vector_baseISt5tupleIJddEESaIS1_EE12_Vector_implC2ERKS2_
FNDA:4,_ZNSt12_Vector_baseISt6vectorISt5tupleIJddEESaIS2_EESaIS4_EE19_M_get_Tp_allocatorEv
FNDA:244,_ZNSt12_Vector_baseISt5tupleIJddEESaIS1_EE19_M_get_Tp_allocatorEv
FNDA:90,_ZNKSt12_Vector_baseISt5tupleIJddEESaIS1_EE19_M_get_Tp_allocatorEv
FNDA:2,_ZNSt12_Vector_baseISt6vectorISt5tupleIJddEESaIS2_EESaIS4_EEC2ERKS5_
FNDA:26,_ZNSt12_Vector_baseISt5tupleIJddEESaIS1_EEC2ERKS2_
FNDA:58,_ZNSt12_Vector_baseISt5tupleIJddEESaIS1_EEC2EmRKS2_
FNDA:2,_ZNSt12_Vector_baseISt6vectorISt5tupleIJddEESaIS2_EESaIS4_EED2Ev
FNDA:104,_ZNSt12_Vector_baseISt5tupleIJddEESaIS1_EED2Ev
FNDA:2,_ZNSt12_Vector_baseISt6vectorISt5tupleIJddEESaIS2_EESaIS4_EE11_M_allocateEm
FNDA:102,_ZNSt12_Vector_baseISt5tupleIJddEESaIS1_EE11_M_allocateEm
FNDA:2,_ZNSt12_Vector_baseISt6vectorISt5tupleIJddEESaIS2_EESaIS4_EE13_M_deallocateEPS4_m
FNDA:122,_ZNSt12_Vector_baseISt5tupleIJddEESaIS1_EE13_M_deallocateEPS1_m
FNDA:58,_ZNSt12_Vector_baseISt5tupleIJddEESaIS1_EE17_M_create_storageEm
FNDA:58,_ZNSt6vectorISt5tupleIJddEESaIS1_EEC2ERKS3_
FNDA:2,_ZNSt6vectorIS_ISt5tupleIJddEESaIS1_EESaIS3_EEC2ESt16initializer_listIS3_ERKS4_
FNDA:26,_ZNSt6vectorISt5tupleIJddEESaIS1_EEC2ESt16initializer_listIS1_ERKS2_
FNDA:2,_ZNSt6vectorIS_ISt5tupleIJddEESaIS1_EESaIS3_EED2Ev
FNDA:104,_ZNSt6vectorISt5tupleIJddEESaIS1_EED2Ev
FNDA:64,_ZNKSt6vectorISt5tupleIJddEESaIS1_EE5beginEv
FNDA:64,_ZNKSt6vectorISt5tupleIJddEESaIS1_EE3endEv
FNDA:672,_ZNKSt6vectorISt5tupleIJddEESaIS1_EE4sizeEv
FNDA:2,_ZNSt6vectorIS_ISt5tupleIJddEESaIS1_EESaIS3_EE19_M_range_initializeIPKS3_EEvT_S9_St20forward_iterator_tag
FNDA:26,_ZNSt6vectorISt5tupleIJddEESaIS1_EE19_M_range_initializeIPKS1_EEvT_S7_St20forward_iterator_tag
FNF:25
FNH:25
DA:99,86
DA:100,86
DA:101,86
DA:237,248
DA:238,248
DA:241,90
DA:242,90
DA:251,28
DA:252,28
DA:258,58
DA:259,58
DA:260,58
DA:283,106
DA:285,106
DA:286,106
DA:287,106
DA:293,104
DA:296,104
DA:300,124
DA:303,124
DA:304,102
DA:305,124
DA:309,58
DA:311,58
DA:312,58
DA:313,58
DA:314,58
DA:458,58
DA:460,58
DA:462,58
DA:463,58
DA:465,58
DA:466,58
DA:515,28
DA:517,28
DA:519,28
DA:521,28
DA:565,106
DA:567,106
DA:568,106
DA:570,106
DA:707,64
DA:708,64
DA:725,64
DA:726,64
DA:805,672
DA:806,672
DA:1462,28
DA:1465,28
DA:1466,28
DA:1467,28
DA:1468,28
DA:1469,28
DA:1471,28
DA:1472,28
LF:55
LH:55
end_of_record
SF:/usr/include/c++/8/tuple
FN:163,_ZNSt10_Head_baseILm1EdLb0EE7_M_headERKS0_
FN:163,_ZNSt10_Head_baseILm0EdLb0EE7_M_headERKS0_
FN:198,_ZNSt11_Tuple_implILm0EJddEE7_M_headERKS0_
FN:354,_ZNSt11_Tuple_implILm1EJdEE7_M_headERKS0_
FN:1308,_ZSt12__get_helperILm1EdJEERKT0_RKSt11_Tuple_implIXT_EJS0_DpT1_EE
FN:1308,_ZSt12__get_helperILm0EdJdEERKT0_RKSt11_Tuple_implIXT_EJS0_DpT1_EE
FN:1320,_ZSt3getILm1EJddEERKNSt13tuple_elementIXT_ESt5tupleIJDpT0_EEE4typeERKS4_
FN:1320,_ZSt3getILm0EJddEERKNSt13tuple_elementIXT_ESt5tupleIJDpT0_EEE4typeERKS4_
FNDA:328,_ZNSt10_Head_baseILm1EdLb0EE7_M_headERKS0_
FNDA:674,_ZNSt10_Head_baseILm0EdLb0EE7_M_headERKS0_
FNDA:440,_ZNSt11_Tuple_implILm0EJddEE7_M_headERKS0_
FNDA:328,_ZNSt11_Tuple_implILm1EJdEE7_M_headERKS0_
FNDA:102,_ZSt12__get_helperILm1EdJEERKT0_RKSt11_Tuple_implIXT_EJS0_DpT1_EE
FNDA:214,_ZSt12__get_helperILm0EdJdEERKT0_RKSt11_Tuple_implIXT_EJS0_DpT1_EE
FNDA:102,_ZSt3getILm1EJddEERKNSt13tuple_elementIXT_ESt5tupleIJDpT0_EEE4typeERKS4_
FNDA:214,_ZSt3getILm0EJddEERKNSt13tuple_elementIXT_ESt5tupleIJDpT0_EEE4typeERKS4_
FNF:8
FNH:8
DA:163,1002
DA:198,440
DA:354,328
DA:1308,316
DA:1309,316
DA:1320,316
DA:1321,316
LF:7
LH:7
end_of_record
SF:/usr/include/c++/8/ext/type_traits.h
FN:152,_ZN9__gnu_cxx17__is_null_pointerIKcEEbPT_
FNDA:0,_ZN9__gnu_cxx17__is_null_pointerIKcEEbPT_
FNF:1
FNH:0
DA:152,0
DA:153,0
LF:2
LH:0
end_of_record
