        -:    0:Source:C:/Users/Lean-zabi-chan/Desktop/transporteUrbano/tests/distanciaTotalTEST.cpp
        -:    0:Graph:C:\Users\Lean-zabi-chan\Desktop\transporteUrbano\cmake-build-debug\CMakeFiles\transporteUrbanoTest.dir\tests\distanciaTotalTEST.gcno
        -:    0:Data:C:\Users\Lean-zabi-chan\Desktop\transporteUrbano\cmake-build-debug\CMakeFiles\transporteUrbanoTest.dir\tests\distanciaTotalTEST.gcda
        -:    0:Runs:1
        -:    1:#include "../solucion.h"
        -:    2:#include "../auxiliares.h"
        -:    3:#include "gtest/gtest.h"
        -:    4:
        -:    5:using namespace std;
        -:    6:
        2:    7:TEST(distanciaTotalTEST, viajeOrdenado){
        1:    8:    gps p1 = puntoGps(-33, -34);
        1:    9:    gps p2 = desviarPunto(p1, 2000, 0);
        1:   10:    gps p3 = desviarPunto(p2, 2000, 0);
        -:   11:
        -:   12:    viaje v = {medicion(1.5, p1),
        -:   13:               medicion(1.6, p2),
        2:   14:               medicion(1.7, p3)};
        -:   15:
       1*:   16:    EXPECT_NEAR(distanciaTotal(v), 4.0, 0.01);
        1:   17:}
------------------
_ZN37distanciaTotalTEST_viajeOrdenado_Test8TestBodyEv:
function _ZN37distanciaTotalTEST_viajeOrdenado_Test8TestBodyEv called 1 returned 100% blocks executed 44%
        1:    7:TEST(distanciaTotalTEST, viajeOrdenado){
        1:    8:    gps p1 = puntoGps(-33, -34);
        1:    8-block  0
call    0 returned 1
branch  1 taken 1 (fallthrough)
branch  2 taken 0 (throw)
        1:    9:    gps p2 = desviarPunto(p1, 2000, 0);
        1:    9-block  0
call    0 returned 1
branch  1 taken 1 (fallthrough)
branch  2 taken 0 (throw)
        1:   10:    gps p3 = desviarPunto(p2, 2000, 0);
        1:   10-block  0
call    0 returned 1
branch  1 taken 1 (fallthrough)
branch  2 taken 0 (throw)
        -:   11:
        -:   12:    viaje v = {medicion(1.5, p1),
        -:   13:               medicion(1.6, p2),
        2:   14:               medicion(1.7, p3)};
        1:   14-block  0
call    0 returned 1
branch  1 taken 1 (fallthrough)
branch  2 taken 0 (throw)
        1:   14-block  1
call    3 returned 1
branch  4 taken 1 (fallthrough)
branch  5 taken 0 (throw)
        1:   14-block  2
call    6 returned 1
branch  7 taken 1 (fallthrough)
branch  8 taken 0 (throw)
        1:   14-block  3
        1:   14-block  4
call    9 returned 1
branch 10 taken 1 (fallthrough)
branch 11 taken 0 (throw)
    $$$$$:   14-block  5
    $$$$$:   14-block  6
        -:   15:
       1*:   16:    EXPECT_NEAR(distanciaTotal(v), 4.0, 0.01);
call    0 returned 1
branch  1 taken 1 (fallthrough)
branch  2 taken 0 (throw)
        1:   16-block  0
call    3 returned 1
branch  4 taken 1 (fallthrough)
branch  5 taken 0 (throw)
        1:   16-block  1
call    6 returned 1
branch  7 taken 1 (fallthrough)
branch  8 taken 0 (throw)
        1:   16-block  2
call    9 returned 1
call   10 returned 1
branch 11 taken 0 (fallthrough)
branch 12 taken 1
    %%%%%:   16-block  3
call   13 never executed
branch 14 never executed (fallthrough)
branch 15 never executed (throw)
    %%%%%:   16-block  4
call   16 never executed
branch 17 never executed (fallthrough)
branch 18 never executed (throw)
    %%%%%:   16-block  5
call   19 never executed
branch 20 never executed (fallthrough)
branch 21 never executed (throw)
    %%%%%:   16-block  6
call   22 never executed
branch 23 never executed (fallthrough)
branch 24 never executed (throw)
    %%%%%:   16-block  7
call   25 never executed
call   26 never executed
        1:   16-block  8
call   27 returned 1
    $$$$$:   16-block  9
call   28 never executed
    $$$$$:   16-block 10
    $$$$$:   16-block 11
call   29 never executed
    $$$$$:   16-block 12
    $$$$$:   16-block 13
call   30 never executed
    $$$$$:   16-block 14
    $$$$$:   16-block 15
call   31 never executed
        1:   17:}
call    0 returned 1
    $$$$$:   17-block  0
call    1 never executed
------------------
_ZN37distanciaTotalTEST_viajeOrdenado_TestC1Ev:
function _ZN37distanciaTotalTEST_viajeOrdenado_TestC1Ev called 1 returned 100% blocks executed 100%
        1:    7:TEST(distanciaTotalTEST, viajeOrdenado){
        1:    7-block  0
call    0 returned 1
------------------
        -:   18:
        2:   19:TEST(distanciaTotalTEST, viajeDesordenado){
        1:   20:    gps p1 = puntoGps(-33, -34);
        1:   21:    gps p2 = desviarPunto(p1, 2000, 0);
        1:   22:    gps p3 = desviarPunto(p2, 2000, 0);
        -:   23:
        -:   24:    viaje v = {medicion(1.6, p2),
        -:   25:               medicion(1.5, p1),
        2:   26:               medicion(1.7, p3)};
        -:   27:
       1*:   28:    EXPECT_NEAR(distanciaTotal(v), 4.0, 0.01);
        1:   29:}
------------------
_ZN40distanciaTotalTEST_viajeDesordenado_Test8TestBodyEv:
function _ZN40distanciaTotalTEST_viajeDesordenado_Test8TestBodyEv called 1 returned 100% blocks executed 44%
        1:   19:TEST(distanciaTotalTEST, viajeDesordenado){
        1:   20:    gps p1 = puntoGps(-33, -34);
        1:   20-block  0
call    0 returned 1
branch  1 taken 1 (fallthrough)
branch  2 taken 0 (throw)
        1:   21:    gps p2 = desviarPunto(p1, 2000, 0);
        1:   21-block  0
call    0 returned 1
branch  1 taken 1 (fallthrough)
branch  2 taken 0 (throw)
        1:   22:    gps p3 = desviarPunto(p2, 2000, 0);
        1:   22-block  0
call    0 returned 1
branch  1 taken 1 (fallthrough)
branch  2 taken 0 (throw)
        -:   23:
        -:   24:    viaje v = {medicion(1.6, p2),
        -:   25:               medicion(1.5, p1),
        2:   26:               medicion(1.7, p3)};
        1:   26-block  0
call    0 returned 1
branch  1 taken 1 (fallthrough)
branch  2 taken 0 (throw)
        1:   26-block  1
call    3 returned 1
branch  4 taken 1 (fallthrough)
branch  5 taken 0 (throw)
        1:   26-block  2
call    6 returned 1
branch  7 taken 1 (fallthrough)
branch  8 taken 0 (throw)
        1:   26-block  3
        1:   26-block  4
call    9 returned 1
branch 10 taken 1 (fallthrough)
branch 11 taken 0 (throw)
    $$$$$:   26-block  5
    $$$$$:   26-block  6
        -:   27:
       1*:   28:    EXPECT_NEAR(distanciaTotal(v), 4.0, 0.01);
call    0 returned 1
branch  1 taken 1 (fallthrough)
branch  2 taken 0 (throw)
        1:   28-block  0
call    3 returned 1
branch  4 taken 1 (fallthrough)
branch  5 taken 0 (throw)
        1:   28-block  1
call    6 returned 1
branch  7 taken 1 (fallthrough)
branch  8 taken 0 (throw)
        1:   28-block  2
call    9 returned 1
call   10 returned 1
branch 11 taken 0 (fallthrough)
branch 12 taken 1
    %%%%%:   28-block  3
call   13 never executed
branch 14 never executed (fallthrough)
branch 15 never executed (throw)
    %%%%%:   28-block  4
call   16 never executed
branch 17 never executed (fallthrough)
branch 18 never executed (throw)
    %%%%%:   28-block  5
call   19 never executed
branch 20 never executed (fallthrough)
branch 21 never executed (throw)
    %%%%%:   28-block  6
call   22 never executed
branch 23 never executed (fallthrough)
branch 24 never executed (throw)
    %%%%%:   28-block  7
call   25 never executed
call   26 never executed
        1:   28-block  8
call   27 returned 1
    $$$$$:   28-block  9
call   28 never executed
    $$$$$:   28-block 10
    $$$$$:   28-block 11
call   29 never executed
    $$$$$:   28-block 12
    $$$$$:   28-block 13
call   30 never executed
    $$$$$:   28-block 14
    $$$$$:   28-block 15
call   31 never executed
        1:   29:}
call    0 returned 1
    $$$$$:   29-block  0
call    1 never executed
------------------
_ZN40distanciaTotalTEST_viajeDesordenado_TestC1Ev:
function _ZN40distanciaTotalTEST_viajeDesordenado_TestC1Ev called 1 returned 100% blocks executed 100%
        1:   19:TEST(distanciaTotalTEST, viajeDesordenado){
        1:   19-block  0
call    0 returned 1
------------------
        2:   30:TEST(distanciaTotalTEST, viajeParado){
        1:   31:    gps p1 = puntoGps(-33, -34);
        -:   32:
        -:   33:    viaje v = {medicion(1.1, p1),
        -:   34:               medicion(1.5, p1),
        -:   35:               medicion(1.2, p1),
        2:   36:               medicion(1.9, p1)};
       1*:   37:    EXPECT_DOUBLE_EQ(distanciaTotal(v),0.0);
        1:   38:}
------------------
_ZN35distanciaTotalTEST_viajeParado_Test8TestBodyEv:
function _ZN35distanciaTotalTEST_viajeParado_Test8TestBodyEv called 1 returned 100% blocks executed 43%
        1:   30:TEST(distanciaTotalTEST, viajeParado){
        1:   31:    gps p1 = puntoGps(-33, -34);
        1:   31-block  0
call    0 returned 1
branch  1 taken 1 (fallthrough)
branch  2 taken 0 (throw)
        -:   32:
        -:   33:    viaje v = {medicion(1.1, p1),
        -:   34:               medicion(1.5, p1),
        -:   35:               medicion(1.2, p1),
        2:   36:               medicion(1.9, p1)};
        1:   36-block  0
call    0 returned 1
branch  1 taken 1 (fallthrough)
branch  2 taken 0 (throw)
        1:   36-block  1
call    3 returned 1
branch  4 taken 1 (fallthrough)
branch  5 taken 0 (throw)
        1:   36-block  2
call    6 returned 1
branch  7 taken 1 (fallthrough)
branch  8 taken 0 (throw)
        1:   36-block  3
call    9 returned 1
branch 10 taken 1 (fallthrough)
branch 11 taken 0 (throw)
        1:   36-block  4
        1:   36-block  5
call   12 returned 1
branch 13 taken 1 (fallthrough)
branch 14 taken 0 (throw)
    $$$$$:   36-block  6
    $$$$$:   36-block  7
       1*:   37:    EXPECT_DOUBLE_EQ(distanciaTotal(v),0.0);
call    0 returned 1
branch  1 taken 1 (fallthrough)
branch  2 taken 0 (throw)
        1:   37-block  0
call    3 returned 1
branch  4 taken 1 (fallthrough)
branch  5 taken 0 (throw)
        1:   37-block  1
call    6 returned 1
branch  7 taken 1 (fallthrough)
branch  8 taken 0 (throw)
        1:   37-block  2
call    9 returned 1
call   10 returned 1
branch 11 taken 0 (fallthrough)
branch 12 taken 1
    %%%%%:   37-block  3
call   13 never executed
branch 14 never executed (fallthrough)
branch 15 never executed (throw)
    %%%%%:   37-block  4
call   16 never executed
branch 17 never executed (fallthrough)
branch 18 never executed (throw)
    %%%%%:   37-block  5
call   19 never executed
branch 20 never executed (fallthrough)
branch 21 never executed (throw)
    %%%%%:   37-block  6
call   22 never executed
branch 23 never executed (fallthrough)
branch 24 never executed (throw)
    %%%%%:   37-block  7
call   25 never executed
call   26 never executed
        1:   37-block  8
call   27 returned 1
    $$$$$:   37-block  9
call   28 never executed
    $$$$$:   37-block 10
    $$$$$:   37-block 11
call   29 never executed
    $$$$$:   37-block 12
    $$$$$:   37-block 13
call   30 never executed
    $$$$$:   37-block 14
    $$$$$:   37-block 15
call   31 never executed
        1:   38:}
call    0 returned 1
    $$$$$:   38-block  0
call    1 never executed
------------------
_ZN35distanciaTotalTEST_viajeParado_TestC1Ev:
function _ZN35distanciaTotalTEST_viajeParado_TestC1Ev called 1 returned 100% blocks executed 100%
        1:   30:TEST(distanciaTotalTEST, viajeParado){
        1:   30-block  0
call    0 returned 1
------------------
        -:   39:
        2:   40:TEST(distanciaTotalTEST, viajeVaYVuelve){
        1:   41:    gps p1 = puntoGps(-33, -34);
        1:   42:    gps p2 = desviarPunto(p1, 2000, 0);
        1:   43:    gps p3 = p1;
        -:   44:
        -:   45:    viaje v = {medicion(1.6, p2),
        -:   46:               medicion(1.5, p1),
        2:   47:               medicion(1.7, p3)};
       1*:   48:    EXPECT_NEAR(distanciaTotal(v), 4.0, 0.01);
        1:   49:}
------------------
_ZN38distanciaTotalTEST_viajeVaYVuelve_Test8TestBodyEv:
function _ZN38distanciaTotalTEST_viajeVaYVuelve_Test8TestBodyEv called 1 returned 100% blocks executed 43%
        1:   40:TEST(distanciaTotalTEST, viajeVaYVuelve){
        1:   41:    gps p1 = puntoGps(-33, -34);
        1:   41-block  0
call    0 returned 1
branch  1 taken 1 (fallthrough)
branch  2 taken 0 (throw)
        1:   42:    gps p2 = desviarPunto(p1, 2000, 0);
        1:   42-block  0
call    0 returned 1
branch  1 taken 1 (fallthrough)
branch  2 taken 0 (throw)
        1:   43:    gps p3 = p1;
        -:   44:
        -:   45:    viaje v = {medicion(1.6, p2),
        -:   46:               medicion(1.5, p1),
        2:   47:               medicion(1.7, p3)};
        1:   47-block  0
call    0 returned 1
branch  1 taken 1 (fallthrough)
branch  2 taken 0 (throw)
        1:   47-block  1
call    3 returned 1
branch  4 taken 1 (fallthrough)
branch  5 taken 0 (throw)
        1:   47-block  2
call    6 returned 1
branch  7 taken 1 (fallthrough)
branch  8 taken 0 (throw)
        1:   47-block  3
        1:   47-block  4
call    9 returned 1
branch 10 taken 1 (fallthrough)
branch 11 taken 0 (throw)
    $$$$$:   47-block  5
    $$$$$:   47-block  6
       1*:   48:    EXPECT_NEAR(distanciaTotal(v), 4.0, 0.01);
call    0 returned 1
branch  1 taken 1 (fallthrough)
branch  2 taken 0 (throw)
        1:   48-block  0
call    3 returned 1
branch  4 taken 1 (fallthrough)
branch  5 taken 0 (throw)
        1:   48-block  1
call    6 returned 1
branch  7 taken 1 (fallthrough)
branch  8 taken 0 (throw)
        1:   48-block  2
call    9 returned 1
call   10 returned 1
branch 11 taken 0 (fallthrough)
branch 12 taken 1
    %%%%%:   48-block  3
call   13 never executed
branch 14 never executed (fallthrough)
branch 15 never executed (throw)
    %%%%%:   48-block  4
call   16 never executed
branch 17 never executed (fallthrough)
branch 18 never executed (throw)
    %%%%%:   48-block  5
call   19 never executed
branch 20 never executed (fallthrough)
branch 21 never executed (throw)
    %%%%%:   48-block  6
call   22 never executed
branch 23 never executed (fallthrough)
branch 24 never executed (throw)
    %%%%%:   48-block  7
call   25 never executed
call   26 never executed
        1:   48-block  8
call   27 returned 1
    $$$$$:   48-block  9
call   28 never executed
    $$$$$:   48-block 10
    $$$$$:   48-block 11
call   29 never executed
    $$$$$:   48-block 12
    $$$$$:   48-block 13
call   30 never executed
    $$$$$:   48-block 14
    $$$$$:   48-block 15
call   31 never executed
        1:   49:}
call    0 returned 1
    $$$$$:   49-block  0
call    1 never executed
------------------
_ZN38distanciaTotalTEST_viajeVaYVuelve_TestC1Ev:
function _ZN38distanciaTotalTEST_viajeVaYVuelve_TestC1Ev called 1 returned 100% blocks executed 100%
        1:   40:TEST(distanciaTotalTEST, viajeVaYVuelve){
        1:   40-block  0
call    0 returned 1
------------------
