        -:    0:Source:C:/Users/Lean-zabi-chan/Desktop/transporteUrbano/main.cpp
        -:    0:Graph:C:\Users\Lean-zabi-chan\Desktop\transporteUrbano\cmake-build-debug\CMakeFiles\transporteUrbanoTest.dir\main.gcno
        -:    0:Data:C:\Users\Lean-zabi-chan\Desktop\transporteUrbano\cmake-build-debug\CMakeFiles\transporteUrbanoTest.dir\main.gcda
        -:    0:Runs:1
        -:    1:#include <iostream>
        -:    2:#include "gtest/gtest.h"
        -:    3:#include "solucion.h"
        -:    4:#include "auxiliares.h"
        -:    5:#include "ejemplos.h"
        -:    6:
function main called 1 returned 100% blocks executed 54%
        1:    7:int main(int argc, char **argv) {
        1:    8:    std::cout << "Implementando TPI!!" << std::endl;
        1:    8-block  0
call    0 returned 1
branch  1 taken 1 (fallthrough)
branch  2 taken 0 (throw)
        1:    8-block  1
call    3 returned 1
branch  4 taken 1 (fallthrough)
branch  5 taken 0 (throw)
        1:    9:    testing::InitGoogleTest(&argc, argv);
        1:    9-block  0
call    0 returned 1
branch  1 taken 1 (fallthrough)
branch  2 taken 0 (throw)
        -:   10:
        -:   11:
        6:   12:    escribirRecorridos({RECORRIDO1, RECORRIDO2, RECORRIDO3}, "recorridos.csv");
        1:   12-block  0
call    0 returned 1
branch  1 taken 1 (fallthrough)
branch  2 taken 0 (throw)
        1:   12-block  1
call    3 returned 1
branch  4 taken 1 (fallthrough)
branch  5 taken 0 (throw)
        1:   12-block  2
call    6 returned 1
branch  7 taken 1 (fallthrough)
branch  8 taken 0 (throw)
        1:   12-block  3
call    9 returned 1
        4:   12-block  4
branch 10 taken 3 (fallthrough)
branch 11 taken 1
        3:   12-block  5
call   12 returned 3
        1:   12-block  6
call   13 returned 1
    $$$$$:   12-block  7
call   14 never executed
    $$$$$:   12-block  8
    $$$$$:   12-block  9
    $$$$$:   12-block 10
branch 15 never executed (fallthrough)
branch 16 never executed
    $$$$$:   12-block 11
call   17 never executed
    $$$$$:   12-block 12
    $$$$$:   12-block 13
    $$$$$:   12-block 14
call   18 never executed
    $$$$$:   12-block 15
    $$$$$:   12-block 16
        1:   13:    cout << "Recorridos grabados en ./transporteUrbano/recorridos.csv" << endl;
call    0 returned 1
branch  1 taken 1 (fallthrough)
branch  2 taken 0 (throw)
        1:   13-block  0
call    3 returned 1
branch  4 taken 1 (fallthrough)
branch  5 taken 0 (throw)
        -:   14:
        -:   15:    // Descomentar cuando implementen la grilla
        1:   16:    grilla g = construirGrilla( CORDOBA_ESQ1, CORDOBA_ESQ2, 18, 25);
        1:   16-block  0
call    0 returned 1
branch  1 taken 1 (fallthrough)
branch  2 taken 0 (throw)
        1:   17:    escribirGrilla(g, "grilla.csv");
        1:   17-block  0
call    0 returned 1
branch  1 taken 1 (fallthrough)
branch  2 taken 0 (throw)
        1:   17-block  1
call    3 returned 1
branch  4 taken 1 (fallthrough)
branch  5 taken 0 (throw)
        1:   17-block  2
call    6 returned 1
branch  7 taken 1 (fallthrough)
branch  8 taken 0 (throw)
        1:   17-block  3
call    9 returned 1
call   10 returned 1
    $$$$$:   17-block  4
call   11 never executed
    $$$$$:   17-block  5
    $$$$$:   17-block  6
call   12 never executed
    $$$$$:   17-block  7
    $$$$$:   17-block  8
        1:   18:    cout << "Grilla grabada en ./transporteUrbano/grilla.csv" << endl;
call    0 returned 1
branch  1 taken 1 (fallthrough)
branch  2 taken 0 (throw)
        1:   18-block  0
call    3 returned 1
branch  4 taken 1 (fallthrough)
branch  5 taken 0 (throw)
        -:   19:
        1:   20:    RUN_ALL_TESTS();
        1:   20-block  0
call    0 returned 1
branch  1 taken 1 (fallthrough)
branch  2 taken 0 (throw)
        -:   21:
        1:   22:    return 0;
        2:   23:}
        1:   23-block  0
call    0 returned 1
branch  1 taken 1 (fallthrough)
branch  2 taken 0 (throw)
        1:   23-block  1
call    3 returned 1
branch  4 taken 1 (fallthrough)
branch  5 taken 0 (throw)
        1:   23-block  2
call    6 returned 1
branch  7 taken 1 (fallthrough)
branch  8 taken 0 (throw)
        1:   23-block  3
        1:   23-block  4
call    9 returned 1
    $$$$$:   23-block  5
branch 10 never executed (fallthrough)
branch 11 never executed
    $$$$$:   23-block  6
    $$$$$:   23-block  7
branch 12 never executed (fallthrough)
branch 13 never executed
    $$$$$:   23-block  8
call   14 never executed
    $$$$$:   23-block  9
call   15 never executed
