        -:    0:Source:C:/Users/Lean-zabi-chan/Desktop/transporteUrbano/tests/tiempoTotalTEST.cpp
        -:    0:Graph:C:\Users\Lean-zabi-chan\Desktop\transporteUrbano\cmake-build-debug\CMakeFiles\transporteUrbanoTest.dir\tests\tiempoTotalTEST.gcno
        -:    0:Data:C:\Users\Lean-zabi-chan\Desktop\transporteUrbano\cmake-build-debug\CMakeFiles\transporteUrbanoTest.dir\tests\tiempoTotalTEST.gcda
        -:    0:Runs:1
        -:    1:#include "../solucion.h"
        -:    2:#include "../auxiliares.h"
        -:    3:#include "gtest/gtest.h"
        -:    4:
        -:    5:using namespace std;
        -:    6:
        2:    7:TEST(tiempoTotalTEST, viaje_desordenado){
        1:    8:    viaje v = {medicion(7.0,puntoGps(0.00001,0.00002)),
        1:    9:               medicion(1.0,puntoGps(0.0,0.0)),
        1:   10:               medicion(4.0,puntoGps(0.00002,0.00001)),
        1:   11:               medicion(6.3,puntoGps(0.00004,0.00011))
        5:   12:    };
        -:   13:
       1*:   14:    ASSERT_DOUBLE_EQ(tiempoTotal(v), 6.0);
        1:   15:}
------------------
_ZN38tiempoTotalTEST_viaje_desordenado_Test8TestBodyEv:
function _ZN38tiempoTotalTEST_viaje_desordenado_Test8TestBodyEv called 1 returned 100% blocks executed 48%
        1:    7:TEST(tiempoTotalTEST, viaje_desordenado){
        1:    8:    viaje v = {medicion(7.0,puntoGps(0.00001,0.00002)),
        1:    8-block  0
call    0 returned 1
branch  1 taken 1 (fallthrough)
branch  2 taken 0 (throw)
    $$$$$:    8-block  1
        1:    9:               medicion(1.0,puntoGps(0.0,0.0)),
        1:    9-block  0
call    0 returned 1
branch  1 taken 1 (fallthrough)
branch  2 taken 0 (throw)
    $$$$$:    9-block  1
        1:   10:               medicion(4.0,puntoGps(0.00002,0.00001)),
        1:   10-block  0
call    0 returned 1
branch  1 taken 1 (fallthrough)
branch  2 taken 0 (throw)
    $$$$$:   10-block  1
        1:   11:               medicion(6.3,puntoGps(0.00004,0.00011))
        1:   11-block  0
call    0 returned 1
branch  1 taken 1 (fallthrough)
branch  2 taken 0 (throw)
    $$$$$:   11-block  1
        5:   12:    };
        1:   12-block  0
call    0 returned 1
branch  1 taken 1 (fallthrough)
branch  2 taken 0 (throw)
        1:   12-block  1
call    3 returned 1
branch  4 taken 1 (fallthrough)
branch  5 taken 0 (throw)
        1:   12-block  2
call    6 returned 1
branch  7 taken 1 (fallthrough)
branch  8 taken 0 (throw)
        1:   12-block  3
call    9 returned 1
branch 10 taken 1 (fallthrough)
branch 11 taken 0 (throw)
        1:   12-block  4
        1:   12-block  5
call   12 returned 1
branch 13 taken 1 (fallthrough)
branch 14 taken 0 (throw)
    $$$$$:   12-block  6
    $$$$$:   12-block  7
        -:   13:
       1*:   14:    ASSERT_DOUBLE_EQ(tiempoTotal(v), 6.0);
call    0 returned 1
branch  1 taken 1 (fallthrough)
branch  2 taken 0 (throw)
        1:   14-block  0
call    3 returned 1
branch  4 taken 1 (fallthrough)
branch  5 taken 0 (throw)
        1:   14-block  1
call    6 returned 1
branch  7 taken 1 (fallthrough)
branch  8 taken 0 (throw)
        1:   14-block  2
call    9 returned 1
call   10 returned 1
branch 11 taken 0 (fallthrough)
branch 12 taken 1
    %%%%%:   14-block  3
call   13 never executed
branch 14 never executed (fallthrough)
branch 15 never executed (throw)
    %%%%%:   14-block  4
call   16 never executed
branch 17 never executed (fallthrough)
branch 18 never executed (throw)
    %%%%%:   14-block  5
call   19 never executed
branch 20 never executed (fallthrough)
branch 21 never executed (throw)
    %%%%%:   14-block  6
call   22 never executed
branch 23 never executed (fallthrough)
branch 24 never executed (throw)
    %%%%%:   14-block  7
call   25 never executed
call   26 never executed
        1:   14-block  8
        1:   14-block  9
call   27 returned 1
branch 28 taken 1 (fallthrough)
branch 29 taken 0
        1:   14-block 10
    $$$$$:   14-block 11
call   30 never executed
    $$$$$:   14-block 12
    $$$$$:   14-block 13
call   31 never executed
    $$$$$:   14-block 14
    $$$$$:   14-block 15
call   32 never executed
    $$$$$:   14-block 16
    $$$$$:   14-block 17
call   33 never executed
        1:   15:}
        1:   15-block  0
        1:   15-block  1
call    0 returned 1
branch  1 taken 1 (fallthrough)
branch  2 taken 0
    $$$$$:   15-block  2
call    3 never executed
------------------
_ZN38tiempoTotalTEST_viaje_desordenado_TestC1Ev:
function _ZN38tiempoTotalTEST_viaje_desordenado_TestC1Ev called 1 returned 100% blocks executed 100%
        1:    7:TEST(tiempoTotalTEST, viaje_desordenado){
        1:    7-block  0
call    0 returned 1
------------------
        -:   16:
        2:   17:TEST(tiempoTotalTEST, viaje_ordenado){
        1:   18:    viaje v = {medicion(1.0,puntoGps(0.0,0.0)),
        1:   19:               medicion(4.0,puntoGps(0.00002,0.00001)),
        1:   20:               medicion(6.3,puntoGps(0.00004,0.00011)),
        1:   21:               medicion(7.0,puntoGps(0.00001,0.00002))
        5:   22:    };
        -:   23:
       1*:   24:    ASSERT_DOUBLE_EQ(tiempoTotal(v),6.0);
        1:   25:}
------------------
_ZN35tiempoTotalTEST_viaje_ordenado_Test8TestBodyEv:
function _ZN35tiempoTotalTEST_viaje_ordenado_Test8TestBodyEv called 1 returned 100% blocks executed 48%
        1:   17:TEST(tiempoTotalTEST, viaje_ordenado){
        1:   18:    viaje v = {medicion(1.0,puntoGps(0.0,0.0)),
        1:   18-block  0
call    0 returned 1
branch  1 taken 1 (fallthrough)
branch  2 taken 0 (throw)
    $$$$$:   18-block  1
        1:   19:               medicion(4.0,puntoGps(0.00002,0.00001)),
        1:   19-block  0
call    0 returned 1
branch  1 taken 1 (fallthrough)
branch  2 taken 0 (throw)
    $$$$$:   19-block  1
        1:   20:               medicion(6.3,puntoGps(0.00004,0.00011)),
        1:   20-block  0
call    0 returned 1
branch  1 taken 1 (fallthrough)
branch  2 taken 0 (throw)
    $$$$$:   20-block  1
        1:   21:               medicion(7.0,puntoGps(0.00001,0.00002))
        1:   21-block  0
call    0 returned 1
branch  1 taken 1 (fallthrough)
branch  2 taken 0 (throw)
    $$$$$:   21-block  1
        5:   22:    };
        1:   22-block  0
call    0 returned 1
branch  1 taken 1 (fallthrough)
branch  2 taken 0 (throw)
        1:   22-block  1
call    3 returned 1
branch  4 taken 1 (fallthrough)
branch  5 taken 0 (throw)
        1:   22-block  2
call    6 returned 1
branch  7 taken 1 (fallthrough)
branch  8 taken 0 (throw)
        1:   22-block  3
call    9 returned 1
branch 10 taken 1 (fallthrough)
branch 11 taken 0 (throw)
        1:   22-block  4
        1:   22-block  5
call   12 returned 1
branch 13 taken 1 (fallthrough)
branch 14 taken 0 (throw)
    $$$$$:   22-block  6
    $$$$$:   22-block  7
        -:   23:
       1*:   24:    ASSERT_DOUBLE_EQ(tiempoTotal(v),6.0);
call    0 returned 1
branch  1 taken 1 (fallthrough)
branch  2 taken 0 (throw)
        1:   24-block  0
call    3 returned 1
branch  4 taken 1 (fallthrough)
branch  5 taken 0 (throw)
        1:   24-block  1
call    6 returned 1
branch  7 taken 1 (fallthrough)
branch  8 taken 0 (throw)
        1:   24-block  2
call    9 returned 1
call   10 returned 1
branch 11 taken 0 (fallthrough)
branch 12 taken 1
    %%%%%:   24-block  3
call   13 never executed
branch 14 never executed (fallthrough)
branch 15 never executed (throw)
    %%%%%:   24-block  4
call   16 never executed
branch 17 never executed (fallthrough)
branch 18 never executed (throw)
    %%%%%:   24-block  5
call   19 never executed
branch 20 never executed (fallthrough)
branch 21 never executed (throw)
    %%%%%:   24-block  6
call   22 never executed
branch 23 never executed (fallthrough)
branch 24 never executed (throw)
    %%%%%:   24-block  7
call   25 never executed
call   26 never executed
        1:   24-block  8
        1:   24-block  9
call   27 returned 1
branch 28 taken 1 (fallthrough)
branch 29 taken 0
        1:   24-block 10
    $$$$$:   24-block 11
call   30 never executed
    $$$$$:   24-block 12
    $$$$$:   24-block 13
call   31 never executed
    $$$$$:   24-block 14
    $$$$$:   24-block 15
call   32 never executed
    $$$$$:   24-block 16
    $$$$$:   24-block 17
call   33 never executed
        1:   25:}
        1:   25-block  0
        1:   25-block  1
call    0 returned 1
branch  1 taken 1 (fallthrough)
branch  2 taken 0
    $$$$$:   25-block  2
call    3 never executed
------------------
_ZN35tiempoTotalTEST_viaje_ordenado_TestC1Ev:
function _ZN35tiempoTotalTEST_viaje_ordenado_TestC1Ev called 1 returned 100% blocks executed 100%
        1:   17:TEST(tiempoTotalTEST, viaje_ordenado){
        1:   17-block  0
call    0 returned 1
------------------
        -:   26:
        2:   27:TEST(tiempoTotalTEST, viaje_parado){
        1:   28:    viaje v = {medicion(1.0,puntoGps(0.0,0.1)),
        1:   29:               medicion(4.0,puntoGps(0.0,0.1))
        3:   30:    };
       1*:   31:    ASSERT_DOUBLE_EQ(tiempoTotal(v),3.0);
        1:   32:}
------------------
_ZN33tiempoTotalTEST_viaje_parado_Test8TestBodyEv:
function _ZN33tiempoTotalTEST_viaje_parado_Test8TestBodyEv called 1 returned 100% blocks executed 46%
        1:   27:TEST(tiempoTotalTEST, viaje_parado){
        1:   28:    viaje v = {medicion(1.0,puntoGps(0.0,0.1)),
        1:   28-block  0
call    0 returned 1
branch  1 taken 1 (fallthrough)
branch  2 taken 0 (throw)
    $$$$$:   28-block  1
        1:   29:               medicion(4.0,puntoGps(0.0,0.1))
        1:   29-block  0
call    0 returned 1
branch  1 taken 1 (fallthrough)
branch  2 taken 0 (throw)
    $$$$$:   29-block  1
        3:   30:    };
        1:   30-block  0
call    0 returned 1
branch  1 taken 1 (fallthrough)
branch  2 taken 0 (throw)
        1:   30-block  1
call    3 returned 1
branch  4 taken 1 (fallthrough)
branch  5 taken 0 (throw)
        1:   30-block  2
        1:   30-block  3
call    6 returned 1
branch  7 taken 1 (fallthrough)
branch  8 taken 0 (throw)
    $$$$$:   30-block  4
    $$$$$:   30-block  5
       1*:   31:    ASSERT_DOUBLE_EQ(tiempoTotal(v),3.0);
call    0 returned 1
branch  1 taken 1 (fallthrough)
branch  2 taken 0 (throw)
        1:   31-block  0
call    3 returned 1
branch  4 taken 1 (fallthrough)
branch  5 taken 0 (throw)
        1:   31-block  1
call    6 returned 1
branch  7 taken 1 (fallthrough)
branch  8 taken 0 (throw)
        1:   31-block  2
call    9 returned 1
call   10 returned 1
branch 11 taken 0 (fallthrough)
branch 12 taken 1
    %%%%%:   31-block  3
call   13 never executed
branch 14 never executed (fallthrough)
branch 15 never executed (throw)
    %%%%%:   31-block  4
call   16 never executed
branch 17 never executed (fallthrough)
branch 18 never executed (throw)
    %%%%%:   31-block  5
call   19 never executed
branch 20 never executed (fallthrough)
branch 21 never executed (throw)
    %%%%%:   31-block  6
call   22 never executed
branch 23 never executed (fallthrough)
branch 24 never executed (throw)
    %%%%%:   31-block  7
call   25 never executed
call   26 never executed
        1:   31-block  8
        1:   31-block  9
call   27 returned 1
branch 28 taken 1 (fallthrough)
branch 29 taken 0
        1:   31-block 10
    $$$$$:   31-block 11
call   30 never executed
    $$$$$:   31-block 12
    $$$$$:   31-block 13
call   31 never executed
    $$$$$:   31-block 14
    $$$$$:   31-block 15
call   32 never executed
    $$$$$:   31-block 16
    $$$$$:   31-block 17
call   33 never executed
        1:   32:}
        1:   32-block  0
        1:   32-block  1
call    0 returned 1
branch  1 taken 1 (fallthrough)
branch  2 taken 0
    $$$$$:   32-block  2
call    3 never executed
------------------
_ZN33tiempoTotalTEST_viaje_parado_TestC1Ev:
function _ZN33tiempoTotalTEST_viaje_parado_TestC1Ev called 1 returned 100% blocks executed 100%
        1:   27:TEST(tiempoTotalTEST, viaje_parado){
        1:   27-block  0
call    0 returned 1
------------------
        -:   33:
        2:   34:TEST(tiempoTotalTEST, viaje_ida_y_vuelta){
        1:   35:    viaje v = {medicion(1.0,puntoGps(0.0,0.0)),
        1:   36:               medicion(6.3,puntoGps(0.00004,0.00011)),
        1:   37:               medicion(7.0,puntoGps(0.0,0.0)),
        4:   38:    };
       1*:   39:    ASSERT_DOUBLE_EQ(tiempoTotal(v),6.0);
        1:   40:}
------------------
_ZN39tiempoTotalTEST_viaje_ida_y_vuelta_Test8TestBodyEv:
function _ZN39tiempoTotalTEST_viaje_ida_y_vuelta_Test8TestBodyEv called 1 returned 100% blocks executed 47%
        1:   34:TEST(tiempoTotalTEST, viaje_ida_y_vuelta){
        1:   35:    viaje v = {medicion(1.0,puntoGps(0.0,0.0)),
        1:   35-block  0
call    0 returned 1
branch  1 taken 1 (fallthrough)
branch  2 taken 0 (throw)
    $$$$$:   35-block  1
        1:   36:               medicion(6.3,puntoGps(0.00004,0.00011)),
        1:   36-block  0
call    0 returned 1
branch  1 taken 1 (fallthrough)
branch  2 taken 0 (throw)
    $$$$$:   36-block  1
        1:   37:               medicion(7.0,puntoGps(0.0,0.0)),
        1:   37-block  0
call    0 returned 1
branch  1 taken 1 (fallthrough)
branch  2 taken 0 (throw)
    $$$$$:   37-block  1
        4:   38:    };
        1:   38-block  0
call    0 returned 1
branch  1 taken 1 (fallthrough)
branch  2 taken 0 (throw)
        1:   38-block  1
call    3 returned 1
branch  4 taken 1 (fallthrough)
branch  5 taken 0 (throw)
        1:   38-block  2
call    6 returned 1
branch  7 taken 1 (fallthrough)
branch  8 taken 0 (throw)
        1:   38-block  3
        1:   38-block  4
call    9 returned 1
branch 10 taken 1 (fallthrough)
branch 11 taken 0 (throw)
    $$$$$:   38-block  5
    $$$$$:   38-block  6
       1*:   39:    ASSERT_DOUBLE_EQ(tiempoTotal(v),6.0);
call    0 returned 1
branch  1 taken 1 (fallthrough)
branch  2 taken 0 (throw)
        1:   39-block  0
call    3 returned 1
branch  4 taken 1 (fallthrough)
branch  5 taken 0 (throw)
        1:   39-block  1
call    6 returned 1
branch  7 taken 1 (fallthrough)
branch  8 taken 0 (throw)
        1:   39-block  2
call    9 returned 1
call   10 returned 1
branch 11 taken 0 (fallthrough)
branch 12 taken 1
    %%%%%:   39-block  3
call   13 never executed
branch 14 never executed (fallthrough)
branch 15 never executed (throw)
    %%%%%:   39-block  4
call   16 never executed
branch 17 never executed (fallthrough)
branch 18 never executed (throw)
    %%%%%:   39-block  5
call   19 never executed
branch 20 never executed (fallthrough)
branch 21 never executed (throw)
    %%%%%:   39-block  6
call   22 never executed
branch 23 never executed (fallthrough)
branch 24 never executed (throw)
    %%%%%:   39-block  7
call   25 never executed
call   26 never executed
        1:   39-block  8
        1:   39-block  9
call   27 returned 1
branch 28 taken 1 (fallthrough)
branch 29 taken 0
        1:   39-block 10
    $$$$$:   39-block 11
call   30 never executed
    $$$$$:   39-block 12
    $$$$$:   39-block 13
call   31 never executed
    $$$$$:   39-block 14
    $$$$$:   39-block 15
call   32 never executed
    $$$$$:   39-block 16
    $$$$$:   39-block 17
call   33 never executed
        1:   40:}
        1:   40-block  0
        1:   40-block  1
call    0 returned 1
branch  1 taken 1 (fallthrough)
branch  2 taken 0
    $$$$$:   40-block  2
call    3 never executed
------------------
_ZN39tiempoTotalTEST_viaje_ida_y_vuelta_TestC1Ev:
function _ZN39tiempoTotalTEST_viaje_ida_y_vuelta_TestC1Ev called 1 returned 100% blocks executed 100%
        1:   34:TEST(tiempoTotalTEST, viaje_ida_y_vuelta){
        1:   34-block  0
call    0 returned 1
------------------
